<?xml version="1.0" encoding="utf-8"?><testsuites name="pytest tests"><testsuite name="pytest" errors="0" failures="0" skipped="0" tests="4" time="0.530" timestamp="2026-05-16T17:33:09.595937+00:00" hostname="agent-env-f2aa99c3-f906-484a-b1ef-e2fc7b1dfb8b"><testcase classname="backend.tests.test_step04_api.TestMetaVersion" name="test_meta_returns_version_1_0_0" time="0.126" /><testcase classname="backend.tests.test_step05_transport_api.TestMetaVersion" name="test_meta_returns_version_1_0_0" time="0.103" /><testcase classname="backend.tests.test_step06_resources_messages_konflikte.TestMeta" name="test_meta_version_1_0_0" time="0.116" /><testcase classname="backend.tests.test_incidents_api.TestMetaEndpoint" name="test_meta_returns_version_1_0_0" time="0.119" /></testsuite></testsuites>