<?xml version="1.0" encoding="utf-8"?><testsuites name="pytest tests"><testsuite name="pytest" errors="0" failures="5" skipped="0" tests="144" time="24.744" timestamp="2026-04-19T13:02:48.538733+00:00" hostname="agent-env-f2aa99c3-f906-484a-b1ef-e2fc7b1dfb8b"><testcase classname="tests.test_incidents_api.TestMetaEndpoint" name="test_meta_returns_version_0_2_0" time="0.137"><failure message="AssertionError: Expected version 0.2.0, got 1.0.0&#10;assert '1.0.0' == '0.2.0'&#10;  &#10;  - 0.2.0&#10;  + 1.0.0">E   AssertionError: Expected version 0.2.0, got 1.0.0
    assert '1.0.0' == '0.2.0'
      
      - 0.2.0
      + 1.0.0</failure></testcase><testcase classname="tests.test_incidents_api.TestIncidentsListAndFilter" name="test_list_incidents_returns_array" time="0.050" /><testcase classname="tests.test_incidents_api.TestIncidentsListAndFilter" name="test_filter_by_status_operativ" time="0.064" /><testcase classname="tests.test_incidents_api.TestIncidentsListAndFilter" name="test_filter_by_demo_true" time="0.061" /><testcase classname="tests.test_incidents_api.TestDemoIncidentCreation" name="test_create_demo_incident" time="0.065" /><testcase classname="tests.test_incidents_api.TestIncidentCRUD" name="test_create_incident_with_valid_payload" time="0.122" /><testcase classname="tests.test_incidents_api.TestIncidentCRUD" name="test_create_incident_with_invalid_name_too_short" time="0.050" /><testcase classname="tests.test_incidents_api.TestIncidentCRUD" name="test_get_incident_by_id_existing" time="0.158" /><testcase classname="tests.test_incidents_api.TestIncidentCRUD" name="test_get_incident_by_id_not_found" time="0.048" /><testcase classname="tests.test_incidents_api.TestIncidentCRUD" name="test_patch_incident_status_abgeschlossen_sets_end_at" time="0.158" /><testcase classname="tests.test_incidents_api.TestIncidentCRUD" name="test_delete_incident_returns_204" time="0.169" /><testcase classname="tests.test_incidents_api.TestIncidentCRUD" name="test_delete_incident_not_found" time="0.048" /><testcase classname="tests.test_incidents_api.TestIncidentUpdate" name="test_update_incident_name" time="0.217" /><testcase classname="tests.test_patients_api.TestPatientCreation" name="test_create_patient_without_payload_defaults" time="0.222" /><testcase classname="tests.test_patients_api.TestPatientCreation" name="test_create_patient_with_sichtung_s1" time="0.125" /><testcase classname="tests.test_patients_api.TestPatientCreation" name="test_create_patient_with_sichtung_s2" time="0.125" /><testcase classname="tests.test_patients_api.TestPatientCreation" name="test_create_patient_with_sichtung_s3" time="0.127" /><testcase classname="tests.test_patients_api.TestPatientCreation" name="test_create_patient_with_sichtung_s4" time="0.039"><failure message="assert 422 == 201&#10; +  where 422 = &lt;Response [422]&gt;.status_code">E   assert 422 == 201
     +  where 422 = &lt;Response [422]&gt;.status_code</failure></testcase><testcase classname="tests.test_patients_api.TestPatientCreation" name="test_create_patient_invalid_sichtung_returns_422" time="0.081" /><testcase classname="tests.test_patients_api.TestPatientCreation" name="test_create_patient_invalid_incident_returns_404" time="0.081" /><testcase classname="tests.test_patients_api.TestPatientAutoKennung" name="test_auto_kennung_sequential" time="0.213" /><testcase classname="tests.test_patients_api.TestPatientList" name="test_list_patients_returns_array" time="0.042" /><testcase classname="tests.test_patients_api.TestPatientList" name="test_list_patients_filter_by_sichtung" time="0.421" /><testcase classname="tests.test_patients_api.TestPatientList" name="test_list_patients_filter_by_status" time="0.252" /><testcase classname="tests.test_patients_api.TestPatientList" name="test_list_patients_invalid_incident_returns_404" time="0.045" /><testcase classname="tests.test_patients_api.TestPatientUpdate" name="test_update_status_transportbereit_sets_timestamp" time="0.128" /><testcase classname="tests.test_patients_api.TestPatientUpdate" name="test_update_status_entlassen_sets_fallabschluss" time="0.207" /><testcase classname="tests.test_patients_api.TestPatientUpdate" name="test_update_status_uebergeben_sets_fallabschluss" time="0.182" /><testcase classname="tests.test_patients_api.TestPatientUpdate" name="test_update_sichtung_on_unsichtiert_patient_sets_timestamps" time="0.210" /><testcase classname="tests.test_patients_api.TestPatientUpdate" name="test_update_patient_not_found" time="0.079" /><testcase classname="tests.test_patients_api.TestPatientDelete" name="test_delete_patient_returns_204" time="0.203" /><testcase classname="tests.test_patients_api.TestPatientDelete" name="test_delete_patient_not_found" time="0.045" /><testcase classname="tests.test_patients_api.TestIncidentDeleteCascade" name="test_delete_incident_removes_patients" time="0.471" /><testcase classname="tests.test_patients_api.TestPatientGet" name="test_get_patient_by_id" time="0.172" /><testcase classname="tests.test_patients_api.TestPatientGet" name="test_get_patient_not_found" time="0.086" /><testcase classname="tests.test_step04_api.TestMetaVersion" name="test_meta_returns_version_040" time="0.095"><failure message="AssertionError: Expected version 0.4.0, got 1.0.0&#10;assert '1.0.0' == '0.4.0'&#10;  &#10;  - 0.4.0&#10;  + 1.0.0">E   AssertionError: Expected version 0.4.0, got 1.0.0
    assert '1.0.0' == '0.4.0'
      
      - 0.4.0
      + 1.0.0</failure></testcase><testcase classname="tests.test_step04_api.TestS4ToS0Migration" name="test_post_with_sichtung_s4_returns_422" time="0.093" /><testcase classname="tests.test_step04_api.TestS4ToS0Migration" name="test_post_with_sichtung_s0_succeeds" time="0.083" /><testcase classname="tests.test_step04_api.TestS4ToS0Migration" name="test_no_s4_patients_in_database" time="0.083" /><testcase classname="tests.test_step04_api.TestTransportTyp" name="test_patch_transport_typ_intern_sets_status_and_timestamp" time="0.167" /><testcase classname="tests.test_step04_api.TestTransportTyp" name="test_patch_transport_typ_extern_sets_status_and_timestamp" time="0.217" /><testcase classname="tests.test_step04_api.TestTransportTyp" name="test_get_patient_includes_transport_typ" time="0.213" /><testcase classname="tests.test_step04_api.TestFallabschlussTyp" name="test_patch_fallabschluss_rd_uebergabe" time="0.169" /><testcase classname="tests.test_step04_api.TestFallabschlussTyp" name="test_patch_fallabschluss_entlassung" time="0.166" /><testcase classname="tests.test_step04_api.TestFallabschlussTyp" name="test_patch_fallabschluss_manuell" time="0.207" /><testcase classname="tests.test_step04_api.TestFallabschlussTyp" name="test_get_patient_includes_fallabschluss_typ" time="0.298" /><testcase classname="tests.test_step04_api.TestFallabschlussTyp" name="test_fallabschluss_preserves_existing_verbleib" time="0.288" /><testcase classname="tests.test_step04_api.TestSmartStatusProgression" name="test_full_progression_flow_from_sichtung" time="0.304" /><testcase classname="tests.test_step04_api.TestSmartStatusProgression" name="test_sichtung_patch_sets_timestamps_but_not_status" time="0.126" /><testcase classname="tests.test_step04_api.TestAllSichtungLevels" name="test_create_patient_with_valid_sichtung[S0]" time="0.122" /><testcase classname="tests.test_step04_api.TestAllSichtungLevels" name="test_create_patient_with_valid_sichtung[S1]" time="0.129" /><testcase classname="tests.test_step04_api.TestAllSichtungLevels" name="test_create_patient_with_valid_sichtung[S2]" time="0.086" /><testcase classname="tests.test_step04_api.TestAllSichtungLevels" name="test_create_patient_with_valid_sichtung[S3]" time="0.168" /><testcase classname="tests.test_step05_transport_api.TestMetaVersion" name="test_meta_returns_version_050" time="0.150"><failure message="AssertionError: Expected version 0.5.0, got 1.0.0&#10;assert '1.0.0' == '0.5.0'&#10;  &#10;  - 0.5.0&#10;  + 1.0.0">E   AssertionError: Expected version 0.5.0, got 1.0.0
    assert '1.0.0' == '0.5.0'
      
      - 0.5.0
      + 1.0.0</failure></testcase><testcase classname="tests.test_step05_transport_api.TestTransportListEndpoint" name="test_list_transports_returns_array" time="0.105" /><testcase classname="tests.test_step05_transport_api.TestTransportListEndpoint" name="test_list_transports_nonexistent_incident_returns_404" time="0.050" /><testcase classname="tests.test_step05_transport_api.TestTransportCreate" name="test_create_transport_without_ressource_status_offen" time="0.104" /><testcase classname="tests.test_step05_transport_api.TestTransportCreate" name="test_create_transport_with_ressource_status_zugewiesen" time="0.096" /><testcase classname="tests.test_step05_transport_api.TestTransportCreate" name="test_create_transport_with_patient_copies_kennung_sichtung" time="0.213" /><testcase classname="tests.test_step05_transport_api.TestTransportUpdate" name="test_patch_ressource_sets_status_zugewiesen" time="0.155" /><testcase classname="tests.test_step05_transport_api.TestTransportUpdate" name="test_patch_ressource_empty_removes_assignment" time="0.148" /><testcase classname="tests.test_step05_transport_api.TestTransportUpdate" name="test_patch_status_unterwegs_sets_gestartet_at" time="0.163" /><testcase classname="tests.test_step05_transport_api.TestTransportUpdate" name="test_patch_status_abgeschlossen_sets_abgeschlossen_at" time="0.202" /><testcase classname="tests.test_step05_transport_api.TestTransportDelete" name="test_delete_transport_returns_204" time="0.152" /><testcase classname="tests.test_step05_transport_api.TestTransportDelete" name="test_delete_nonexistent_transport_returns_404" time="0.048" /><testcase classname="tests.test_step05_transport_api.TestAutoCreateTransport" name="test_patch_patient_transport_typ_intern_creates_transport" time="0.258" /><testcase classname="tests.test_step05_transport_api.TestAutoCreateTransport" name="test_patch_patient_transport_typ_extern_creates_transport" time="0.276" /><testcase classname="tests.test_step05_transport_api.TestAutoCompleteTransport" name="test_patch_patient_status_entlassen_completes_transports" time="0.347" /><testcase classname="tests.test_step05_transport_api.TestAutoCompleteTransport" name="test_patch_patient_status_uebergeben_completes_transports" time="0.352" /><testcase classname="tests.test_step05_transport_api.TestCascadeDelete" name="test_delete_incident_removes_transports" time="0.220" /><testcase classname="tests.test_step05_transport_api.TestTransportFiltering" name="test_filter_by_typ_intern" time="0.284" /><testcase classname="tests.test_step05_transport_api.TestTransportFiltering" name="test_filter_by_status_offen" time="0.299" /><testcase classname="tests.test_step06_resources_messages_konflikte.TestMeta" name="test_meta_version_060" time="0.100"><failure message="AssertionError: Expected version 0.6.0, got 1.0.0&#10;assert '1.0.0' == '0.6.0'&#10;  &#10;  - 0.6.0&#10;  + 1.0.0">E   AssertionError: Expected version 0.6.0, got 1.0.0
    assert '1.0.0' == '0.6.0'
      
      - 0.6.0
      + 1.0.0</failure></testcase><testcase classname="tests.test_step06_resources_messages_konflikte.TestResourcesLazySeed" name="test_get_resources_lazy_seeds_9_defaults" time="0.093" /><testcase classname="tests.test_step06_resources_messages_konflikte.TestResourcesLazySeed" name="test_get_resources_second_call_no_duplicate_seed" time="0.048" /><testcase classname="tests.test_step06_resources_messages_konflikte.TestResourcesCRUD" name="test_create_resource" time="0.086" /><testcase classname="tests.test_step06_resources_messages_konflikte.TestResourcesCRUD" name="test_update_resource_status_wartung" time="0.138" /><testcase classname="tests.test_step06_resources_messages_konflikte.TestResourcesCRUD" name="test_delete_resource" time="0.146" /><testcase classname="tests.test_step06_resources_messages_konflikte.TestResourcesCRUD" name="test_filter_resources_by_typ_intern" time="0.044" /><testcase classname="tests.test_step06_resources_messages_konflikte.TestResourceStatusSync" name="test_transport_with_ressource_sets_resource_im_einsatz" time="0.386" /><testcase classname="tests.test_step06_resources_messages_konflikte.TestResourceStatusSync" name="test_transport_abgeschlossen_frees_resource" time="0.473" /><testcase classname="tests.test_step06_resources_messages_konflikte.TestMessagesCRUD" name="test_get_messages_empty_initially" time="0.047" /><testcase classname="tests.test_step06_resources_messages_konflikte.TestMessagesCRUD" name="test_create_message_with_prioritaet_kategorie_von" time="0.044" /><testcase classname="tests.test_step06_resources_messages_konflikte.TestMessagesCRUD" name="test_create_message_normal_priority" time="0.050" /><testcase classname="tests.test_step06_resources_messages_konflikte.TestMessagesCRUD" name="test_ack_message_sets_quittiert_at_and_von" time="0.121" /><testcase classname="tests.test_step06_resources_messages_konflikte.TestMessagesCRUD" name="test_get_messages_open_only_filter" time="0.138" /><testcase classname="tests.test_step06_resources_messages_konflikte.TestMessagesCRUD" name="test_delete_message" time="0.135" /><testcase classname="tests.test_step06_resources_messages_konflikte.TestKonflikteAutoDetect" name="test_get_konflikte_returns_array" time="0.048" /><testcase classname="tests.test_step06_resources_messages_konflikte.TestKonflikteAutoDetect" name="test_kritische_unquittierte_meldung_creates_rot_konflikt" time="0.138" /><testcase classname="tests.test_step06_resources_messages_konflikte.TestKonflikteAutoDetect" name="test_transport_offen_ohne_ressource_over_10min_creates_gelb_konflikt" time="0.133" /><testcase classname="tests.test_step06_resources_messages_konflikte.TestKonflikteAutoDetect" name="test_konflikte_sorted_rot_before_gelb" time="0.056" /><testcase classname="tests.test_step06_resources_messages_konflikte.TestCascadeDelete" name="test_delete_incident_removes_resources_and_messages" time="0.240" /><testcase classname="tests.test_step06_resources_messages_konflikte.TestResourcesNotFoundErrors" name="test_get_resources_nonexistent_incident_404" time="0.049" /><testcase classname="tests.test_step06_resources_messages_konflikte.TestResourcesNotFoundErrors" name="test_patch_resource_nonexistent_404" time="0.048" /><testcase classname="tests.test_step06_resources_messages_konflikte.TestResourcesNotFoundErrors" name="test_delete_resource_nonexistent_404" time="0.044" /><testcase classname="tests.test_step06_resources_messages_konflikte.TestMessagesNotFoundErrors" name="test_get_messages_nonexistent_incident_404" time="0.054" /><testcase classname="tests.test_step06_resources_messages_konflikte.TestMessagesNotFoundErrors" name="test_ack_message_nonexistent_404" time="0.048" /><testcase classname="tests.test_step06_resources_messages_konflikte.TestMessagesNotFoundErrors" name="test_delete_message_nonexistent_404" time="0.063" /><testcase classname="tests.test_step06_resources_messages_konflikte.TestKonflikteNotFoundErrors" name="test_get_konflikte_nonexistent_incident_404" time="0.092" /><testcase classname="tests.test_step07_09_role_demo_abschluss.TestDemoIncident" name="test_demo_incident_created" time="0.157" /><testcase classname="tests.test_step07_09_role_demo_abschluss.TestDemoIncident" name="test_demo_has_7_patients" time="0.057" /><testcase classname="tests.test_step07_09_role_demo_abschluss.TestDemoIncident" name="test_demo_has_2_transports" time="0.052" /><testcase classname="tests.test_step07_09_role_demo_abschluss.TestDemoIncident" name="test_demo_has_resources" time="0.056" /><testcase classname="tests.test_step07_09_role_demo_abschluss.TestDemoIncident" name="test_demo_has_messages" time="0.072" /><testcase classname="tests.test_step07_09_role_demo_abschluss.TestAuswertung" name="test_auswertung_structure" time="0.058" /><testcase classname="tests.test_step07_09_role_demo_abschluss.TestAuswertung" name="test_auswertung_patient_counts" time="0.061" /><testcase classname="tests.test_step07_09_role_demo_abschluss.TestAuswertung" name="test_auswertung_transporte" time="0.057" /><testcase classname="tests.test_step07_09_role_demo_abschluss.TestAuswertung" name="test_auswertung_metadaten_has_einsatzdauer" time="0.055" /><testcase classname="tests.test_step07_09_role_demo_abschluss.TestAbschlussCheck" name="test_abschluss_check_structure" time="0.068" /><testcase classname="tests.test_step07_09_role_demo_abschluss.TestAbschlussCheck" name="test_fresh_demo_not_ready_for_abschluss" time="0.050" /><testcase classname="tests.test_step07_09_role_demo_abschluss.TestReport" name="test_report_has_14_kapitel" time="0.062" /><testcase classname="tests.test_step07_09_role_demo_abschluss.TestReport" name="test_report_kapitel_titel" time="0.059" /><testcase classname="tests.test_step07_09_role_demo_abschluss.TestReportVersions" name="test_create_version_and_freigabe_metadata" time="0.113" /><testcase classname="tests.test_step07_09_role_demo_abschluss.TestReportVersions" name="test_list_versions" time="0.057" /><testcase classname="tests.test_step07_09_role_demo_abschluss.TestReportVersions" name="test_create_second_version_increments" time="0.059" /><testcase classname="tests.test_step07_09_role_demo_abschluss.TestPatchMeta" name="test_patch_meta_besondere_and_nachbearbeitung" time="0.102" /><testcase classname="tests.test_step07_09_role_demo_abschluss.TestNotFound" name="test_auswertung_404" time="0.048" /><testcase classname="tests.test_step07_09_role_demo_abschluss.TestNotFound" name="test_report_404" time="0.053" /><testcase classname="tests.test_step07_09_role_demo_abschluss.TestNotFound" name="test_abschluss_check_404" time="0.048" /><testcase classname="tests.test_step07_09_role_demo_abschluss.TestNotFound" name="test_patch_meta_404" time="0.103" /><testcase classname="tests.test_step10_12_abschnitte_betten.TestDemoSeed" name="test_demo_has_two_abschnitte" time="0.271" /><testcase classname="tests.test_step10_12_abschnitte_betten.TestDemoSeed" name="test_demo_resources_assigned_to_abschnitte" time="0.133" /><testcase classname="tests.test_step10_12_abschnitte_betten.TestDemoSeed" name="test_demo_has_six_betten_four_belegt" time="0.130" /><testcase classname="tests.test_step10_12_abschnitte_betten.TestAbschnittCRUD" name="test_create_get_update_list" time="0.548" /><testcase classname="tests.test_step10_12_abschnitte_betten.TestAbschnittCRUD" name="test_delete_active_incident_returns_409" time="0.209" /><testcase classname="tests.test_step10_12_abschnitte_betten.TestAbschnittCRUD" name="test_delete_after_incident_abgeschlossen" time="0.522" /><testcase classname="tests.test_step10_12_abschnitte_betten.TestBettCRUD" name="test_crud_and_bulk" time="0.424" /><testcase classname="tests.test_step10_12_abschnitte_betten.TestBettCRUD" name="test_assign_release_flow" time="0.758" /><testcase classname="tests.test_step10_12_abschnitte_betten.TestBettCRUD" name="test_gesperrt_cannot_be_assigned" time="0.360" /><testcase classname="tests.test_step10_12_abschnitte_betten.TestBettCRUD" name="test_patient_fallabschluss_releases_bett" time="0.551" /><testcase classname="tests.test_step10_12_abschnitte_betten.TestIntegrationSchritt12" name="test_auswertung_block_g_and_betten" time="0.123" /><testcase classname="tests.test_step10_12_abschnitte_betten.TestIntegrationSchritt12" name="test_abschluss_check_has_active_patient_blocker" time="0.108" /><testcase classname="tests.test_step10_12_abschnitte_betten.TestIntegrationSchritt12" name="test_abschluss_check_aktive_ohne_bett_blocker" time="0.214" /><testcase classname="tests.test_step10_12_abschnitte_betten.TestIntegrationSchritt12" name="test_report_chapters_include_abschnitte_betten" time="0.112" /><testcase classname="tests.test_step10_12_abschnitte_betten.TestRegression" name="test_demo_patients_transports_exist" time="0.438" /><testcase classname="tests.test_step13_funktagebuch" name="test_create_message_with_new_fields" time="0.233" /><testcase classname="tests.test_step13_funktagebuch" name="test_list_messages_filters" time="0.771" /><testcase classname="tests.test_step13_funktagebuch" name="test_confirm_message" time="0.220" /><testcase classname="tests.test_step13_funktagebuch" name="test_finalize_and_lock" time="0.467" /><testcase classname="tests.test_step13_funktagebuch" name="test_patient_creation_creates_system_entry" time="0.451" /><testcase classname="tests.test_step13_funktagebuch" name="test_patient_fallabschluss_logs_system_entry" time="0.315" /><testcase classname="tests.test_step13_funktagebuch" name="test_transport_status_change_logs_system_entry" time="0.413" /><testcase classname="tests.test_step13_funktagebuch" name="test_demo_seed_has_four_initial_funk_entries" time="0.281" /><testcase classname="tests.test_step13_funktagebuch" name="test_resource_crud" time="0.500" /></testsuite></testsuites>