<?xml version="1.0" encoding="utf-8"?><testsuites name="pytest tests"><testsuite name="pytest" errors="0" failures="0" skipped="0" tests="36" time="75.187" timestamp="2026-05-16T16:41:49.753287+00:00" hostname="agent-env-f2aa99c3-f906-484a-b1ef-e2fc7b1dfb8b"><testcase classname="backend.tests.test_fms_ack_with_name.TestAcknowledgeWithName" name="test_ack_with_role_and_name_persists_acknowledged_by_name" time="1.097" /><testcase classname="backend.tests.test_fms_ack_with_name.TestAcknowledgeWithName" name="test_ack_without_name_backward_compat_returns_null" time="0.948" /><testcase classname="backend.tests.test_fms_ack_with_name.TestAcknowledgeWithName" name="test_ack_with_whitespace_only_name_is_normalized_to_null" time="0.835" /><testcase classname="backend.tests.test_fms_ack_with_name.TestAcknowledgeWithName" name="test_ack_with_name_too_long_returns_422" time="0.824" /><testcase classname="backend.tests.test_fms_ack_with_name.TestAcknowledgeWithName" name="test_ack_with_name_exactly_120_chars_ok" time="0.850" /><testcase classname="backend.tests.test_fms_ack_with_name.TestAcknowledgeWithName" name="test_ack_with_helfer_role_still_403_even_with_name" time="1.023" /><testcase classname="backend.tests.test_fms_acknowledge.TestAcknowledgeEndpoint" name="test_listing_contains_new_alert_fields" time="0.833" /><testcase classname="backend.tests.test_fms_acknowledge.TestAcknowledgeEndpoint" name="test_acknowledge_with_einsatzleiter_returns_200" time="1.055" /><testcase classname="backend.tests.test_fms_acknowledge.TestAcknowledgeEndpoint" name="test_acknowledge_with_fuehrungsassistenz_returns_200" time="0.818" /><testcase classname="backend.tests.test_fms_acknowledge.TestAcknowledgeEndpoint" name="test_acknowledge_with_helfer_returns_403" time="0.853" /><testcase classname="backend.tests.test_fms_acknowledge.TestAcknowledgeEndpoint" name="test_double_acknowledge_returns_409" time="20.948" /><testcase classname="backend.tests.test_fms_acknowledge.TestAcknowledgeEndpoint" name="test_acknowledge_non_alert_event_returns_409" time="20.749" /><testcase classname="backend.tests.test_fms_acknowledge.TestAcknowledgeEndpoint" name="test_acknowledge_unknown_event_returns_404" time="10.324" /><testcase classname="backend.tests.test_fms_revert.TestRevertViaAcknowledgeEndpoint" name="test_from_fms_4_with_divera_id_sets_revert_and_resource" time="0.779" /><testcase classname="backend.tests.test_fms_revert.TestRevertViaAcknowledgeEndpoint" name="test_from_fms_null_no_revert_target" time="0.225" /><testcase classname="backend.tests.test_fms_revert.TestRevertViaAcknowledgeEndpoint" name="test_from_fms_alert_code_no_revert" time="0.224" /><testcase classname="backend.tests.test_fms_revert.TestRevertViaAcknowledgeEndpoint" name="test_from_fms_4_without_divera_id_local_revert_only" time="0.231" /><testcase classname="backend.tests.test_fms_revert.TestRevertViaAcknowledgeEndpoint" name="test_from_fms_2_verfuegbar_revert_to_status_verfuegbar" time="0.220" /><testcase classname="backend.tests.test_fms_revert.TestRevertViaAcknowledgeEndpoint" name="test_ack_unknown_event_returns_404" time="0.104" /><testcase classname="backend.tests.test_fms_revert.TestRevertViaAcknowledgeEndpoint" name="test_ack_helfer_returns_403" time="0.246" /><testcase classname="backend.tests.test_fms_revert.TestRevertViaAcknowledgeEndpoint" name="test_double_ack_returns_409" time="0.363" /><testcase classname="backend.tests.test_fms_revert.TestRevertViaAcknowledgeEndpoint" name="test_non_alert_event_returns_409" time="0.227" /><testcase classname="backend.tests.test_fms_revert.TestFmsEventsListExposesRevertFields" name="test_listing_after_ack_contains_revert_fields" time="0.376" /><testcase classname="backend.tests.test_fms_revert.TestSseFmsRevertedEvent" name="test_sse_resource_fms_reverted_after_ack" time="6.918" /><testcase classname="backend.tests.test_fms_revert.TestSetVehicleStatusUnit" name="test_set_vehicle_status_calls_fms_endpoint" time="0.013" /><testcase classname="backend.tests.test_fms_revert.TestSetVehicleStatusUnit" name="test_set_vehicle_status_raises_on_success_false" time="0.000" /><testcase classname="backend.tests.test_fms_revert.TestSetVehicleStatusUnit" name="test_set_vehicle_status_missing_divera_id_raises" time="0.158" /><testcase classname="backend.tests.test_step13_funktagebuch" name="test_create_message_with_new_fields" time="0.217" /><testcase classname="backend.tests.test_step13_funktagebuch" name="test_list_messages_filters" time="0.800" /><testcase classname="backend.tests.test_step13_funktagebuch" name="test_confirm_message" time="0.239" /><testcase classname="backend.tests.test_step13_funktagebuch" name="test_finalize_and_lock" time="0.460" /><testcase classname="backend.tests.test_step13_funktagebuch" name="test_patient_creation_creates_system_entry" time="0.506" /><testcase classname="backend.tests.test_step13_funktagebuch" name="test_patient_fallabschluss_logs_system_entry" time="0.351" /><testcase classname="backend.tests.test_step13_funktagebuch" name="test_transport_status_change_logs_system_entry" time="0.467" /><testcase classname="backend.tests.test_step13_funktagebuch" name="test_demo_seed_has_four_initial_funk_entries" time="0.225" /><testcase classname="backend.tests.test_step13_funktagebuch" name="test_resource_crud" time="0.480" /></testsuite></testsuites>