<?xml version="1.0" encoding="utf-8"?><testsuites name="pytest tests"><testsuite name="pytest" errors="0" failures="0" skipped="0" tests="9" time="3.690" timestamp="2026-04-19T12:30:40.985951+00:00" hostname="agent-env-f2aa99c3-f906-484a-b1ef-e2fc7b1dfb8b"><testcase classname="tests.test_step13_funktagebuch" name="test_create_message_with_new_fields" time="0.299" /><testcase classname="tests.test_step13_funktagebuch" name="test_list_messages_filters" time="0.748" /><testcase classname="tests.test_step13_funktagebuch" name="test_confirm_message" time="0.222" /><testcase classname="tests.test_step13_funktagebuch" name="test_finalize_and_lock" time="0.414" /><testcase classname="tests.test_step13_funktagebuch" name="test_patient_creation_creates_system_entry" time="0.415" /><testcase classname="tests.test_step13_funktagebuch" name="test_patient_fallabschluss_logs_system_entry" time="0.308" /><testcase classname="tests.test_step13_funktagebuch" name="test_transport_status_change_logs_system_entry" time="0.513" /><testcase classname="tests.test_step13_funktagebuch" name="test_demo_seed_has_four_initial_funk_entries" time="0.219" /><testcase classname="tests.test_step13_funktagebuch" name="test_resource_crud" time="0.467" /></testsuite></testsuites>