<?xml version="1.0" encoding="utf-8"?><testsuites name="pytest tests"><testsuite name="pytest" errors="0" failures="0" skipped="0" tests="4" time="2.994" timestamp="2026-05-16T17:32:43.796861+00:00" hostname="agent-env-f2aa99c3-f906-484a-b1ef-e2fc7b1dfb8b"><testcase classname="backend.tests.test_abschnitt_delete_rule.TestAbschnittDeleteRule" name="test_delete_empty_active_incident_returns_204" time="0.655" /><testcase classname="backend.tests.test_abschnitt_delete_rule.TestAbschnittDeleteRule" name="test_delete_with_only_free_and_sperr_betten_unlinks_and_204" time="1.091" /><testcase classname="backend.tests.test_abschnitt_delete_rule.TestAbschnittDeleteRule" name="test_delete_with_belegtes_bett_returns_409" time="1.077" /><testcase classname="backend.tests.test_abschnitt_delete_rule.TestAbschnittDeleteRule" name="test_delete_unknown_returns_404" time="0.112" /></testsuite></testsuites>