<?xml version="1.0" encoding="utf-8"?><testsuites name="pytest tests"><testsuite name="pytest" errors="0" failures="1" skipped="0" tests="3" time="1.520" timestamp="2026-05-16T17:32:53.350685+00:00" hostname="agent-env-f2aa99c3-f906-484a-b1ef-e2fc7b1dfb8b"><testcase classname="backend.tests.test_step10_12_abschnitte_betten.TestAbschnittCRUD" name="test_create_get_update_list" time="0.569" /><testcase classname="backend.tests.test_step10_12_abschnitte_betten.TestAbschnittCRUD" name="test_delete_active_incident_returns_409" time="0.206"><failure message="AssertionError: expected 409, got 204: &#10;assert 204 == 409&#10; +  where 204 = &lt;Response [204]&gt;.status_code">backend/tests/test_step10_12_abschnitte_betten.py:155: in test_delete_active_incident_returns_409
    assert d.status_code == 409, f"expected 409, got {d.status_code}: {d.text}"
E   AssertionError: expected 409, got 204: 
E   assert 204 == 409
E    +  where 204 = &lt;Response [204]&gt;.status_code</failure></testcase><testcase classname="backend.tests.test_step10_12_abschnitte_betten.TestAbschnittCRUD" name="test_delete_after_incident_abgeschlossen" time="0.667" /></testsuite></testsuites>