<?xml version="1.0" encoding="utf-8"?><testsuites name="pytest tests"><testsuite name="pytest" errors="0" failures="5" skipped="0" tests="144" time="23.621" timestamp="2026-04-19T12:30:48.383393+00:00" hostname="agent-env-f2aa99c3-f906-484a-b1ef-e2fc7b1dfb8b"><testcase classname="tests.test_incidents_api.TestMetaEndpoint" name="test_meta_returns_version_0_2_0" time="0.117"><failure message="AssertionError: Expected version 0.2.0, got 1.0.0&#10;assert '1.0.0' == '0.2.0'&#10;  &#10;  - 0.2.0&#10;  + 1.0.0">E   AssertionError: Expected version 0.2.0, got 1.0.0
    assert '1.0.0' == '0.2.0'
      
      - 0.2.0
      + 1.0.0</failure></testcase><testcase classname="tests.test_incidents_api.TestIncidentsListAndFilter" name="test_list_incidents_returns_array" time="0.047" /><testcase classname="tests.test_incidents_api.TestIncidentsListAndFilter" name="test_filter_by_status_operativ" time="0.050" /><testcase classname="tests.test_incidents_api.TestIncidentsListAndFilter" name="test_filter_by_demo_true" time="0.046" /><testcase classname="tests.test_incidents_api.TestDemoIncidentCreation" name="test_create_demo_incident" time="0.061" /><testcase classname="tests.test_incidents_api.TestIncidentCRUD" name="test_create_incident_with_valid_payload" time="0.095" /><testcase classname="tests.test_incidents_api.TestIncidentCRUD" name="test_create_incident_with_invalid_name_too_short" time="0.044" /><testcase classname="tests.test_incidents_api.TestIncidentCRUD" name="test_get_incident_by_id_existing" time="0.138" /><testcase classname="tests.test_incidents_api.TestIncidentCRUD" name="test_get_incident_by_id_not_found" time="0.047" /><testcase classname="tests.test_incidents_api.TestIncidentCRUD" name="test_patch_incident_status_abgeschlossen_sets_end_at" time="0.138" /><testcase classname="tests.test_incidents_api.TestIncidentCRUD" name="test_delete_incident_returns_204" time="0.140" /><testcase classname="tests.test_incidents_api.TestIncidentCRUD" name="test_delete_incident_not_found" time="0.044" /><testcase classname="tests.test_incidents_api.TestIncidentUpdate" name="test_update_incident_name" time="0.188" /><testcase classname="tests.test_patients_api.TestPatientCreation" name="test_create_patient_without_payload_defaults" time="0.214" /><testcase classname="tests.test_patients_api.TestPatientCreation" name="test_create_patient_with_sichtung_s1" time="0.119" /><testcase classname="tests.test_patients_api.TestPatientCreation" name="test_create_patient_with_sichtung_s2" time="0.103" /><testcase classname="tests.test_patients_api.TestPatientCreation" name="test_create_patient_with_sichtung_s3" time="0.126" /><testcase classname="tests.test_patients_api.TestPatientCreation" name="test_create_patient_with_sichtung_s4" time="0.049"><failure message="assert 422 == 201&#10; +  where 422 = &lt;Response [422]&gt;.status_code">E   assert 422 == 201
     +  where 422 = &lt;Response [422]&gt;.status_code</failure></testcase><testcase classname="tests.test_patients_api.TestPatientCreation" name="test_create_patient_invalid_sichtung_returns_422" time="0.047" /><testcase classname="tests.test_patients_api.TestPatientCreation" name="test_create_patient_invalid_incident_returns_404" time="0.066" /><testcase classname="tests.test_patients_api.TestPatientAutoKennung" name="test_auto_kennung_sequential" time="0.198" /><testcase classname="tests.test_patients_api.TestPatientList" name="test_list_patients_returns_array" time="0.048" /><testcase classname="tests.test_patients_api.TestPatientList" name="test_list_patients_filter_by_sichtung" time="0.352" /><testcase classname="tests.test_patients_api.TestPatientList" name="test_list_patients_filter_by_status" time="0.248" /><testcase classname="tests.test_patients_api.TestPatientList" name="test_list_patients_invalid_incident_returns_404" time="0.051" /><testcase classname="tests.test_patients_api.TestPatientUpdate" name="test_update_status_transportbereit_sets_timestamp" time="0.148" /><testcase classname="tests.test_patients_api.TestPatientUpdate" name="test_update_status_entlassen_sets_fallabschluss" time="0.146" /><testcase classname="tests.test_patients_api.TestPatientUpdate" name="test_update_status_uebergeben_sets_fallabschluss" time="0.156" /><testcase classname="tests.test_patients_api.TestPatientUpdate" name="test_update_sichtung_on_unsichtiert_patient_sets_timestamps" time="0.145" /><testcase classname="tests.test_patients_api.TestPatientUpdate" name="test_update_patient_not_found" time="0.071" /><testcase classname="tests.test_patients_api.TestPatientDelete" name="test_delete_patient_returns_204" time="0.148" /><testcase classname="tests.test_patients_api.TestPatientDelete" name="test_delete_patient_not_found" time="0.050" /><testcase classname="tests.test_patients_api.TestIncidentDeleteCascade" name="test_delete_incident_removes_patients" time="0.435" /><testcase classname="tests.test_patients_api.TestPatientGet" name="test_get_patient_by_id" time="0.157" /><testcase classname="tests.test_patients_api.TestPatientGet" name="test_get_patient_not_found" time="0.109" /><testcase classname="tests.test_step04_api.TestMetaVersion" name="test_meta_returns_version_040" time="0.098"><failure message="AssertionError: Expected version 0.4.0, got 1.0.0&#10;assert '1.0.0' == '0.4.0'&#10;  &#10;  - 0.4.0&#10;  + 1.0.0">E   AssertionError: Expected version 0.4.0, got 1.0.0
    assert '1.0.0' == '0.4.0'
      
      - 0.4.0
      + 1.0.0</failure></testcase><testcase classname="tests.test_step04_api.TestS4ToS0Migration" name="test_post_with_sichtung_s4_returns_422" time="0.102" /><testcase classname="tests.test_step04_api.TestS4ToS0Migration" name="test_post_with_sichtung_s0_succeeds" time="0.091" /><testcase classname="tests.test_step04_api.TestS4ToS0Migration" name="test_no_s4_patients_in_database" time="0.049" /><testcase classname="tests.test_step04_api.TestTransportTyp" name="test_patch_transport_typ_intern_sets_status_and_timestamp" time="0.133" /><testcase classname="tests.test_step04_api.TestTransportTyp" name="test_patch_transport_typ_extern_sets_status_and_timestamp" time="0.137" /><testcase classname="tests.test_step04_api.TestTransportTyp" name="test_get_patient_includes_transport_typ" time="0.188" /><testcase classname="tests.test_step04_api.TestFallabschlussTyp" name="test_patch_fallabschluss_rd_uebergabe" time="0.177" /><testcase classname="tests.test_step04_api.TestFallabschlussTyp" name="test_patch_fallabschluss_entlassung" time="0.140" /><testcase classname="tests.test_step04_api.TestFallabschlussTyp" name="test_patch_fallabschluss_manuell" time="0.137" /><testcase classname="tests.test_step04_api.TestFallabschlussTyp" name="test_get_patient_includes_fallabschluss_typ" time="0.223" /><testcase classname="tests.test_step04_api.TestFallabschlussTyp" name="test_fallabschluss_preserves_existing_verbleib" time="0.190" /><testcase classname="tests.test_step04_api.TestSmartStatusProgression" name="test_full_progression_flow_from_sichtung" time="0.188" /><testcase classname="tests.test_step04_api.TestSmartStatusProgression" name="test_sichtung_patch_sets_timestamps_but_not_status" time="0.147" /><testcase classname="tests.test_step04_api.TestAllSichtungLevels" name="test_create_patient_with_valid_sichtung[S0]" time="0.095" /><testcase classname="tests.test_step04_api.TestAllSichtungLevels" name="test_create_patient_with_valid_sichtung[S1]" time="0.090" /><testcase classname="tests.test_step04_api.TestAllSichtungLevels" name="test_create_patient_with_valid_sichtung[S2]" time="0.089" /><testcase classname="tests.test_step04_api.TestAllSichtungLevels" name="test_create_patient_with_valid_sichtung[S3]" time="0.138" /><testcase classname="tests.test_step05_transport_api.TestMetaVersion" name="test_meta_returns_version_050" time="0.116"><failure message="AssertionError: Expected version 0.5.0, got 1.0.0&#10;assert '1.0.0' == '0.5.0'&#10;  &#10;  - 0.5.0&#10;  + 1.0.0">E   AssertionError: Expected version 0.5.0, got 1.0.0
    assert '1.0.0' == '0.5.0'
      
      - 0.5.0
      + 1.0.0</failure></testcase><testcase classname="tests.test_step05_transport_api.TestTransportListEndpoint" name="test_list_transports_returns_array" time="0.110" /><testcase classname="tests.test_step05_transport_api.TestTransportListEndpoint" name="test_list_transports_nonexistent_incident_returns_404" time="0.052" /><testcase classname="tests.test_step05_transport_api.TestTransportCreate" name="test_create_transport_without_ressource_status_offen" time="0.100" /><testcase classname="tests.test_step05_transport_api.TestTransportCreate" name="test_create_transport_with_ressource_status_zugewiesen" time="0.114" /><testcase classname="tests.test_step05_transport_api.TestTransportCreate" name="test_create_transport_with_patient_copies_kennung_sichtung" time="0.188" /><testcase classname="tests.test_step05_transport_api.TestTransportUpdate" name="test_patch_ressource_sets_status_zugewiesen" time="0.149" /><testcase classname="tests.test_step05_transport_api.TestTransportUpdate" name="test_patch_ressource_empty_removes_assignment" time="0.157" /><testcase classname="tests.test_step05_transport_api.TestTransportUpdate" name="test_patch_status_unterwegs_sets_gestartet_at" time="0.156" /><testcase classname="tests.test_step05_transport_api.TestTransportUpdate" name="test_patch_status_abgeschlossen_sets_abgeschlossen_at" time="0.223" /><testcase classname="tests.test_step05_transport_api.TestTransportDelete" name="test_delete_transport_returns_204" time="0.152" /><testcase classname="tests.test_step05_transport_api.TestTransportDelete" name="test_delete_nonexistent_transport_returns_404" time="0.047" /><testcase classname="tests.test_step05_transport_api.TestAutoCreateTransport" name="test_patch_patient_transport_typ_intern_creates_transport" time="0.248" /><testcase classname="tests.test_step05_transport_api.TestAutoCreateTransport" name="test_patch_patient_transport_typ_extern_creates_transport" time="0.249" /><testcase classname="tests.test_step05_transport_api.TestAutoCompleteTransport" name="test_patch_patient_status_entlassen_completes_transports" time="0.356" /><testcase classname="tests.test_step05_transport_api.TestAutoCompleteTransport" name="test_patch_patient_status_uebergeben_completes_transports" time="0.355" /><testcase classname="tests.test_step05_transport_api.TestCascadeDelete" name="test_delete_incident_removes_transports" time="0.213" /><testcase classname="tests.test_step05_transport_api.TestTransportFiltering" name="test_filter_by_typ_intern" time="0.250" /><testcase classname="tests.test_step05_transport_api.TestTransportFiltering" name="test_filter_by_status_offen" time="0.326" /><testcase classname="tests.test_step06_resources_messages_konflikte.TestMeta" name="test_meta_version_060" time="0.097"><failure message="AssertionError: Expected version 0.6.0, got 1.0.0&#10;assert '1.0.0' == '0.6.0'&#10;  &#10;  - 0.6.0&#10;  + 1.0.0">E   AssertionError: Expected version 0.6.0, got 1.0.0
    assert '1.0.0' == '0.6.0'
      
      - 0.6.0
      + 1.0.0</failure></testcase><testcase classname="tests.test_step06_resources_messages_konflikte.TestResourcesLazySeed" name="test_get_resources_lazy_seeds_9_defaults" time="0.087" /><testcase classname="tests.test_step06_resources_messages_konflikte.TestResourcesLazySeed" name="test_get_resources_second_call_no_duplicate_seed" time="0.049" /><testcase classname="tests.test_step06_resources_messages_konflikte.TestResourcesCRUD" name="test_create_resource" time="0.113" /><testcase classname="tests.test_step06_resources_messages_konflikte.TestResourcesCRUD" name="test_update_resource_status_wartung" time="0.170" /><testcase classname="tests.test_step06_resources_messages_konflikte.TestResourcesCRUD" name="test_delete_resource" time="0.189" /><testcase classname="tests.test_step06_resources_messages_konflikte.TestResourcesCRUD" name="test_filter_resources_by_typ_intern" time="0.045" /><testcase classname="tests.test_step06_resources_messages_konflikte.TestResourceStatusSync" name="test_transport_with_ressource_sets_resource_im_einsatz" time="0.460" /><testcase classname="tests.test_step06_resources_messages_konflikte.TestResourceStatusSync" name="test_transport_abgeschlossen_frees_resource" time="0.577" /><testcase classname="tests.test_step06_resources_messages_konflikte.TestMessagesCRUD" name="test_get_messages_empty_initially" time="0.050" /><testcase classname="tests.test_step06_resources_messages_konflikte.TestMessagesCRUD" name="test_create_message_with_prioritaet_kategorie_von" time="0.053" /><testcase classname="tests.test_step06_resources_messages_konflikte.TestMessagesCRUD" name="test_create_message_normal_priority" time="0.044" /><testcase classname="tests.test_step06_resources_messages_konflikte.TestMessagesCRUD" name="test_ack_message_sets_quittiert_at_and_von" time="0.089" /><testcase classname="tests.test_step06_resources_messages_konflikte.TestMessagesCRUD" name="test_get_messages_open_only_filter" time="0.132" /><testcase classname="tests.test_step06_resources_messages_konflikte.TestMessagesCRUD" name="test_delete_message" time="0.144" /><testcase classname="tests.test_step06_resources_messages_konflikte.TestKonflikteAutoDetect" name="test_get_konflikte_returns_array" time="0.046" /><testcase classname="tests.test_step06_resources_messages_konflikte.TestKonflikteAutoDetect" name="test_kritische_unquittierte_meldung_creates_rot_konflikt" time="0.177" /><testcase classname="tests.test_step06_resources_messages_konflikte.TestKonflikteAutoDetect" name="test_transport_offen_ohne_ressource_over_10min_creates_gelb_konflikt" time="0.171" /><testcase classname="tests.test_step06_resources_messages_konflikte.TestKonflikteAutoDetect" name="test_konflikte_sorted_rot_before_gelb" time="0.052" /><testcase classname="tests.test_step06_resources_messages_konflikte.TestCascadeDelete" name="test_delete_incident_removes_resources_and_messages" time="0.307" /><testcase classname="tests.test_step06_resources_messages_konflikte.TestResourcesNotFoundErrors" name="test_get_resources_nonexistent_incident_404" time="0.043" /><testcase classname="tests.test_step06_resources_messages_konflikte.TestResourcesNotFoundErrors" name="test_patch_resource_nonexistent_404" time="0.043" /><testcase classname="tests.test_step06_resources_messages_konflikte.TestResourcesNotFoundErrors" name="test_delete_resource_nonexistent_404" time="0.083" /><testcase classname="tests.test_step06_resources_messages_konflikte.TestMessagesNotFoundErrors" name="test_get_messages_nonexistent_incident_404" time="0.042" /><testcase classname="tests.test_step06_resources_messages_konflikte.TestMessagesNotFoundErrors" name="test_ack_message_nonexistent_404" time="0.046" /><testcase classname="tests.test_step06_resources_messages_konflikte.TestMessagesNotFoundErrors" name="test_delete_message_nonexistent_404" time="0.047" /><testcase classname="tests.test_step06_resources_messages_konflikte.TestKonflikteNotFoundErrors" name="test_get_konflikte_nonexistent_incident_404" time="0.090" /><testcase classname="tests.test_step07_09_role_demo_abschluss.TestDemoIncident" name="test_demo_incident_created" time="0.129" /><testcase classname="tests.test_step07_09_role_demo_abschluss.TestDemoIncident" name="test_demo_has_7_patients" time="0.045" /><testcase classname="tests.test_step07_09_role_demo_abschluss.TestDemoIncident" name="test_demo_has_2_transports" time="0.083" /><testcase classname="tests.test_step07_09_role_demo_abschluss.TestDemoIncident" name="test_demo_has_resources" time="0.047" /><testcase classname="tests.test_step07_09_role_demo_abschluss.TestDemoIncident" name="test_demo_has_messages" time="0.044" /><testcase classname="tests.test_step07_09_role_demo_abschluss.TestAuswertung" name="test_auswertung_structure" time="0.048" /><testcase classname="tests.test_step07_09_role_demo_abschluss.TestAuswertung" name="test_auswertung_patient_counts" time="0.046" /><testcase classname="tests.test_step07_09_role_demo_abschluss.TestAuswertung" name="test_auswertung_transporte" time="0.048" /><testcase classname="tests.test_step07_09_role_demo_abschluss.TestAuswertung" name="test_auswertung_metadaten_has_einsatzdauer" time="0.046" /><testcase classname="tests.test_step07_09_role_demo_abschluss.TestAbschlussCheck" name="test_abschluss_check_structure" time="0.085" /><testcase classname="tests.test_step07_09_role_demo_abschluss.TestAbschlussCheck" name="test_fresh_demo_not_ready_for_abschluss" time="0.085" /><testcase classname="tests.test_step07_09_role_demo_abschluss.TestReport" name="test_report_has_14_kapitel" time="0.049" /><testcase classname="tests.test_step07_09_role_demo_abschluss.TestReport" name="test_report_kapitel_titel" time="0.058" /><testcase classname="tests.test_step07_09_role_demo_abschluss.TestReportVersions" name="test_create_version_and_freigabe_metadata" time="0.104" /><testcase classname="tests.test_step07_09_role_demo_abschluss.TestReportVersions" name="test_list_versions" time="0.072" /><testcase classname="tests.test_step07_09_role_demo_abschluss.TestReportVersions" name="test_create_second_version_increments" time="0.054" /><testcase classname="tests.test_step07_09_role_demo_abschluss.TestPatchMeta" name="test_patch_meta_besondere_and_nachbearbeitung" time="0.126" /><testcase classname="tests.test_step07_09_role_demo_abschluss.TestNotFound" name="test_auswertung_404" time="0.043" /><testcase classname="tests.test_step07_09_role_demo_abschluss.TestNotFound" name="test_report_404" time="0.046" /><testcase classname="tests.test_step07_09_role_demo_abschluss.TestNotFound" name="test_abschluss_check_404" time="0.043" /><testcase classname="tests.test_step07_09_role_demo_abschluss.TestNotFound" name="test_patch_meta_404" time="0.090" /><testcase classname="tests.test_step10_12_abschnitte_betten.TestDemoSeed" name="test_demo_has_two_abschnitte" time="0.248" /><testcase classname="tests.test_step10_12_abschnitte_betten.TestDemoSeed" name="test_demo_resources_assigned_to_abschnitte" time="0.120" /><testcase classname="tests.test_step10_12_abschnitte_betten.TestDemoSeed" name="test_demo_has_six_betten_four_belegt" time="0.127" /><testcase classname="tests.test_step10_12_abschnitte_betten.TestAbschnittCRUD" name="test_create_get_update_list" time="0.514" /><testcase classname="tests.test_step10_12_abschnitte_betten.TestAbschnittCRUD" name="test_delete_active_incident_returns_409" time="0.243" /><testcase classname="tests.test_step10_12_abschnitte_betten.TestAbschnittCRUD" name="test_delete_after_incident_abgeschlossen" time="0.514" /><testcase classname="tests.test_step10_12_abschnitte_betten.TestBettCRUD" name="test_crud_and_bulk" time="0.429" /><testcase classname="tests.test_step10_12_abschnitte_betten.TestBettCRUD" name="test_assign_release_flow" time="0.713" /><testcase classname="tests.test_step10_12_abschnitte_betten.TestBettCRUD" name="test_gesperrt_cannot_be_assigned" time="0.304" /><testcase classname="tests.test_step10_12_abschnitte_betten.TestBettCRUD" name="test_patient_fallabschluss_releases_bett" time="0.568" /><testcase classname="tests.test_step10_12_abschnitte_betten.TestIntegrationSchritt12" name="test_auswertung_block_g_and_betten" time="0.102" /><testcase classname="tests.test_step10_12_abschnitte_betten.TestIntegrationSchritt12" name="test_abschluss_check_has_active_patient_blocker" time="0.108" /><testcase classname="tests.test_step10_12_abschnitte_betten.TestIntegrationSchritt12" name="test_abschluss_check_aktive_ohne_bett_blocker" time="0.311" /><testcase classname="tests.test_step10_12_abschnitte_betten.TestIntegrationSchritt12" name="test_report_chapters_include_abschnitte_betten" time="0.122" /><testcase classname="tests.test_step10_12_abschnitte_betten.TestRegression" name="test_demo_patients_transports_exist" time="0.414" /><testcase classname="tests.test_step13_funktagebuch" name="test_create_message_with_new_fields" time="0.230" /><testcase classname="tests.test_step13_funktagebuch" name="test_list_messages_filters" time="0.737" /><testcase classname="tests.test_step13_funktagebuch" name="test_confirm_message" time="0.219" /><testcase classname="tests.test_step13_funktagebuch" name="test_finalize_and_lock" time="0.420" /><testcase classname="tests.test_step13_funktagebuch" name="test_patient_creation_creates_system_entry" time="0.424" /><testcase classname="tests.test_step13_funktagebuch" name="test_patient_fallabschluss_logs_system_entry" time="0.326" /><testcase classname="tests.test_step13_funktagebuch" name="test_transport_status_change_logs_system_entry" time="0.466" /><testcase classname="tests.test_step13_funktagebuch" name="test_demo_seed_has_four_initial_funk_entries" time="0.234" /><testcase classname="tests.test_step13_funktagebuch" name="test_resource_crud" time="0.420" /></testsuite></testsuites>