<?xml version="1.0" encoding="utf-8"?><testsuites name="pytest tests"><testsuite name="pytest" errors="0" failures="0" skipped="0" tests="6" time="37.370" timestamp="2026-05-16T17:10:53.887372+00:00" hostname="agent-env-f2aa99c3-f906-484a-b1ef-e2fc7b1dfb8b"><testcase classname="backend.tests.test_resources_kuerzel" name="test_create_resource_with_kuerzel_persists" time="36.880" /><testcase classname="backend.tests.test_resources_kuerzel" name="test_create_resource_without_kuerzel_is_null" time="0.048" /><testcase classname="backend.tests.test_resources_kuerzel" name="test_patch_resource_updates_kuerzel" time="0.142" /><testcase classname="backend.tests.test_resources_kuerzel" name="test_patch_resource_kuerzel_too_long_returns_422" time="0.091" /><testcase classname="backend.tests.test_resources_kuerzel" name="test_post_resource_kuerzel_too_long_returns_422" time="0.045" /><testcase classname="backend.tests.test_resources_kuerzel" name="test_create_resource_kuerzel_exactly_4_chars_ok" time="0.098" /></testsuite></testsuites>