<?xml version="1.0" encoding="utf-8"?><testsuites name="pytest tests"><testsuite name="pytest" errors="0" failures="0" skipped="0" tests="15" time="5.183" timestamp="2026-04-19T11:31:41.771798+00:00" hostname="agent-env-f2aa99c3-f906-484a-b1ef-e2fc7b1dfb8b"><testcase classname="backend.tests.test_step10_12_abschnitte_betten.TestDemoSeed" name="test_demo_has_two_abschnitte" time="0.367" /><testcase classname="backend.tests.test_step10_12_abschnitte_betten.TestDemoSeed" name="test_demo_resources_assigned_to_abschnitte" time="0.122" /><testcase classname="backend.tests.test_step10_12_abschnitte_betten.TestDemoSeed" name="test_demo_has_six_betten_four_belegt" time="0.108" /><testcase classname="backend.tests.test_step10_12_abschnitte_betten.TestAbschnittCRUD" name="test_create_get_update_list" time="0.606" /><testcase classname="backend.tests.test_step10_12_abschnitte_betten.TestAbschnittCRUD" name="test_delete_active_incident_returns_409" time="0.210" /><testcase classname="backend.tests.test_step10_12_abschnitte_betten.TestAbschnittCRUD" name="test_delete_after_incident_abgeschlossen" time="0.565" /><testcase classname="backend.tests.test_step10_12_abschnitte_betten.TestBettCRUD" name="test_crud_and_bulk" time="0.408" /><testcase classname="backend.tests.test_step10_12_abschnitte_betten.TestBettCRUD" name="test_assign_release_flow" time="0.808" /><testcase classname="backend.tests.test_step10_12_abschnitte_betten.TestBettCRUD" name="test_gesperrt_cannot_be_assigned" time="0.361" /><testcase classname="backend.tests.test_step10_12_abschnitte_betten.TestBettCRUD" name="test_patient_fallabschluss_releases_bett" time="0.555" /><testcase classname="backend.tests.test_step10_12_abschnitte_betten.TestIntegrationSchritt12" name="test_auswertung_block_g_and_betten" time="0.124" /><testcase classname="backend.tests.test_step10_12_abschnitte_betten.TestIntegrationSchritt12" name="test_abschluss_check_has_active_patient_blocker" time="0.118" /><testcase classname="backend.tests.test_step10_12_abschnitte_betten.TestIntegrationSchritt12" name="test_abschluss_check_aktive_ohne_bett_blocker" time="0.219" /><testcase classname="backend.tests.test_step10_12_abschnitte_betten.TestIntegrationSchritt12" name="test_report_chapters_include_abschnitte_betten" time="0.107" /><testcase classname="backend.tests.test_step10_12_abschnitte_betten.TestRegression" name="test_demo_patients_transports_exist" time="0.400" /></testsuite></testsuites>