<?xml version="1.0" encoding="utf-8"?><testsuites name="pytest tests"><testsuite name="pytest" errors="0" failures="0" skipped="0" tests="8" time="4.376" timestamp="2026-05-16T06:10:33.437624+00:00" hostname="agent-env-f2aa99c3-f906-484a-b1ef-e2fc7b1dfb8b"><testcase classname="backend.tests.test_fms_audit.TestFmsEventsEndpoint" name="test_endpoint_returns_array_when_empty" time="0.310" /><testcase classname="backend.tests.test_fms_audit.TestFmsEventsEndpoint" name="test_limit_clamped" time="0.145" /><testcase classname="backend.tests.test_fms_audit.TestFmsEventsEndpoint" name="test_resource_id_filter" time="0.552" /><testcase classname="backend.tests.test_fms_audit.TestManualPatchAudit" name="test_patch_fms_creates_manual_event" time="0.596" /><testcase classname="backend.tests.test_fms_audit.TestManualPatchAudit" name="test_patch_unchanged_fms_no_event" time="0.676" /><testcase classname="backend.tests.test_fms_audit.TestManualPatchAudit" name="test_patch_without_fms_field_no_event" time="0.606" /><testcase classname="backend.tests.test_fms_audit.TestManualPatchAudit" name="test_three_fms_changes_create_three_events_desc_order" time="0.882" /><testcase classname="backend.tests.test_fms_audit.TestLinkedResourceSkip" name="test_manual_patch_on_linked_resource_no_manual_event" time="0.533" /></testsuite></testsuites>