<?xml version="1.0" encoding="utf-8"?><testsuites name="pytest tests"><testsuite name="pytest" errors="0" failures="0" skipped="0" tests="21" time="1.347" timestamp="2026-04-19T09:13:45.651129+00:00" hostname="agent-env-f2aa99c3-f906-484a-b1ef-e2fc7b1dfb8b"><testcase classname="backend.tests.test_step07_09_role_demo_abschluss.TestDemoIncident" name="test_demo_incident_created" time="0.222" /><testcase classname="backend.tests.test_step07_09_role_demo_abschluss.TestDemoIncident" name="test_demo_has_7_patients" time="0.044" /><testcase classname="backend.tests.test_step07_09_role_demo_abschluss.TestDemoIncident" name="test_demo_has_2_transports" time="0.046" /><testcase classname="backend.tests.test_step07_09_role_demo_abschluss.TestDemoIncident" name="test_demo_has_resources" time="0.044" /><testcase classname="backend.tests.test_step07_09_role_demo_abschluss.TestDemoIncident" name="test_demo_has_messages" time="0.055" /><testcase classname="backend.tests.test_step07_09_role_demo_abschluss.TestAuswertung" name="test_auswertung_structure" time="0.053" /><testcase classname="backend.tests.test_step07_09_role_demo_abschluss.TestAuswertung" name="test_auswertung_patient_counts" time="0.044" /><testcase classname="backend.tests.test_step07_09_role_demo_abschluss.TestAuswertung" name="test_auswertung_transporte" time="0.046" /><testcase classname="backend.tests.test_step07_09_role_demo_abschluss.TestAuswertung" name="test_auswertung_metadaten_has_einsatzdauer" time="0.046" /><testcase classname="backend.tests.test_step07_09_role_demo_abschluss.TestAbschlussCheck" name="test_abschluss_check_structure" time="0.044" /><testcase classname="backend.tests.test_step07_09_role_demo_abschluss.TestAbschlussCheck" name="test_fresh_demo_not_ready_for_abschluss" time="0.044" /><testcase classname="backend.tests.test_step07_09_role_demo_abschluss.TestReport" name="test_report_has_14_kapitel" time="0.049" /><testcase classname="backend.tests.test_step07_09_role_demo_abschluss.TestReport" name="test_report_kapitel_titel" time="0.048" /><testcase classname="backend.tests.test_step07_09_role_demo_abschluss.TestReportVersions" name="test_create_version_and_freigabe_metadata" time="0.099" /><testcase classname="backend.tests.test_step07_09_role_demo_abschluss.TestReportVersions" name="test_list_versions" time="0.043" /><testcase classname="backend.tests.test_step07_09_role_demo_abschluss.TestReportVersions" name="test_create_second_version_increments" time="0.050" /><testcase classname="backend.tests.test_step07_09_role_demo_abschluss.TestPatchMeta" name="test_patch_meta_besondere_and_nachbearbeitung" time="0.085" /><testcase classname="backend.tests.test_step07_09_role_demo_abschluss.TestNotFound" name="test_auswertung_404" time="0.042" /><testcase classname="backend.tests.test_step07_09_role_demo_abschluss.TestNotFound" name="test_report_404" time="0.043" /><testcase classname="backend.tests.test_step07_09_role_demo_abschluss.TestNotFound" name="test_abschluss_check_404" time="0.046" /><testcase classname="backend.tests.test_step07_09_role_demo_abschluss.TestNotFound" name="test_patch_meta_404" time="0.087" /></testsuite></testsuites>