<?xml version="1.0" encoding="utf-8"?><testsuites name="pytest tests"><testsuite name="pytest" errors="0" failures="7" skipped="0" tests="206" time="82.984" timestamp="2026-05-16T06:10:58.264022+00:00" hostname="agent-env-f2aa99c3-f906-484a-b1ef-e2fc7b1dfb8b"><testcase classname="backend.tests.test_evt_and_delete_persistence.TestEvtRename" name="test_default_resources_contain_evt_not_radstreife" time="0.301" /><testcase classname="backend.tests.test_evt_and_delete_persistence.TestDeletePersistence" name="test_delete_single_resource_persists_and_no_reseed" time="0.568" /><testcase classname="backend.tests.test_evt_and_delete_persistence.TestDeletePersistence" name="test_delete_all_resources_no_reseed_on_empty" time="1.715" /><testcase classname="backend.tests.test_evt_and_delete_persistence.TestDeletePersistence" name="test_create_custom_resource_then_delete_persists" time="0.866" /><testcase classname="backend.tests.test_fms_audit.TestFmsEventsEndpoint" name="test_endpoint_returns_array_when_empty" time="0.330" /><testcase classname="backend.tests.test_fms_audit.TestFmsEventsEndpoint" name="test_limit_clamped" time="0.157" /><testcase classname="backend.tests.test_fms_audit.TestFmsEventsEndpoint" name="test_resource_id_filter" time="0.828" /><testcase classname="backend.tests.test_fms_audit.TestManualPatchAudit" name="test_patch_fms_creates_manual_event" time="0.901" /><testcase classname="backend.tests.test_fms_audit.TestManualPatchAudit" name="test_patch_unchanged_fms_no_event" time="0.976" /><testcase classname="backend.tests.test_fms_audit.TestManualPatchAudit" name="test_patch_without_fms_field_no_event" time="0.804" /><testcase classname="backend.tests.test_fms_audit.TestManualPatchAudit" name="test_three_fms_changes_create_three_events_desc_order" time="1.324" /><testcase classname="backend.tests.test_fms_audit.TestLinkedResourceSkip" name="test_manual_patch_on_linked_resource_no_manual_event" time="0.853" /><testcase classname="backend.tests.test_incidents_api.TestMetaEndpoint" name="test_meta_returns_version_0_2_0" time="0.159"><failure message="AssertionError: Expected version 0.2.0, got 1.0.0&#10;assert '1.0.0' == '0.2.0'&#10;  &#10;  - 0.2.0&#10;  + 1.0.0">E   AssertionError: Expected version 0.2.0, got 1.0.0
    assert '1.0.0' == '0.2.0'
      
      - 0.2.0
      + 1.0.0</failure></testcase><testcase classname="backend.tests.test_incidents_api.TestIncidentsListAndFilter" name="test_list_incidents_returns_array" time="0.065" /><testcase classname="backend.tests.test_incidents_api.TestIncidentsListAndFilter" name="test_filter_by_status_operativ" time="0.064" /><testcase classname="backend.tests.test_incidents_api.TestIncidentsListAndFilter" name="test_filter_by_demo_true" time="0.063" /><testcase classname="backend.tests.test_incidents_api.TestDemoIncidentCreation" name="test_create_demo_incident" time="0.076" /><testcase classname="backend.tests.test_incidents_api.TestIncidentCRUD" name="test_create_incident_with_valid_payload" time="0.147" /><testcase classname="backend.tests.test_incidents_api.TestIncidentCRUD" name="test_create_incident_with_planned_status" time="0.134" /><testcase classname="backend.tests.test_incidents_api.TestIncidentCRUD" name="test_planned_to_operativ_sets_start_at" time="0.194" /><testcase classname="backend.tests.test_incidents_api.TestIncidentCRUD" name="test_create_incident_with_invalid_name_too_short" time="0.063" /><testcase classname="backend.tests.test_incidents_api.TestIncidentCRUD" name="test_get_incident_by_id_existing" time="0.193" /><testcase classname="backend.tests.test_incidents_api.TestIncidentCRUD" name="test_get_incident_by_id_not_found" time="0.067" /><testcase classname="backend.tests.test_incidents_api.TestIncidentCRUD" name="test_patch_incident_status_abgeschlossen_sets_end_at" time="0.194" /><testcase classname="backend.tests.test_incidents_api.TestIncidentCRUD" name="test_delete_incident_returns_204" time="0.197" /><testcase classname="backend.tests.test_incidents_api.TestIncidentCRUD" name="test_delete_incident_not_found" time="0.062" /><testcase classname="backend.tests.test_incidents_api.TestIncidentUpdate" name="test_update_incident_name" time="0.258" /><testcase classname="backend.tests.test_map_geocoding" name="test_incident_create_with_location_persists" time="0.565" /><testcase classname="backend.tests.test_map_geocoding" name="test_incident_create_rejects_invalid_geo[ort_lat-95.0]" time="0.172" /><testcase classname="backend.tests.test_map_geocoding" name="test_incident_create_rejects_invalid_geo[ort_lat--95.0]" time="0.165" /><testcase classname="backend.tests.test_map_geocoding" name="test_incident_create_rejects_invalid_geo[ort_lng-200.0]" time="0.173" /><testcase classname="backend.tests.test_map_geocoding" name="test_incident_create_rejects_invalid_geo[ort_lng--181.0]" time="0.190" /><testcase classname="backend.tests.test_map_geocoding" name="test_incident_create_rejects_invalid_geo[ort_zoom-0]" time="0.176" /><testcase classname="backend.tests.test_map_geocoding" name="test_incident_create_rejects_invalid_geo[ort_zoom-23]" time="0.195" /><testcase classname="backend.tests.test_map_geocoding" name="test_incident_patch_partial_location" time="30.389" /><testcase classname="backend.tests.test_map_geocoding" name="test_incident_patch_invalid_lat_returns_422" time="0.107" /><testcase classname="backend.tests.test_map_geocoding" name="test_resource_create_accepts_location_and_fms" time="0.242" /><testcase classname="backend.tests.test_map_geocoding" name="test_resource_patch_set_location" time="0.107" /><testcase classname="backend.tests.test_map_geocoding" name="test_resource_patch_rejects_invalid_fms[-1]" time="0.104" /><testcase classname="backend.tests.test_map_geocoding" name="test_resource_patch_rejects_invalid_fms[10]" time="0.103" /><testcase classname="backend.tests.test_map_geocoding" name="test_resource_patch_rejects_invalid_fms[99]" time="0.112" /><testcase classname="backend.tests.test_map_geocoding" name="test_resource_patch_rejects_invalid_lat" time="0.097" /><testcase classname="backend.tests.test_map_geocoding" name="test_resource_divera_id_max_length" time="0.105" /><testcase classname="backend.tests.test_map_geocoding" name="test_resource_unplace_clears_lat_lng" time="0.442" /><testcase classname="backend.tests.test_patient_reopen.TestReopenEndpoint" name="test_404_nonexistent" time="0.104" /><testcase classname="backend.tests.test_patient_reopen.TestReopenEndpoint" name="test_409_non_closed" time="0.340" /><testcase classname="backend.tests.test_patient_reopen.TestReopenEndpoint" name="test_reopen_closed_patient_success" time="0.330" /><testcase classname="backend.tests.test_patient_reopen.TestReopenEndpoint" name="test_multiple_reopens_append_history" time="0.452" /><testcase classname="backend.tests.test_patient_reopen.TestReopenEndpoint" name="test_wiedereroeffnet_at_default_empty_list" time="0.000" /><testcase classname="backend.tests.test_patients_api.TestPatientCreation" name="test_create_patient_without_payload_defaults" time="0.263" /><testcase classname="backend.tests.test_patients_api.TestPatientCreation" name="test_create_patient_with_sichtung_s1" time="0.105" /><testcase classname="backend.tests.test_patients_api.TestPatientCreation" name="test_create_patient_with_sichtung_s2" time="0.099" /><testcase classname="backend.tests.test_patients_api.TestPatientCreation" name="test_create_patient_with_sichtung_s3" time="0.100" /><testcase classname="backend.tests.test_patients_api.TestPatientCreation" name="test_create_patient_with_sichtung_s4" time="0.050"><failure message="assert 422 == 201&#10; +  where 422 = &lt;Response [422]&gt;.status_code">E   assert 422 == 201
     +  where 422 = &lt;Response [422]&gt;.status_code</failure></testcase><testcase classname="backend.tests.test_patients_api.TestPatientCreation" name="test_create_patient_invalid_sichtung_returns_422" time="0.052" /><testcase classname="backend.tests.test_patients_api.TestPatientCreation" name="test_create_patient_invalid_incident_returns_404" time="0.051" /><testcase classname="backend.tests.test_patients_api.TestPatientCreation" name="test_create_patient_on_planned_incident_returns_409" time="0.153" /><testcase classname="backend.tests.test_patients_api.TestPatientAutoKennung" name="test_auto_kennung_sequential" time="0.205" /><testcase classname="backend.tests.test_patients_api.TestPatientList" name="test_list_patients_returns_array" time="0.052" /><testcase classname="backend.tests.test_patients_api.TestPatientList" name="test_list_patients_filter_by_sichtung" time="0.361" /><testcase classname="backend.tests.test_patients_api.TestPatientList" name="test_list_patients_filter_by_status" time="0.260" /><testcase classname="backend.tests.test_patients_api.TestPatientList" name="test_list_patients_invalid_incident_returns_404" time="0.053" /><testcase classname="backend.tests.test_patients_api.TestPatientUpdate" name="test_update_status_transportbereit_sets_timestamp" time="0.153" /><testcase classname="backend.tests.test_patients_api.TestPatientUpdate" name="test_update_status_entlassen_sets_fallabschluss" time="0.151" /><testcase classname="backend.tests.test_patients_api.TestPatientUpdate" name="test_update_status_uebergeben_sets_fallabschluss" time="0.156" /><testcase classname="backend.tests.test_patients_api.TestPatientUpdate" name="test_update_sichtung_on_unsichtiert_patient_sets_timestamps" time="0.101"><failure message="AssertionError: behandlung_start_at should be set when sichtung added&#10;assert None is not None">E   AssertionError: behandlung_start_at should be set when sichtung added
    assert None is not None</failure></testcase><testcase classname="backend.tests.test_patients_api.TestPatientUpdate" name="test_update_patient_not_found" time="0.052" /><testcase classname="backend.tests.test_patients_api.TestPatientDelete" name="test_delete_patient_returns_204" time="0.153" /><testcase classname="backend.tests.test_patients_api.TestPatientDelete" name="test_delete_patient_not_found" time="0.051" /><testcase classname="backend.tests.test_patients_api.TestIncidentDeleteCascade" name="test_delete_incident_removes_patients" time="0.421" /><testcase classname="backend.tests.test_patients_api.TestPatientGet" name="test_get_patient_by_id" time="0.146" /><testcase classname="backend.tests.test_patients_api.TestPatientGet" name="test_get_patient_not_found" time="0.097" /><testcase classname="backend.tests.test_phase2_polygon" name="test_create_abschnitt_without_polygon_returns_null" time="0.229" /><testcase classname="backend.tests.test_phase2_polygon" name="test_create_abschnitt_with_polygon" time="0.668" /><testcase classname="backend.tests.test_phase2_polygon" name="test_patch_abschnitt_set_polygon" time="0.326" /><testcase classname="backend.tests.test_phase2_polygon" name="test_patch_polygon_null_clears" time="0.675" /><testcase classname="backend.tests.test_phase2_polygon" name="test_patch_low_point_polygon_accepted_by_server" time="0.213" /><testcase classname="backend.tests.test_phase2_polygon" name="test_list_abschnitte_includes_polygon" time="0.227" /><testcase classname="backend.tests.test_phase2_polygon" name="test_patch_polygon_does_not_touch_other_fields" time="0.348" /><testcase classname="backend.tests.test_phase3_divera.TestDiveraConfigured" name="test_configured_true" time="0.097" /><testcase classname="backend.tests.test_phase3_divera.TestDiveraVehicles" name="test_list_vehicles_live" time="0.571" /><testcase classname="backend.tests.test_phase3_divera.TestDiveraStatus" name="test_status_unknown_incident" time="0.045" /><testcase classname="backend.tests.test_phase3_divera.TestDiveraStatus" name="test_status_full_snapshot" time="0.513" /><testcase classname="backend.tests.test_phase3_divera.TestDiveraSync" name="test_sync_unknown_incident" time="0.046" /><testcase classname="backend.tests.test_phase3_divera.TestDiveraSync" name="test_sync_ok" time="0.525" /><testcase classname="backend.tests.test_phase3_divera.TestDiveraStartStop" name="test_start_unknown_incident" time="0.043" /><testcase classname="backend.tests.test_phase3_divera.TestDiveraStartStop" name="test_start_then_stop" time="1.192" /><testcase classname="backend.tests.test_phase3_divera.TestDiveraStartStop" name="test_start_archived_incident_409" time="0.220" /><testcase classname="backend.tests.test_phase3_divera.TestDiveraResourceSync" name="test_link_resource_and_sync" time="0.729" /><testcase classname="backend.tests.test_phase3_divera.TestDiveraResourceSync" name="test_sync_503_when_unconfigured" time="0.042" /><testcase classname="backend.tests.test_step04_api.TestMetaVersion" name="test_meta_returns_version_040" time="0.121"><failure message="AssertionError: Expected version 0.4.0, got 1.0.0&#10;assert '1.0.0' == '0.4.0'&#10;  &#10;  - 0.4.0&#10;  + 1.0.0">E   AssertionError: Expected version 0.4.0, got 1.0.0
    assert '1.0.0' == '0.4.0'
      
      - 0.4.0
      + 1.0.0</failure></testcase><testcase classname="backend.tests.test_step04_api.TestS4ToS0Migration" name="test_post_with_sichtung_s4_returns_422" time="0.095" /><testcase classname="backend.tests.test_step04_api.TestS4ToS0Migration" name="test_post_with_sichtung_s0_succeeds" time="0.101" /><testcase classname="backend.tests.test_step04_api.TestS4ToS0Migration" name="test_no_s4_patients_in_database" time="0.048" /><testcase classname="backend.tests.test_step04_api.TestTransportTyp" name="test_patch_transport_typ_intern_sets_status_and_timestamp" time="0.150" /><testcase classname="backend.tests.test_step04_api.TestBehandlungRessource" name="test_patch_assigns_behandlung_ressource_name" time="0.246" /><testcase classname="backend.tests.test_step04_api.TestBehandlungRessource" name="test_patch_rejects_unknown_behandlung_ressource" time="0.151" /><testcase classname="backend.tests.test_step04_api.TestBehandlungRessource" name="test_resource_changes_append_timeline_events" time="0.287"><failure message="assert 0 == 3&#10; +  where 0 = len([])">E   assert 0 == 3
     +  where 0 = len([])</failure></testcase><testcase classname="backend.tests.test_step04_api.TestBehandlungRessource" name="test_patch_transport_typ_extern_sets_status_and_timestamp" time="0.145" /><testcase classname="backend.tests.test_step04_api.TestBehandlungRessource" name="test_get_patient_includes_transport_typ" time="0.189" /><testcase classname="backend.tests.test_step04_api.TestFallabschlussTyp" name="test_patch_fallabschluss_rd_uebergabe" time="0.151" /><testcase classname="backend.tests.test_step04_api.TestFallabschlussTyp" name="test_patch_fallabschluss_entlassung" time="0.154" /><testcase classname="backend.tests.test_step04_api.TestFallabschlussTyp" name="test_patch_fallabschluss_manuell" time="0.155" /><testcase classname="backend.tests.test_step04_api.TestFallabschlussTyp" name="test_get_patient_includes_fallabschluss_typ" time="0.200" /><testcase classname="backend.tests.test_step04_api.TestFallabschlussTyp" name="test_fallabschluss_preserves_existing_verbleib" time="0.194" /><testcase classname="backend.tests.test_step04_api.TestSmartStatusProgression" name="test_full_progression_flow_from_sichtung" time="0.199" /><testcase classname="backend.tests.test_step04_api.TestSmartStatusProgression" name="test_sichtung_patch_sets_timestamps_but_not_status" time="0.146" /><testcase classname="backend.tests.test_step04_api.TestAllSichtungLevels" name="test_create_patient_with_valid_sichtung[S0]" time="0.150" /><testcase classname="backend.tests.test_step04_api.TestAllSichtungLevels" name="test_create_patient_with_valid_sichtung[S1]" time="0.092" /><testcase classname="backend.tests.test_step04_api.TestAllSichtungLevels" name="test_create_patient_with_valid_sichtung[S2]" time="0.092" /><testcase classname="backend.tests.test_step04_api.TestAllSichtungLevels" name="test_create_patient_with_valid_sichtung[S3]" time="0.149" /><testcase classname="backend.tests.test_step05_transport_api.TestMetaVersion" name="test_meta_returns_version_050" time="0.098"><failure message="AssertionError: Expected version 0.5.0, got 1.0.0&#10;assert '1.0.0' == '0.5.0'&#10;  &#10;  - 0.5.0&#10;  + 1.0.0">E   AssertionError: Expected version 0.5.0, got 1.0.0
    assert '1.0.0' == '0.5.0'
      
      - 0.5.0
      + 1.0.0</failure></testcase><testcase classname="backend.tests.test_step05_transport_api.TestTransportListEndpoint" name="test_list_transports_returns_array" time="0.098" /><testcase classname="backend.tests.test_step05_transport_api.TestTransportListEndpoint" name="test_list_transports_nonexistent_incident_returns_404" time="0.046" /><testcase classname="backend.tests.test_step05_transport_api.TestTransportCreate" name="test_create_transport_without_ressource_status_offen" time="0.093" /><testcase classname="backend.tests.test_step05_transport_api.TestTransportCreate" name="test_create_transport_with_ressource_status_zugewiesen" time="0.098" /><testcase classname="backend.tests.test_step05_transport_api.TestTransportCreate" name="test_create_transport_with_patient_copies_kennung_sichtung" time="0.181" /><testcase classname="backend.tests.test_step05_transport_api.TestTransportUpdate" name="test_patch_ressource_sets_status_zugewiesen" time="0.145" /><testcase classname="backend.tests.test_step05_transport_api.TestTransportUpdate" name="test_patch_ressource_empty_removes_assignment" time="0.144" /><testcase classname="backend.tests.test_step05_transport_api.TestTransportUpdate" name="test_patch_status_unterwegs_sets_gestartet_at" time="0.153" /><testcase classname="backend.tests.test_step05_transport_api.TestTransportUpdate" name="test_patch_status_abgeschlossen_sets_abgeschlossen_at" time="0.198" /><testcase classname="backend.tests.test_step05_transport_api.TestTransportUpdate" name="test_create_transport_on_planned_incident_returns_409" time="0.149" /><testcase classname="backend.tests.test_step05_transport_api.TestTransportUpdate" name="test_patch_transport_on_planned_incident_returns_409" time="0.541" /><testcase classname="backend.tests.test_step05_transport_api.TestTransportDelete" name="test_delete_transport_returns_204" time="0.176" /><testcase classname="backend.tests.test_step05_transport_api.TestTransportDelete" name="test_delete_nonexistent_transport_returns_404" time="0.046" /><testcase classname="backend.tests.test_step05_transport_api.TestAutoCreateTransport" name="test_create_patient_with_transport_typ_creates_transport" time="0.184" /><testcase classname="backend.tests.test_step05_transport_api.TestAutoCreateTransport" name="test_patch_patient_transport_typ_intern_creates_transport" time="0.226" /><testcase classname="backend.tests.test_step05_transport_api.TestAutoCreateTransport" name="test_patch_patient_transport_typ_extern_creates_transport" time="0.276" /><testcase classname="backend.tests.test_step05_transport_api.TestAutoCreateTransport" name="test_patch_patient_transport_typ_retargets_transport_and_releases_old_resource" time="0.384" /><testcase classname="backend.tests.test_step05_transport_api.TestAutoCompleteTransport" name="test_patch_patient_status_entlassen_completes_transports" time="0.352" /><testcase classname="backend.tests.test_step05_transport_api.TestAutoCompleteTransport" name="test_patch_patient_status_uebergeben_completes_transports" time="0.353" /><testcase classname="backend.tests.test_step05_transport_api.TestCascadeDelete" name="test_delete_incident_removes_transports" time="0.183" /><testcase classname="backend.tests.test_step05_transport_api.TestTransportFiltering" name="test_filter_by_typ_intern" time="0.264" /><testcase classname="backend.tests.test_step05_transport_api.TestTransportFiltering" name="test_filter_by_status_offen" time="0.313" /><testcase classname="backend.tests.test_step06_resources_messages_konflikte.TestMeta" name="test_meta_version_060" time="0.129"><failure message="AssertionError: Expected version 0.6.0, got 1.0.0&#10;assert '1.0.0' == '0.6.0'&#10;  &#10;  - 0.6.0&#10;  + 1.0.0">E   AssertionError: Expected version 0.6.0, got 1.0.0
    assert '1.0.0' == '0.6.0'
      
      - 0.6.0
      + 1.0.0</failure></testcase><testcase classname="backend.tests.test_step06_resources_messages_konflikte.TestResourcesLazySeed" name="test_get_resources_lazy_seeds_9_defaults" time="0.161" /><testcase classname="backend.tests.test_step06_resources_messages_konflikte.TestResourcesLazySeed" name="test_get_resources_second_call_no_duplicate_seed" time="0.051" /><testcase classname="backend.tests.test_step06_resources_messages_konflikte.TestResourcesCRUD" name="test_create_resource" time="0.096" /><testcase classname="backend.tests.test_step06_resources_messages_konflikte.TestResourcesCRUD" name="test_update_resource_status_wartung" time="0.148" /><testcase classname="backend.tests.test_step06_resources_messages_konflikte.TestResourcesCRUD" name="test_delete_resource" time="0.152" /><testcase classname="backend.tests.test_step06_resources_messages_konflikte.TestResourcesCRUD" name="test_filter_resources_by_typ_intern" time="0.048" /><testcase classname="backend.tests.test_step06_resources_messages_konflikte.TestResourceStatusSync" name="test_transport_with_ressource_sets_resource_im_einsatz" time="0.397" /><testcase classname="backend.tests.test_step06_resources_messages_konflikte.TestResourceStatusSync" name="test_transport_abgeschlossen_frees_resource" time="0.487" /><testcase classname="backend.tests.test_step06_resources_messages_konflikte.TestMessagesCRUD" name="test_get_messages_empty_initially" time="0.050" /><testcase classname="backend.tests.test_step06_resources_messages_konflikte.TestMessagesCRUD" name="test_create_message_with_prioritaet_kategorie_von" time="0.058" /><testcase classname="backend.tests.test_step06_resources_messages_konflikte.TestMessagesCRUD" name="test_create_message_normal_priority" time="0.049" /><testcase classname="backend.tests.test_step06_resources_messages_konflikte.TestMessagesCRUD" name="test_ack_message_sets_quittiert_at_and_von" time="0.109" /><testcase classname="backend.tests.test_step06_resources_messages_konflikte.TestMessagesCRUD" name="test_get_messages_open_only_filter" time="0.156" /><testcase classname="backend.tests.test_step06_resources_messages_konflikte.TestMessagesCRUD" name="test_delete_message" time="0.148" /><testcase classname="backend.tests.test_step06_resources_messages_konflikte.TestKonflikteAutoDetect" name="test_get_konflikte_returns_array" time="0.054" /><testcase classname="backend.tests.test_step06_resources_messages_konflikte.TestKonflikteAutoDetect" name="test_kritische_unquittierte_meldung_creates_rot_konflikt" time="0.156" /><testcase classname="backend.tests.test_step06_resources_messages_konflikte.TestKonflikteAutoDetect" name="test_transport_offen_ohne_ressource_over_10min_creates_gelb_konflikt" time="0.154" /><testcase classname="backend.tests.test_step06_resources_messages_konflikte.TestKonflikteAutoDetect" name="test_konflikte_sorted_rot_before_gelb" time="0.049" /><testcase classname="backend.tests.test_step06_resources_messages_konflikte.TestCascadeDelete" name="test_delete_incident_removes_resources_and_messages" time="0.260" /><testcase classname="backend.tests.test_step06_resources_messages_konflikte.TestResourcesNotFoundErrors" name="test_get_resources_nonexistent_incident_404" time="0.052" /><testcase classname="backend.tests.test_step06_resources_messages_konflikte.TestResourcesNotFoundErrors" name="test_patch_resource_nonexistent_404" time="0.053" /><testcase classname="backend.tests.test_step06_resources_messages_konflikte.TestResourcesNotFoundErrors" name="test_delete_resource_nonexistent_404" time="0.056" /><testcase classname="backend.tests.test_step06_resources_messages_konflikte.TestMessagesNotFoundErrors" name="test_get_messages_nonexistent_incident_404" time="0.049" /><testcase classname="backend.tests.test_step06_resources_messages_konflikte.TestMessagesNotFoundErrors" name="test_ack_message_nonexistent_404" time="0.047" /><testcase classname="backend.tests.test_step06_resources_messages_konflikte.TestMessagesNotFoundErrors" name="test_delete_message_nonexistent_404" time="0.048" /><testcase classname="backend.tests.test_step06_resources_messages_konflikte.TestKonflikteNotFoundErrors" name="test_get_konflikte_nonexistent_incident_404" time="0.106" /><testcase classname="backend.tests.test_step07_09_role_demo_abschluss.TestDemoIncident" name="test_demo_incident_created" time="0.171" /><testcase classname="backend.tests.test_step07_09_role_demo_abschluss.TestDemoIncident" name="test_demo_has_7_patients" time="0.054" /><testcase classname="backend.tests.test_step07_09_role_demo_abschluss.TestDemoIncident" name="test_demo_has_2_transports" time="0.058" /><testcase classname="backend.tests.test_step07_09_role_demo_abschluss.TestDemoIncident" name="test_demo_has_resources" time="0.057" /><testcase classname="backend.tests.test_step07_09_role_demo_abschluss.TestDemoIncident" name="test_demo_has_messages" time="0.047" /><testcase classname="backend.tests.test_step07_09_role_demo_abschluss.TestAuswertung" name="test_auswertung_structure" time="0.064" /><testcase classname="backend.tests.test_step07_09_role_demo_abschluss.TestAuswertung" name="test_auswertung_patient_counts" time="0.060" /><testcase classname="backend.tests.test_step07_09_role_demo_abschluss.TestAuswertung" name="test_auswertung_transporte" time="0.055" /><testcase classname="backend.tests.test_step07_09_role_demo_abschluss.TestAuswertung" name="test_auswertung_metadaten_has_einsatzdauer" time="0.060" /><testcase classname="backend.tests.test_step07_09_role_demo_abschluss.TestAbschlussCheck" name="test_abschluss_check_structure" time="0.051" /><testcase classname="backend.tests.test_step07_09_role_demo_abschluss.TestAbschlussCheck" name="test_fresh_demo_not_ready_for_abschluss" time="0.056" /><testcase classname="backend.tests.test_step07_09_role_demo_abschluss.TestReport" name="test_report_has_14_kapitel" time="0.071" /><testcase classname="backend.tests.test_step07_09_role_demo_abschluss.TestReport" name="test_report_kapitel_titel" time="0.063" /><testcase classname="backend.tests.test_step07_09_role_demo_abschluss.TestReportVersions" name="test_create_version_and_freigabe_metadata" time="0.123" /><testcase classname="backend.tests.test_step07_09_role_demo_abschluss.TestReportVersions" name="test_list_versions" time="0.053" /><testcase classname="backend.tests.test_step07_09_role_demo_abschluss.TestReportVersions" name="test_create_second_version_increments" time="0.073" /><testcase classname="backend.tests.test_step07_09_role_demo_abschluss.TestPatchMeta" name="test_patch_meta_besondere_and_nachbearbeitung" time="0.100" /><testcase classname="backend.tests.test_step07_09_role_demo_abschluss.TestNotFound" name="test_auswertung_404" time="0.096" /><testcase classname="backend.tests.test_step07_09_role_demo_abschluss.TestNotFound" name="test_report_404" time="0.052" /><testcase classname="backend.tests.test_step07_09_role_demo_abschluss.TestNotFound" name="test_abschluss_check_404" time="0.050" /><testcase classname="backend.tests.test_step07_09_role_demo_abschluss.TestNotFound" name="test_patch_meta_404" time="0.104" /><testcase classname="backend.tests.test_step10_12_abschnitte_betten.TestDemoSeed" name="test_demo_has_two_abschnitte" time="0.290" /><testcase classname="backend.tests.test_step10_12_abschnitte_betten.TestDemoSeed" name="test_demo_resources_assigned_to_abschnitte" time="0.114" /><testcase classname="backend.tests.test_step10_12_abschnitte_betten.TestDemoSeed" name="test_demo_has_six_betten_four_belegt" time="0.109" /><testcase classname="backend.tests.test_step10_12_abschnitte_betten.TestAbschnittCRUD" name="test_create_get_update_list" time="0.553" /><testcase classname="backend.tests.test_step10_12_abschnitte_betten.TestAbschnittCRUD" name="test_delete_active_incident_returns_409" time="0.272" /><testcase classname="backend.tests.test_step10_12_abschnitte_betten.TestAbschnittCRUD" name="test_delete_after_incident_abgeschlossen" time="0.553" /><testcase classname="backend.tests.test_step10_12_abschnitte_betten.TestBettCRUD" name="test_crud_and_bulk" time="4.605" /><testcase classname="backend.tests.test_step10_12_abschnitte_betten.TestBettCRUD" name="test_assign_release_flow" time="0.808" /><testcase classname="backend.tests.test_step10_12_abschnitte_betten.TestBettCRUD" name="test_gesperrt_cannot_be_assigned" time="0.361" /><testcase classname="backend.tests.test_step10_12_abschnitte_betten.TestBettCRUD" name="test_patient_fallabschluss_releases_bett" time="0.832" /><testcase classname="backend.tests.test_step10_12_abschnitte_betten.TestIntegrationSchritt12" name="test_auswertung_block_g_and_betten" time="0.115" /><testcase classname="backend.tests.test_step10_12_abschnitte_betten.TestIntegrationSchritt12" name="test_abschluss_check_has_active_patient_blocker" time="0.132" /><testcase classname="backend.tests.test_step10_12_abschnitte_betten.TestIntegrationSchritt12" name="test_abschluss_check_aktive_ohne_bett_blocker" time="0.212" /><testcase classname="backend.tests.test_step10_12_abschnitte_betten.TestIntegrationSchritt12" name="test_report_chapters_include_abschnitte_betten" time="0.114" /><testcase classname="backend.tests.test_step10_12_abschnitte_betten.TestRegression" name="test_demo_patients_transports_exist" time="0.449" /><testcase classname="backend.tests.test_step13_funktagebuch" name="test_create_message_with_new_fields" time="0.849" /><testcase classname="backend.tests.test_step13_funktagebuch" name="test_list_messages_filters" time="0.799" /><testcase classname="backend.tests.test_step13_funktagebuch" name="test_confirm_message" time="0.245" /><testcase classname="backend.tests.test_step13_funktagebuch" name="test_finalize_and_lock" time="0.442" /><testcase classname="backend.tests.test_step13_funktagebuch" name="test_patient_creation_creates_system_entry" time="0.441" /><testcase classname="backend.tests.test_step13_funktagebuch" name="test_patient_fallabschluss_logs_system_entry" time="0.333" /><testcase classname="backend.tests.test_step13_funktagebuch" name="test_transport_status_change_logs_system_entry" time="0.433" /><testcase classname="backend.tests.test_step13_funktagebuch" name="test_demo_seed_has_four_initial_funk_entries" time="0.233" /><testcase classname="backend.tests.test_step13_funktagebuch" name="test_resource_crud" time="0.435" /></testsuite></testsuites>