<?xml version="1.0" encoding="utf-8"?><testsuites name="pytest tests"><testsuite name="pytest" errors="0" failures="0" skipped="0" tests="4" time="27.394" timestamp="2026-05-16T07:37:42.621003+00:00" hostname="agent-env-f2aa99c3-f906-484a-b1ef-e2fc7b1dfb8b"><testcase classname="tests.test_realtime_sse_fms.TestSSEFmsEvent" name="test_stream_emits_alert_for_fms5" time="25.153" /><testcase classname="tests.test_realtime_sse_fms.TestSSEFmsEvent" name="test_stream_no_alert_for_fms3" time="2.033" /><testcase classname="tests.test_realtime_sse_fms.TestDiveraAutoPosition" name="test_sync_updates_resource_lat_lng_from_divera" time="0.131" /><testcase classname="tests.test_realtime_sse_fms.TestDiveraAutoPosition" name="test_sync_ignores_zero_zero" time="0.006" /></testsuite></testsuites>