<?xml version="1.0" encoding="utf-8"?><testsuites name="pytest tests"><testsuite name="pytest" errors="0" failures="0" skipped="0" tests="13" time="1.519" timestamp="2026-04-19T07:35:43.915122+00:00" hostname="agent-env-f2aa99c3-f906-484a-b1ef-e2fc7b1dfb8b"><testcase classname="backend.tests.test_incidents_api.TestMetaEndpoint" name="test_meta_returns_version_0_2_0" time="0.211" /><testcase classname="backend.tests.test_incidents_api.TestIncidentsListAndFilter" name="test_list_incidents_returns_array" time="0.053" /><testcase classname="backend.tests.test_incidents_api.TestIncidentsListAndFilter" name="test_filter_by_status_operativ" time="0.051" /><testcase classname="backend.tests.test_incidents_api.TestIncidentsListAndFilter" name="test_filter_by_demo_true" time="0.060" /><testcase classname="backend.tests.test_incidents_api.TestDemoIncidentCreation" name="test_create_demo_incident" time="0.051" /><testcase classname="backend.tests.test_incidents_api.TestIncidentCRUD" name="test_create_incident_with_valid_payload" time="0.099" /><testcase classname="backend.tests.test_incidents_api.TestIncidentCRUD" name="test_create_incident_with_invalid_name_too_short" time="0.047" /><testcase classname="backend.tests.test_incidents_api.TestIncidentCRUD" name="test_get_incident_by_id_existing" time="0.227" /><testcase classname="backend.tests.test_incidents_api.TestIncidentCRUD" name="test_get_incident_by_id_not_found" time="0.050" /><testcase classname="backend.tests.test_incidents_api.TestIncidentCRUD" name="test_patch_incident_status_abgeschlossen_sets_end_at" time="0.152" /><testcase classname="backend.tests.test_incidents_api.TestIncidentCRUD" name="test_delete_incident_returns_204" time="0.145" /><testcase classname="backend.tests.test_incidents_api.TestIncidentCRUD" name="test_delete_incident_not_found" time="0.048" /><testcase classname="backend.tests.test_incidents_api.TestIncidentUpdate" name="test_update_incident_name" time="0.194" /></testsuite></testsuites>