<?xml version="1.0" encoding="utf-8"?><testsuites name="pytest tests"><testsuite name="pytest" errors="0" failures="0" skipped="0" tests="19" time="3.293" timestamp="2026-04-19T08:33:58.719814+00:00" hostname="agent-env-f2aa99c3-f906-484a-b1ef-e2fc7b1dfb8b"><testcase classname="backend.tests.test_step05_transport_api.TestMetaVersion" name="test_meta_returns_version_050" time="0.134" /><testcase classname="backend.tests.test_step05_transport_api.TestTransportListEndpoint" name="test_list_transports_returns_array" time="0.089" /><testcase classname="backend.tests.test_step05_transport_api.TestTransportListEndpoint" name="test_list_transports_nonexistent_incident_returns_404" time="0.043" /><testcase classname="backend.tests.test_step05_transport_api.TestTransportCreate" name="test_create_transport_without_ressource_status_offen" time="0.084" /><testcase classname="backend.tests.test_step05_transport_api.TestTransportCreate" name="test_create_transport_with_ressource_status_zugewiesen" time="0.088" /><testcase classname="backend.tests.test_step05_transport_api.TestTransportCreate" name="test_create_transport_with_patient_copies_kennung_sichtung" time="0.210" /><testcase classname="backend.tests.test_step05_transport_api.TestTransportUpdate" name="test_patch_ressource_sets_status_zugewiesen" time="0.125" /><testcase classname="backend.tests.test_step05_transport_api.TestTransportUpdate" name="test_patch_ressource_empty_removes_assignment" time="0.166" /><testcase classname="backend.tests.test_step05_transport_api.TestTransportUpdate" name="test_patch_status_unterwegs_sets_gestartet_at" time="0.166" /><testcase classname="backend.tests.test_step05_transport_api.TestTransportUpdate" name="test_patch_status_abgeschlossen_sets_abgeschlossen_at" time="0.190" /><testcase classname="backend.tests.test_step05_transport_api.TestTransportDelete" name="test_delete_transport_returns_204" time="0.129" /><testcase classname="backend.tests.test_step05_transport_api.TestTransportDelete" name="test_delete_nonexistent_transport_returns_404" time="0.042" /><testcase classname="backend.tests.test_step05_transport_api.TestAutoCreateTransport" name="test_patch_patient_transport_typ_intern_creates_transport" time="0.212" /><testcase classname="backend.tests.test_step05_transport_api.TestAutoCreateTransport" name="test_patch_patient_transport_typ_extern_creates_transport" time="0.208" /><testcase classname="backend.tests.test_step05_transport_api.TestAutoCompleteTransport" name="test_patch_patient_status_entlassen_completes_transports" time="0.354" /><testcase classname="backend.tests.test_step05_transport_api.TestAutoCompleteTransport" name="test_patch_patient_status_uebergeben_completes_transports" time="0.339" /><testcase classname="backend.tests.test_step05_transport_api.TestCascadeDelete" name="test_delete_incident_removes_transports" time="0.177" /><testcase classname="backend.tests.test_step05_transport_api.TestTransportFiltering" name="test_filter_by_typ_intern" time="0.214" /><testcase classname="backend.tests.test_step05_transport_api.TestTransportFiltering" name="test_filter_by_status_offen" time="0.254" /></testsuite></testsuites>