<?xml version="1.0" encoding="utf-8"?><testsuites name="pytest tests"><testsuite name="pytest" errors="0" failures="0" skipped="0" tests="7" time="13.959" timestamp="2026-05-16T07:05:12.856293+00:00" hostname="agent-env-f2aa99c3-f906-484a-b1ef-e2fc7b1dfb8b"><testcase classname="backend.tests.test_fms_acknowledge.TestAcknowledgeEndpoint" name="test_listing_contains_new_alert_fields" time="10.475" /><testcase classname="backend.tests.test_fms_acknowledge.TestAcknowledgeEndpoint" name="test_acknowledge_with_einsatzleiter_returns_200" time="0.663" /><testcase classname="backend.tests.test_fms_acknowledge.TestAcknowledgeEndpoint" name="test_acknowledge_with_fuehrungsassistenz_returns_200" time="0.720" /><testcase classname="backend.tests.test_fms_acknowledge.TestAcknowledgeEndpoint" name="test_acknowledge_with_helfer_returns_403" time="0.590" /><testcase classname="backend.tests.test_fms_acknowledge.TestAcknowledgeEndpoint" name="test_double_acknowledge_returns_409" time="0.637" /><testcase classname="backend.tests.test_fms_acknowledge.TestAcknowledgeEndpoint" name="test_acknowledge_non_alert_event_returns_409" time="0.556" /><testcase classname="backend.tests.test_fms_acknowledge.TestAcknowledgeEndpoint" name="test_acknowledge_unknown_event_returns_404" time="0.228" /></testsuite></testsuites>