<?xml version="1.0" encoding="utf-8"?><testsuites name="pytest tests"><testsuite name="pytest" errors="0" failures="0" skipped="0" tests="7" time="54.749" timestamp="2026-05-15T19:26:25.348850+00:00" hostname="agent-env-f2aa99c3-f906-484a-b1ef-e2fc7b1dfb8b"><testcase classname="backend.tests.test_phase2_polygon" name="test_create_abschnitt_without_polygon_returns_null" time="51.500" /><testcase classname="backend.tests.test_phase2_polygon" name="test_create_abschnitt_with_polygon" time="0.415" /><testcase classname="backend.tests.test_phase2_polygon" name="test_patch_abschnitt_set_polygon" time="0.578" /><testcase classname="backend.tests.test_phase2_polygon" name="test_patch_polygon_null_clears" time="0.663" /><testcase classname="backend.tests.test_phase2_polygon" name="test_patch_low_point_polygon_accepted_by_server" time="0.484" /><testcase classname="backend.tests.test_phase2_polygon" name="test_list_abschnitte_includes_polygon" time="0.401" /><testcase classname="backend.tests.test_phase2_polygon" name="test_patch_polygon_does_not_touch_other_fields" time="0.636" /></testsuite></testsuites>