<?xml version="1.0" encoding="utf-8"?><testsuites name="pytest tests"><testsuite name="pytest" errors="0" failures="0" skipped="0" tests="18" time="2.610" timestamp="2026-04-19T08:12:00.357239+00:00" hostname="agent-env-f2aa99c3-f906-484a-b1ef-e2fc7b1dfb8b"><testcase classname="backend.tests.test_step04_api.TestMetaVersion" name="test_meta_returns_version_040" time="0.130" /><testcase classname="backend.tests.test_step04_api.TestS4ToS0Migration" name="test_post_with_sichtung_s4_returns_422" time="0.096" /><testcase classname="backend.tests.test_step04_api.TestS4ToS0Migration" name="test_post_with_sichtung_s0_succeeds" time="0.094" /><testcase classname="backend.tests.test_step04_api.TestS4ToS0Migration" name="test_no_s4_patients_in_database" time="0.047" /><testcase classname="backend.tests.test_step04_api.TestTransportTyp" name="test_patch_transport_typ_intern_sets_status_and_timestamp" time="0.147" /><testcase classname="backend.tests.test_step04_api.TestTransportTyp" name="test_patch_transport_typ_extern_sets_status_and_timestamp" time="0.142" /><testcase classname="backend.tests.test_step04_api.TestTransportTyp" name="test_get_patient_includes_transport_typ" time="0.216" /><testcase classname="backend.tests.test_step04_api.TestFallabschlussTyp" name="test_patch_fallabschluss_rd_uebergabe" time="0.146" /><testcase classname="backend.tests.test_step04_api.TestFallabschlussTyp" name="test_patch_fallabschluss_entlassung" time="0.149" /><testcase classname="backend.tests.test_step04_api.TestFallabschlussTyp" name="test_patch_fallabschluss_manuell" time="0.139" /><testcase classname="backend.tests.test_step04_api.TestFallabschlussTyp" name="test_get_patient_includes_fallabschluss_typ" time="0.187" /><testcase classname="backend.tests.test_step04_api.TestFallabschlussTyp" name="test_fallabschluss_preserves_existing_verbleib" time="0.194" /><testcase classname="backend.tests.test_step04_api.TestSmartStatusProgression" name="test_full_progression_flow_from_sichtung" time="0.259" /><testcase classname="backend.tests.test_step04_api.TestSmartStatusProgression" name="test_sichtung_patch_sets_timestamps_but_not_status" time="0.140" /><testcase classname="backend.tests.test_step04_api.TestAllSichtungLevels" name="test_create_patient_with_valid_sichtung[S0]" time="0.096" /><testcase classname="backend.tests.test_step04_api.TestAllSichtungLevels" name="test_create_patient_with_valid_sichtung[S1]" time="0.093" /><testcase classname="backend.tests.test_step04_api.TestAllSichtungLevels" name="test_create_patient_with_valid_sichtung[S2]" time="0.093" /><testcase classname="backend.tests.test_step04_api.TestAllSichtungLevels" name="test_create_patient_with_valid_sichtung[S3]" time="0.141" /></testsuite></testsuites>