<?xml version="1.0" encoding="utf-8"?><testsuites name="pytest tests"><testsuite name="pytest" errors="0" failures="0" skipped="0" tests="11" time="46.690" timestamp="2026-05-15T19:50:59.151530+00:00" hostname="agent-env-f2aa99c3-f906-484a-b1ef-e2fc7b1dfb8b"><testcase classname="tests.test_phase3_divera.TestDiveraConfigured" name="test_configured_true" time="43.309" /><testcase classname="tests.test_phase3_divera.TestDiveraVehicles" name="test_list_vehicles_live" time="0.573" /><testcase classname="tests.test_phase3_divera.TestDiveraStatus" name="test_status_unknown_incident" time="0.043" /><testcase classname="tests.test_phase3_divera.TestDiveraStatus" name="test_status_full_snapshot" time="0.086" /><testcase classname="tests.test_phase3_divera.TestDiveraSync" name="test_sync_unknown_incident" time="0.043" /><testcase classname="tests.test_phase3_divera.TestDiveraSync" name="test_sync_ok" time="0.527" /><testcase classname="tests.test_phase3_divera.TestDiveraStartStop" name="test_start_unknown_incident" time="0.042" /><testcase classname="tests.test_phase3_divera.TestDiveraStartStop" name="test_start_then_stop" time="1.130" /><testcase classname="tests.test_phase3_divera.TestDiveraStartStop" name="test_start_archived_incident_409" time="0.172" /><testcase classname="tests.test_phase3_divera.TestDiveraResourceSync" name="test_link_resource_and_sync" time="0.641" /><testcase classname="tests.test_phase3_divera.TestDiveraResourceSync" name="test_sync_503_when_unconfigured" time="0.042" /></testsuite></testsuites>