<?xml version="1.0" encoding="utf-8"?><testsuites name="pytest tests"><testsuite name="pytest" errors="0" failures="3" skipped="0" tests="17" time="49.407" timestamp="2026-05-15T18:57:45.768837+00:00" hostname="agent-env-f2aa99c3-f906-484a-b1ef-e2fc7b1dfb8b"><testcase classname="tests.test_map_geocoding" name="test_incident_create_with_location_persists" time="30.153"><failure message="requests.exceptions.ReadTimeout: HTTPSConnectionPool(host='medical-ops-control.preview.emergentagent.com', port=443): Read timed out. (read timeout=30)">E   TimeoutError: The read operation timed out

The above exception was the direct cause of the following exception:
E   urllib3.exceptions.ReadTimeoutError: HTTPSConnectionPool(host='medical-ops-control.preview.emergentagent.com', port=443): Read timed out. (read timeout=30)

During handling of the above exception, another exception occurred:
E   requests.exceptions.ReadTimeout: HTTPSConnectionPool(host='medical-ops-control.preview.emergentagent.com', port=443): Read timed out. (read timeout=30)</failure></testcase><testcase classname="tests.test_map_geocoding" name="test_incident_create_rejects_invalid_geo[ort_lat-95.0]" time="12.859" /><testcase classname="tests.test_map_geocoding" name="test_incident_create_rejects_invalid_geo[ort_lat--95.0]" time="0.272" /><testcase classname="tests.test_map_geocoding" name="test_incident_create_rejects_invalid_geo[ort_lng-200.0]" time="0.185" /><testcase classname="tests.test_map_geocoding" name="test_incident_create_rejects_invalid_geo[ort_lng--181.0]" time="0.170" /><testcase classname="tests.test_map_geocoding" name="test_incident_create_rejects_invalid_geo[ort_zoom-0]" time="0.190" /><testcase classname="tests.test_map_geocoding" name="test_incident_create_rejects_invalid_geo[ort_zoom-23]" time="0.169" /><testcase classname="tests.test_map_geocoding" name="test_incident_patch_partial_location" time="0.359" /><testcase classname="tests.test_map_geocoding" name="test_incident_patch_invalid_lat_returns_422" time="2.655" /><testcase classname="tests.test_map_geocoding" name="test_resource_create_accepts_location_and_fms" time="0.379"><failure message="AssertionError: lat not persisted on create: {'id': '02387e95-518e-4813-aafe-dfafd7c4837d', 'incident_id': '657338d7-2953-47b8-b88f-08e4f0eace4f', 'name': 'TEST_RTW_MAP', 'typ': 'intern', 'kategorie': 'rtw', 'status': 'verfuegbar', 'notiz': '', 'abschnitt_id': None, 'created_at': '2026-05-15T18:58:33.008889+00:00', 'updated_at': '2026-05-15T18:58:33.008889+00:00'}&#10;assert None == 53.55&#10; +  where None = &lt;built-in method get of dict object at 0xfdb3b2bdc400&gt;('lat')&#10; +    where &lt;built-in method get of dict object at 0xfdb3b2bdc400&gt; = {'abschnitt_id': None, 'created_at': '2026-05-15T18:58:33.008889+00:00', 'id': '02387e95-518e-4813-aafe-dfafd7c4837d', 'incident_id': '657338d7-2953-47b8-b88f-08e4f0eace4f', ...}.get">E   AssertionError: lat not persisted on create: {'id': '02387e95-518e-4813-aafe-dfafd7c4837d', 'incident_id': '657338d7-2953-47b8-b88f-08e4f0eace4f', 'name': 'TEST_RTW_MAP', 'typ': 'intern', 'kategorie': 'rtw', 'status': 'verfuegbar', 'notiz': '', 'abschnitt_id': None, 'created_at': '2026-05-15T18:58:33.008889+00:00', 'updated_at': '2026-05-15T18:58:33.008889+00:00'}
    assert None == 53.55
     +  where None = &lt;built-in method get of dict object at 0xfdb3b2bdc400&gt;('lat')
     +    where &lt;built-in method get of dict object at 0xfdb3b2bdc400&gt; = {'abschnitt_id': None, 'created_at': '2026-05-15T18:58:33.008889+00:00', 'id': '02387e95-518e-4813-aafe-dfafd7c4837d', 'incident_id': '657338d7-2953-47b8-b88f-08e4f0eace4f', ...}.get</failure></testcase><testcase classname="tests.test_map_geocoding" name="test_resource_patch_set_location" time="0.177" /><testcase classname="tests.test_map_geocoding" name="test_resource_patch_rejects_invalid_fms[-1]" time="0.193" /><testcase classname="tests.test_map_geocoding" name="test_resource_patch_rejects_invalid_fms[10]" time="0.272" /><testcase classname="tests.test_map_geocoding" name="test_resource_patch_rejects_invalid_fms[99]" time="0.202" /><testcase classname="tests.test_map_geocoding" name="test_resource_patch_rejects_invalid_lat" time="0.184" /><testcase classname="tests.test_map_geocoding" name="test_resource_divera_id_max_length" time="0.209" /><testcase classname="tests.test_map_geocoding" name="test_resource_unplace_clears_lat_lng" time="0.698"><failure message="Failed: PATCH cannot clear lat/lng because exclude_none=True drops nulls. Unplace flow will be broken.">E   Failed: PATCH cannot clear lat/lng because exclude_none=True drops nulls. Unplace flow will be broken.</failure></testcase></testsuite></testsuites>