<?xml version="1.0" encoding="utf-8"?><testsuites name="pytest tests"><testsuite name="pytest" errors="2" failures="13" skipped="0" tests="30" time="10.995" timestamp="2026-05-16T07:05:31.260160+00:00" hostname="agent-env-f2aa99c3-f906-484a-b1ef-e2fc7b1dfb8b"><testcase classname="backend.tests.test_fms_audit.TestFmsEventsEndpoint" name="test_endpoint_returns_array_when_empty" time="0.232" /><testcase classname="backend.tests.test_fms_audit.TestFmsEventsEndpoint" name="test_limit_clamped" time="0.109" /><testcase classname="backend.tests.test_fms_audit.TestFmsEventsEndpoint" name="test_resource_id_filter" time="0.529" /><testcase classname="backend.tests.test_fms_audit.TestManualPatchAudit" name="test_patch_fms_creates_manual_event" time="0.609" /><testcase classname="backend.tests.test_fms_audit.TestManualPatchAudit" name="test_patch_unchanged_fms_no_event" time="0.626" /><testcase classname="backend.tests.test_fms_audit.TestManualPatchAudit" name="test_patch_without_fms_field_no_event" time="0.716" /><testcase classname="backend.tests.test_fms_audit.TestManualPatchAudit" name="test_three_fms_changes_create_three_events_desc_order" time="1.293" /><testcase classname="backend.tests.test_fms_audit.TestLinkedResourceSkip" name="test_manual_patch_on_linked_resource_no_manual_event" time="0.848" /><testcase classname="backend.tests.test_fms_acknowledge.TestAcknowledgeEndpoint" name="test_listing_contains_new_alert_fields" time="0.886" /><testcase classname="backend.tests.test_fms_acknowledge.TestAcknowledgeEndpoint" name="test_acknowledge_with_einsatzleiter_returns_200" time="0.984" /><testcase classname="backend.tests.test_fms_acknowledge.TestAcknowledgeEndpoint" name="test_acknowledge_with_fuehrungsassistenz_returns_200" time="0.910" /><testcase classname="backend.tests.test_fms_acknowledge.TestAcknowledgeEndpoint" name="test_acknowledge_with_helfer_returns_403" time="0.874" /><testcase classname="backend.tests.test_fms_acknowledge.TestAcknowledgeEndpoint" name="test_double_acknowledge_returns_409" time="0.987" /><testcase classname="backend.tests.test_fms_acknowledge.TestAcknowledgeEndpoint" name="test_acknowledge_non_alert_event_returns_409" time="0.950" /><testcase classname="backend.tests.test_fms_acknowledge.TestAcknowledgeEndpoint" name="test_acknowledge_unknown_event_returns_404" time="0.353" /><testcase classname="backend.tests.test_incidents_api.TestMetaEndpoint" name="test_meta_returns_version_0_2_0" time="0.000"><failure message="requests.exceptions.MissingSchema: Invalid URL '/api/meta': No scheme supplied. Perhaps you meant https:///api/meta?">E   requests.exceptions.MissingSchema: Invalid URL '/api/meta': No scheme supplied. Perhaps you meant https:///api/meta?</failure></testcase><testcase classname="backend.tests.test_incidents_api.TestIncidentsListAndFilter" name="test_list_incidents_returns_array" time="0.000"><failure message="requests.exceptions.MissingSchema: Invalid URL '/api/incidents': No scheme supplied. Perhaps you meant https:///api/incidents?">E   requests.exceptions.MissingSchema: Invalid URL '/api/incidents': No scheme supplied. Perhaps you meant https:///api/incidents?</failure></testcase><testcase classname="backend.tests.test_incidents_api.TestIncidentsListAndFilter" name="test_filter_by_status_operativ" time="0.000"><failure message="requests.exceptions.MissingSchema: Invalid URL '/api/incidents': No scheme supplied. Perhaps you meant https:///api/incidents?">E   requests.exceptions.MissingSchema: Invalid URL '/api/incidents': No scheme supplied. Perhaps you meant https:///api/incidents?</failure></testcase><testcase classname="backend.tests.test_incidents_api.TestIncidentsListAndFilter" name="test_filter_by_demo_true" time="0.000"><failure message="requests.exceptions.MissingSchema: Invalid URL '/api/incidents': No scheme supplied. Perhaps you meant https:///api/incidents?">E   requests.exceptions.MissingSchema: Invalid URL '/api/incidents': No scheme supplied. Perhaps you meant https:///api/incidents?</failure></testcase><testcase classname="backend.tests.test_incidents_api.TestDemoIncidentCreation" name="test_create_demo_incident" time="0.000"><failure message="requests.exceptions.MissingSchema: Invalid URL '/api/incidents/demo': No scheme supplied. Perhaps you meant https:///api/incidents/demo?">E   requests.exceptions.MissingSchema: Invalid URL '/api/incidents/demo': No scheme supplied. Perhaps you meant https:///api/incidents/demo?</failure></testcase><testcase classname="backend.tests.test_incidents_api.TestIncidentCRUD" name="test_create_incident_with_valid_payload" time="0.000"><failure message="requests.exceptions.MissingSchema: Invalid URL '/api/incidents': No scheme supplied. Perhaps you meant https:///api/incidents?">E   requests.exceptions.MissingSchema: Invalid URL '/api/incidents': No scheme supplied. Perhaps you meant https:///api/incidents?</failure></testcase><testcase classname="backend.tests.test_incidents_api.TestIncidentCRUD" name="test_create_incident_with_planned_status" time="0.000"><failure message="requests.exceptions.MissingSchema: Invalid URL '/api/incidents': No scheme supplied. Perhaps you meant https:///api/incidents?">E   requests.exceptions.MissingSchema: Invalid URL '/api/incidents': No scheme supplied. Perhaps you meant https:///api/incidents?</failure></testcase><testcase classname="backend.tests.test_incidents_api.TestIncidentCRUD" name="test_planned_to_operativ_sets_start_at" time="0.000"><failure message="requests.exceptions.MissingSchema: Invalid URL '/api/incidents': No scheme supplied. Perhaps you meant https:///api/incidents?">E   requests.exceptions.MissingSchema: Invalid URL '/api/incidents': No scheme supplied. Perhaps you meant https:///api/incidents?</failure></testcase><testcase classname="backend.tests.test_incidents_api.TestIncidentCRUD" name="test_create_incident_with_invalid_name_too_short" time="0.000"><failure message="requests.exceptions.MissingSchema: Invalid URL '/api/incidents': No scheme supplied. Perhaps you meant https:///api/incidents?">E   requests.exceptions.MissingSchema: Invalid URL '/api/incidents': No scheme supplied. Perhaps you meant https:///api/incidents?</failure></testcase><testcase classname="backend.tests.test_incidents_api.TestIncidentCRUD" name="test_get_incident_by_id_existing" time="0.000"><error message="failed on setup with &quot;requests.exceptions.MissingSchema: Invalid URL '/api/incidents': No scheme supplied. Perhaps you meant https:///api/incidents?&quot;">E   requests.exceptions.MissingSchema: Invalid URL '/api/incidents': No scheme supplied. Perhaps you meant https:///api/incidents?</error></testcase><testcase classname="backend.tests.test_incidents_api.TestIncidentCRUD" name="test_get_incident_by_id_not_found" time="0.000"><failure message="requests.exceptions.MissingSchema: Invalid URL '/api/incidents/7010dd93-276b-435a-91b4-5cab4aacdc1b': No scheme supplied. Perhaps you meant https:///api/incidents/7010dd93-276b-435a-91b4-5cab4aacdc1b?">E   requests.exceptions.MissingSchema: Invalid URL '/api/incidents/7010dd93-276b-435a-91b4-5cab4aacdc1b': No scheme supplied. Perhaps you meant https:///api/incidents/7010dd93-276b-435a-91b4-5cab4aacdc1b?</failure></testcase><testcase classname="backend.tests.test_incidents_api.TestIncidentCRUD" name="test_patch_incident_status_abgeschlossen_sets_end_at" time="0.000"><error message="failed on setup with &quot;requests.exceptions.MissingSchema: Invalid URL '/api/incidents': No scheme supplied. Perhaps you meant https:///api/incidents?&quot;">E   requests.exceptions.MissingSchema: Invalid URL '/api/incidents': No scheme supplied. Perhaps you meant https:///api/incidents?</error></testcase><testcase classname="backend.tests.test_incidents_api.TestIncidentCRUD" name="test_delete_incident_returns_204" time="0.000"><failure message="requests.exceptions.MissingSchema: Invalid URL '/api/incidents': No scheme supplied. Perhaps you meant https:///api/incidents?">E   requests.exceptions.MissingSchema: Invalid URL '/api/incidents': No scheme supplied. Perhaps you meant https:///api/incidents?</failure></testcase><testcase classname="backend.tests.test_incidents_api.TestIncidentCRUD" name="test_delete_incident_not_found" time="0.000"><failure message="requests.exceptions.MissingSchema: Invalid URL '/api/incidents/321b5b6f-e1a2-4a90-9ff4-93571a704c88': No scheme supplied. Perhaps you meant https:///api/incidents/321b5b6f-e1a2-4a90-9ff4-93571a704c88?">E   requests.exceptions.MissingSchema: Invalid URL '/api/incidents/321b5b6f-e1a2-4a90-9ff4-93571a704c88': No scheme supplied. Perhaps you meant https:///api/incidents/321b5b6f-e1a2-4a90-9ff4-93571a704c88?</failure></testcase><testcase classname="backend.tests.test_incidents_api.TestIncidentUpdate" name="test_update_incident_name" time="0.000"><failure message="requests.exceptions.MissingSchema: Invalid URL '/api/incidents': No scheme supplied. Perhaps you meant https:///api/incidents?">E   requests.exceptions.MissingSchema: Invalid URL '/api/incidents': No scheme supplied. Perhaps you meant https:///api/incidents?</failure></testcase></testsuite></testsuites>