<?xml version="1.0" encoding="utf-8"?><testsuites name="pytest tests"><testsuite name="pytest" errors="99" failures="40" skipped="0" tests="189" time="15.342" timestamp="2026-05-15T19:51:54.395692+00:00" hostname="agent-env-f2aa99c3-f906-484a-b1ef-e2fc7b1dfb8b"><testcase classname="tests.test_incidents_api.TestMetaEndpoint" name="test_meta_returns_version_0_2_0" time="0.001"><failure message="requests.exceptions.MissingSchema: Invalid URL '/api/meta': No scheme supplied. Perhaps you meant https:///api/meta?">E   requests.exceptions.MissingSchema: Invalid URL '/api/meta': No scheme supplied. Perhaps you meant https:///api/meta?</failure></testcase><testcase classname="tests.test_incidents_api.TestIncidentsListAndFilter" name="test_list_incidents_returns_array" time="0.000"><failure message="requests.exceptions.MissingSchema: Invalid URL '/api/incidents': No scheme supplied. Perhaps you meant https:///api/incidents?">E   requests.exceptions.MissingSchema: Invalid URL '/api/incidents': No scheme supplied. Perhaps you meant https:///api/incidents?</failure></testcase><testcase classname="tests.test_incidents_api.TestIncidentsListAndFilter" name="test_filter_by_status_operativ" time="0.000"><failure message="requests.exceptions.MissingSchema: Invalid URL '/api/incidents': No scheme supplied. Perhaps you meant https:///api/incidents?">E   requests.exceptions.MissingSchema: Invalid URL '/api/incidents': No scheme supplied. Perhaps you meant https:///api/incidents?</failure></testcase><testcase classname="tests.test_incidents_api.TestIncidentsListAndFilter" name="test_filter_by_demo_true" time="0.000"><failure message="requests.exceptions.MissingSchema: Invalid URL '/api/incidents': No scheme supplied. Perhaps you meant https:///api/incidents?">E   requests.exceptions.MissingSchema: Invalid URL '/api/incidents': No scheme supplied. Perhaps you meant https:///api/incidents?</failure></testcase><testcase classname="tests.test_incidents_api.TestDemoIncidentCreation" name="test_create_demo_incident" time="0.000"><failure message="requests.exceptions.MissingSchema: Invalid URL '/api/incidents/demo': No scheme supplied. Perhaps you meant https:///api/incidents/demo?">E   requests.exceptions.MissingSchema: Invalid URL '/api/incidents/demo': No scheme supplied. Perhaps you meant https:///api/incidents/demo?</failure></testcase><testcase classname="tests.test_incidents_api.TestIncidentCRUD" name="test_create_incident_with_valid_payload" time="0.000"><failure message="requests.exceptions.MissingSchema: Invalid URL '/api/incidents': No scheme supplied. Perhaps you meant https:///api/incidents?">E   requests.exceptions.MissingSchema: Invalid URL '/api/incidents': No scheme supplied. Perhaps you meant https:///api/incidents?</failure></testcase><testcase classname="tests.test_incidents_api.TestIncidentCRUD" name="test_create_incident_with_planned_status" time="0.000"><failure message="requests.exceptions.MissingSchema: Invalid URL '/api/incidents': No scheme supplied. Perhaps you meant https:///api/incidents?">E   requests.exceptions.MissingSchema: Invalid URL '/api/incidents': No scheme supplied. Perhaps you meant https:///api/incidents?</failure></testcase><testcase classname="tests.test_incidents_api.TestIncidentCRUD" name="test_planned_to_operativ_sets_start_at" time="0.000"><failure message="requests.exceptions.MissingSchema: Invalid URL '/api/incidents': No scheme supplied. Perhaps you meant https:///api/incidents?">E   requests.exceptions.MissingSchema: Invalid URL '/api/incidents': No scheme supplied. Perhaps you meant https:///api/incidents?</failure></testcase><testcase classname="tests.test_incidents_api.TestIncidentCRUD" name="test_create_incident_with_invalid_name_too_short" time="0.000"><failure message="requests.exceptions.MissingSchema: Invalid URL '/api/incidents': No scheme supplied. Perhaps you meant https:///api/incidents?">E   requests.exceptions.MissingSchema: Invalid URL '/api/incidents': No scheme supplied. Perhaps you meant https:///api/incidents?</failure></testcase><testcase classname="tests.test_incidents_api.TestIncidentCRUD" name="test_get_incident_by_id_existing" time="0.000"><error message="failed on setup with &quot;requests.exceptions.MissingSchema: Invalid URL '/api/incidents': No scheme supplied. Perhaps you meant https:///api/incidents?&quot;">E   requests.exceptions.MissingSchema: Invalid URL '/api/incidents': No scheme supplied. Perhaps you meant https:///api/incidents?</error></testcase><testcase classname="tests.test_incidents_api.TestIncidentCRUD" name="test_get_incident_by_id_not_found" time="0.000"><failure message="requests.exceptions.MissingSchema: Invalid URL '/api/incidents/ddfa1746-bc84-4eb9-9214-d4d530c3bc0e': No scheme supplied. Perhaps you meant https:///api/incidents/ddfa1746-bc84-4eb9-9214-d4d530c3bc0e?">E   requests.exceptions.MissingSchema: Invalid URL '/api/incidents/ddfa1746-bc84-4eb9-9214-d4d530c3bc0e': No scheme supplied. Perhaps you meant https:///api/incidents/ddfa1746-bc84-4eb9-9214-d4d530c3bc0e?</failure></testcase><testcase classname="tests.test_incidents_api.TestIncidentCRUD" name="test_patch_incident_status_abgeschlossen_sets_end_at" time="0.000"><error message="failed on setup with &quot;requests.exceptions.MissingSchema: Invalid URL '/api/incidents': No scheme supplied. Perhaps you meant https:///api/incidents?&quot;">E   requests.exceptions.MissingSchema: Invalid URL '/api/incidents': No scheme supplied. Perhaps you meant https:///api/incidents?</error></testcase><testcase classname="tests.test_incidents_api.TestIncidentCRUD" name="test_delete_incident_returns_204" time="0.000"><failure message="requests.exceptions.MissingSchema: Invalid URL '/api/incidents': No scheme supplied. Perhaps you meant https:///api/incidents?">E   requests.exceptions.MissingSchema: Invalid URL '/api/incidents': No scheme supplied. Perhaps you meant https:///api/incidents?</failure></testcase><testcase classname="tests.test_incidents_api.TestIncidentCRUD" name="test_delete_incident_not_found" time="0.000"><failure message="requests.exceptions.MissingSchema: Invalid URL '/api/incidents/1817f268-66a4-4882-a546-be67770fa6f5': No scheme supplied. Perhaps you meant https:///api/incidents/1817f268-66a4-4882-a546-be67770fa6f5?">E   requests.exceptions.MissingSchema: Invalid URL '/api/incidents/1817f268-66a4-4882-a546-be67770fa6f5': No scheme supplied. Perhaps you meant https:///api/incidents/1817f268-66a4-4882-a546-be67770fa6f5?</failure></testcase><testcase classname="tests.test_incidents_api.TestIncidentUpdate" name="test_update_incident_name" time="0.000"><failure message="requests.exceptions.MissingSchema: Invalid URL '/api/incidents': No scheme supplied. Perhaps you meant https:///api/incidents?">E   requests.exceptions.MissingSchema: Invalid URL '/api/incidents': No scheme supplied. Perhaps you meant https:///api/incidents?</failure></testcase><testcase classname="tests.test_map_geocoding" name="test_incident_create_with_location_persists" time="0.011" /><testcase classname="tests.test_map_geocoding" name="test_incident_create_rejects_invalid_geo[ort_lat-95.0]" time="0.002" /><testcase classname="tests.test_map_geocoding" name="test_incident_create_rejects_invalid_geo[ort_lat--95.0]" time="0.002" /><testcase classname="tests.test_map_geocoding" name="test_incident_create_rejects_invalid_geo[ort_lng-200.0]" time="0.001" /><testcase classname="tests.test_map_geocoding" name="test_incident_create_rejects_invalid_geo[ort_lng--181.0]" time="0.001" /><testcase classname="tests.test_map_geocoding" name="test_incident_create_rejects_invalid_geo[ort_zoom-0]" time="0.002" /><testcase classname="tests.test_map_geocoding" name="test_incident_create_rejects_invalid_geo[ort_zoom-23]" time="0.004" /><testcase classname="tests.test_map_geocoding" name="test_incident_patch_partial_location" time="0.005" /><testcase classname="tests.test_map_geocoding" name="test_incident_patch_invalid_lat_returns_422" time="0.001" /><testcase classname="tests.test_map_geocoding" name="test_resource_create_accepts_location_and_fms" time="0.004" /><testcase classname="tests.test_map_geocoding" name="test_resource_patch_set_location" time="0.002" /><testcase classname="tests.test_map_geocoding" name="test_resource_patch_rejects_invalid_fms[-1]" time="0.001" /><testcase classname="tests.test_map_geocoding" name="test_resource_patch_rejects_invalid_fms[10]" time="0.001" /><testcase classname="tests.test_map_geocoding" name="test_resource_patch_rejects_invalid_fms[99]" time="0.001" /><testcase classname="tests.test_map_geocoding" name="test_resource_patch_rejects_invalid_lat" time="0.001" /><testcase classname="tests.test_map_geocoding" name="test_resource_divera_id_max_length" time="0.001" /><testcase classname="tests.test_map_geocoding" name="test_resource_unplace_clears_lat_lng" time="0.008" /><testcase classname="tests.test_patients_api.TestPatientCreation" name="test_create_patient_without_payload_defaults" time="0.000"><error message="failed on setup with &quot;requests.exceptions.MissingSchema: Invalid URL '/api/incidents': No scheme supplied. Perhaps you meant https:///api/incidents?&quot;">E   requests.exceptions.MissingSchema: Invalid URL '/api/incidents': No scheme supplied. Perhaps you meant https:///api/incidents?</error></testcase><testcase classname="tests.test_patients_api.TestPatientCreation" name="test_create_patient_with_sichtung_s1" time="0.000"><error message="failed on setup with &quot;requests.exceptions.MissingSchema: Invalid URL '/api/incidents': No scheme supplied. Perhaps you meant https:///api/incidents?&quot;">E   requests.exceptions.MissingSchema: Invalid URL '/api/incidents': No scheme supplied. Perhaps you meant https:///api/incidents?</error></testcase><testcase classname="tests.test_patients_api.TestPatientCreation" name="test_create_patient_with_sichtung_s2" time="0.000"><error message="failed on setup with &quot;requests.exceptions.MissingSchema: Invalid URL '/api/incidents': No scheme supplied. Perhaps you meant https:///api/incidents?&quot;">E   requests.exceptions.MissingSchema: Invalid URL '/api/incidents': No scheme supplied. Perhaps you meant https:///api/incidents?</error></testcase><testcase classname="tests.test_patients_api.TestPatientCreation" name="test_create_patient_with_sichtung_s3" time="0.000"><error message="failed on setup with &quot;requests.exceptions.MissingSchema: Invalid URL '/api/incidents': No scheme supplied. Perhaps you meant https:///api/incidents?&quot;">E   requests.exceptions.MissingSchema: Invalid URL '/api/incidents': No scheme supplied. Perhaps you meant https:///api/incidents?</error></testcase><testcase classname="tests.test_patients_api.TestPatientCreation" name="test_create_patient_with_sichtung_s4" time="0.000"><error message="failed on setup with &quot;requests.exceptions.MissingSchema: Invalid URL '/api/incidents': No scheme supplied. Perhaps you meant https:///api/incidents?&quot;">E   requests.exceptions.MissingSchema: Invalid URL '/api/incidents': No scheme supplied. Perhaps you meant https:///api/incidents?</error></testcase><testcase classname="tests.test_patients_api.TestPatientCreation" name="test_create_patient_invalid_sichtung_returns_422" time="0.000"><error message="failed on setup with &quot;requests.exceptions.MissingSchema: Invalid URL '/api/incidents': No scheme supplied. Perhaps you meant https:///api/incidents?&quot;">E   requests.exceptions.MissingSchema: Invalid URL '/api/incidents': No scheme supplied. Perhaps you meant https:///api/incidents?</error></testcase><testcase classname="tests.test_patients_api.TestPatientCreation" name="test_create_patient_invalid_incident_returns_404" time="0.000"><failure message="requests.exceptions.MissingSchema: Invalid URL '/api/incidents/b0c5ac58-8474-44a9-a7c0-38624e47fcd5/patients': No scheme supplied. Perhaps you meant https:///api/incidents/b0c5ac58-8474-44a9-a7c0-38624e47fcd5/patients?">E   requests.exceptions.MissingSchema: Invalid URL '/api/incidents/b0c5ac58-8474-44a9-a7c0-38624e47fcd5/patients': No scheme supplied. Perhaps you meant https:///api/incidents/b0c5ac58-8474-44a9-a7c0-38624e47fcd5/patients?</failure></testcase><testcase classname="tests.test_patients_api.TestPatientCreation" name="test_create_patient_on_planned_incident_returns_409" time="0.000"><failure message="requests.exceptions.MissingSchema: Invalid URL '/api/incidents': No scheme supplied. Perhaps you meant https:///api/incidents?">E   requests.exceptions.MissingSchema: Invalid URL '/api/incidents': No scheme supplied. Perhaps you meant https:///api/incidents?</failure></testcase><testcase classname="tests.test_patients_api.TestPatientAutoKennung" name="test_auto_kennung_sequential" time="0.000"><error message="failed on setup with &quot;requests.exceptions.MissingSchema: Invalid URL '/api/incidents': No scheme supplied. Perhaps you meant https:///api/incidents?&quot;">E   requests.exceptions.MissingSchema: Invalid URL '/api/incidents': No scheme supplied. Perhaps you meant https:///api/incidents?</error></testcase><testcase classname="tests.test_patients_api.TestPatientList" name="test_list_patients_returns_array" time="0.000"><error message="failed on setup with &quot;requests.exceptions.MissingSchema: Invalid URL '/api/incidents': No scheme supplied. Perhaps you meant https:///api/incidents?&quot;">E   requests.exceptions.MissingSchema: Invalid URL '/api/incidents': No scheme supplied. Perhaps you meant https:///api/incidents?</error></testcase><testcase classname="tests.test_patients_api.TestPatientList" name="test_list_patients_filter_by_sichtung" time="0.000"><error message="failed on setup with &quot;requests.exceptions.MissingSchema: Invalid URL '/api/incidents': No scheme supplied. Perhaps you meant https:///api/incidents?&quot;">E   requests.exceptions.MissingSchema: Invalid URL '/api/incidents': No scheme supplied. Perhaps you meant https:///api/incidents?</error></testcase><testcase classname="tests.test_patients_api.TestPatientList" name="test_list_patients_filter_by_status" time="0.000"><error message="failed on setup with &quot;requests.exceptions.MissingSchema: Invalid URL '/api/incidents': No scheme supplied. Perhaps you meant https:///api/incidents?&quot;">E   requests.exceptions.MissingSchema: Invalid URL '/api/incidents': No scheme supplied. Perhaps you meant https:///api/incidents?</error></testcase><testcase classname="tests.test_patients_api.TestPatientList" name="test_list_patients_invalid_incident_returns_404" time="0.000"><failure message="requests.exceptions.MissingSchema: Invalid URL '/api/incidents/b9b47297-50bf-499d-a7da-306ab3c113f0/patients': No scheme supplied. Perhaps you meant https:///api/incidents/b9b47297-50bf-499d-a7da-306ab3c113f0/patients?">E   requests.exceptions.MissingSchema: Invalid URL '/api/incidents/b9b47297-50bf-499d-a7da-306ab3c113f0/patients': No scheme supplied. Perhaps you meant https:///api/incidents/b9b47297-50bf-499d-a7da-306ab3c113f0/patients?</failure></testcase><testcase classname="tests.test_patients_api.TestPatientUpdate" name="test_update_status_transportbereit_sets_timestamp" time="0.000"><error message="failed on setup with &quot;requests.exceptions.MissingSchema: Invalid URL '/api/incidents': No scheme supplied. Perhaps you meant https:///api/incidents?&quot;">E   requests.exceptions.MissingSchema: Invalid URL '/api/incidents': No scheme supplied. Perhaps you meant https:///api/incidents?</error></testcase><testcase classname="tests.test_patients_api.TestPatientUpdate" name="test_update_status_entlassen_sets_fallabschluss" time="0.000"><error message="failed on setup with &quot;requests.exceptions.MissingSchema: Invalid URL '/api/incidents': No scheme supplied. Perhaps you meant https:///api/incidents?&quot;">E   requests.exceptions.MissingSchema: Invalid URL '/api/incidents': No scheme supplied. Perhaps you meant https:///api/incidents?</error></testcase><testcase classname="tests.test_patients_api.TestPatientUpdate" name="test_update_status_uebergeben_sets_fallabschluss" time="0.000"><error message="failed on setup with &quot;requests.exceptions.MissingSchema: Invalid URL '/api/incidents': No scheme supplied. Perhaps you meant https:///api/incidents?&quot;">E   requests.exceptions.MissingSchema: Invalid URL '/api/incidents': No scheme supplied. Perhaps you meant https:///api/incidents?</error></testcase><testcase classname="tests.test_patients_api.TestPatientUpdate" name="test_update_sichtung_on_unsichtiert_patient_sets_timestamps" time="0.000"><error message="failed on setup with &quot;requests.exceptions.MissingSchema: Invalid URL '/api/incidents': No scheme supplied. Perhaps you meant https:///api/incidents?&quot;">E   requests.exceptions.MissingSchema: Invalid URL '/api/incidents': No scheme supplied. Perhaps you meant https:///api/incidents?</error></testcase><testcase classname="tests.test_patients_api.TestPatientUpdate" name="test_update_patient_not_found" time="0.000"><failure message="requests.exceptions.MissingSchema: Invalid URL '/api/patients/5bb0386a-6af0-4cbc-a06e-3e6eb318c0a6': No scheme supplied. Perhaps you meant https:///api/patients/5bb0386a-6af0-4cbc-a06e-3e6eb318c0a6?">E   requests.exceptions.MissingSchema: Invalid URL '/api/patients/5bb0386a-6af0-4cbc-a06e-3e6eb318c0a6': No scheme supplied. Perhaps you meant https:///api/patients/5bb0386a-6af0-4cbc-a06e-3e6eb318c0a6?</failure></testcase><testcase classname="tests.test_patients_api.TestPatientDelete" name="test_delete_patient_returns_204" time="0.000"><error message="failed on setup with &quot;requests.exceptions.MissingSchema: Invalid URL '/api/incidents': No scheme supplied. Perhaps you meant https:///api/incidents?&quot;">E   requests.exceptions.MissingSchema: Invalid URL '/api/incidents': No scheme supplied. Perhaps you meant https:///api/incidents?</error></testcase><testcase classname="tests.test_patients_api.TestPatientDelete" name="test_delete_patient_not_found" time="0.000"><failure message="requests.exceptions.MissingSchema: Invalid URL '/api/patients/37cdf2b5-a0d8-4f49-8694-0c97dcd9e032': No scheme supplied. Perhaps you meant https:///api/patients/37cdf2b5-a0d8-4f49-8694-0c97dcd9e032?">E   requests.exceptions.MissingSchema: Invalid URL '/api/patients/37cdf2b5-a0d8-4f49-8694-0c97dcd9e032': No scheme supplied. Perhaps you meant https:///api/patients/37cdf2b5-a0d8-4f49-8694-0c97dcd9e032?</failure></testcase><testcase classname="tests.test_patients_api.TestIncidentDeleteCascade" name="test_delete_incident_removes_patients" time="0.000"><failure message="requests.exceptions.MissingSchema: Invalid URL '/api/incidents': No scheme supplied. Perhaps you meant https:///api/incidents?">E   requests.exceptions.MissingSchema: Invalid URL '/api/incidents': No scheme supplied. Perhaps you meant https:///api/incidents?</failure></testcase><testcase classname="tests.test_patients_api.TestPatientGet" name="test_get_patient_by_id" time="0.000"><error message="failed on setup with &quot;requests.exceptions.MissingSchema: Invalid URL '/api/incidents': No scheme supplied. Perhaps you meant https:///api/incidents?&quot;">E   requests.exceptions.MissingSchema: Invalid URL '/api/incidents': No scheme supplied. Perhaps you meant https:///api/incidents?</error></testcase><testcase classname="tests.test_patients_api.TestPatientGet" name="test_get_patient_not_found" time="0.000"><failure message="requests.exceptions.MissingSchema: Invalid URL '/api/patients/2e2b0966-a8c7-4e1e-8e0f-1808574a1aa6': No scheme supplied. Perhaps you meant https:///api/patients/2e2b0966-a8c7-4e1e-8e0f-1808574a1aa6?">E   requests.exceptions.MissingSchema: Invalid URL '/api/patients/2e2b0966-a8c7-4e1e-8e0f-1808574a1aa6': No scheme supplied. Perhaps you meant https:///api/patients/2e2b0966-a8c7-4e1e-8e0f-1808574a1aa6?</failure></testcase><testcase classname="tests.test_phase2_polygon" name="test_create_abschnitt_without_polygon_returns_null" time="0.622" /><testcase classname="tests.test_phase2_polygon" name="test_create_abschnitt_with_polygon" time="0.478" /><testcase classname="tests.test_phase2_polygon" name="test_patch_abschnitt_set_polygon" time="0.665" /><testcase classname="tests.test_phase2_polygon" name="test_patch_polygon_null_clears" time="0.610" /><testcase classname="tests.test_phase2_polygon" name="test_patch_low_point_polygon_accepted_by_server" time="0.393" /><testcase classname="tests.test_phase2_polygon" name="test_list_abschnitte_includes_polygon" time="0.379" /><testcase classname="tests.test_phase2_polygon" name="test_patch_polygon_does_not_touch_other_fields" time="0.550" /><testcase classname="tests.test_phase3_divera.TestDiveraConfigured" name="test_configured_true" time="0.002" /><testcase classname="tests.test_phase3_divera.TestDiveraVehicles" name="test_list_vehicles_live" time="0.514" /><testcase classname="tests.test_phase3_divera.TestDiveraStatus" name="test_status_unknown_incident" time="0.042" /><testcase classname="tests.test_phase3_divera.TestDiveraStatus" name="test_status_full_snapshot" time="0.086" /><testcase classname="tests.test_phase3_divera.TestDiveraSync" name="test_sync_unknown_incident" time="0.043" /><testcase classname="tests.test_phase3_divera.TestDiveraSync" name="test_sync_ok" time="0.513" /><testcase classname="tests.test_phase3_divera.TestDiveraStartStop" name="test_start_unknown_incident" time="0.043" /><testcase classname="tests.test_phase3_divera.TestDiveraStartStop" name="test_start_then_stop" time="1.143" /><testcase classname="tests.test_phase3_divera.TestDiveraStartStop" name="test_start_archived_incident_409" time="0.171" /><testcase classname="tests.test_phase3_divera.TestDiveraResourceSync" name="test_link_resource_and_sync" time="0.631" /><testcase classname="tests.test_phase3_divera.TestDiveraResourceSync" name="test_sync_503_when_unconfigured" time="0.042" /><testcase classname="tests.test_step04_api.TestMetaVersion" name="test_meta_returns_version_040" time="0.000"><failure message="requests.exceptions.MissingSchema: Invalid URL '/api/meta': No scheme supplied. Perhaps you meant https:///api/meta?">E   requests.exceptions.MissingSchema: Invalid URL '/api/meta': No scheme supplied. Perhaps you meant https:///api/meta?</failure></testcase><testcase classname="tests.test_step04_api.TestS4ToS0Migration" name="test_post_with_sichtung_s4_returns_422" time="0.000"><error message="failed on setup with &quot;requests.exceptions.MissingSchema: Invalid URL '/api/incidents': No scheme supplied. Perhaps you meant https:///api/incidents?&quot;">E   requests.exceptions.MissingSchema: Invalid URL '/api/incidents': No scheme supplied. Perhaps you meant https:///api/incidents?</error></testcase><testcase classname="tests.test_step04_api.TestS4ToS0Migration" name="test_post_with_sichtung_s0_succeeds" time="0.000"><error message="failed on setup with &quot;requests.exceptions.MissingSchema: Invalid URL '/api/incidents': No scheme supplied. Perhaps you meant https:///api/incidents?&quot;">E   requests.exceptions.MissingSchema: Invalid URL '/api/incidents': No scheme supplied. Perhaps you meant https:///api/incidents?</error></testcase><testcase classname="tests.test_step04_api.TestS4ToS0Migration" name="test_no_s4_patients_in_database" time="0.000"><error message="failed on setup with &quot;requests.exceptions.MissingSchema: Invalid URL '/api/incidents': No scheme supplied. Perhaps you meant https:///api/incidents?&quot;">E   requests.exceptions.MissingSchema: Invalid URL '/api/incidents': No scheme supplied. Perhaps you meant https:///api/incidents?</error></testcase><testcase classname="tests.test_step04_api.TestTransportTyp" name="test_patch_transport_typ_intern_sets_status_and_timestamp" time="0.000"><error message="failed on setup with &quot;requests.exceptions.MissingSchema: Invalid URL '/api/incidents': No scheme supplied. Perhaps you meant https:///api/incidents?&quot;">E   requests.exceptions.MissingSchema: Invalid URL '/api/incidents': No scheme supplied. Perhaps you meant https:///api/incidents?</error></testcase><testcase classname="tests.test_step04_api.TestBehandlungRessource" name="test_patch_assigns_behandlung_ressource_name" time="0.000"><error message="failed on setup with &quot;requests.exceptions.MissingSchema: Invalid URL '/api/incidents': No scheme supplied. Perhaps you meant https:///api/incidents?&quot;">E   requests.exceptions.MissingSchema: Invalid URL '/api/incidents': No scheme supplied. Perhaps you meant https:///api/incidents?</error></testcase><testcase classname="tests.test_step04_api.TestBehandlungRessource" name="test_patch_rejects_unknown_behandlung_ressource" time="0.000"><error message="failed on setup with &quot;requests.exceptions.MissingSchema: Invalid URL '/api/incidents': No scheme supplied. Perhaps you meant https:///api/incidents?&quot;">E   requests.exceptions.MissingSchema: Invalid URL '/api/incidents': No scheme supplied. Perhaps you meant https:///api/incidents?</error></testcase><testcase classname="tests.test_step04_api.TestBehandlungRessource" name="test_resource_changes_append_timeline_events" time="0.000"><error message="failed on setup with &quot;requests.exceptions.MissingSchema: Invalid URL '/api/incidents': No scheme supplied. Perhaps you meant https:///api/incidents?&quot;">E   requests.exceptions.MissingSchema: Invalid URL '/api/incidents': No scheme supplied. Perhaps you meant https:///api/incidents?</error></testcase><testcase classname="tests.test_step04_api.TestBehandlungRessource" name="test_patch_transport_typ_extern_sets_status_and_timestamp" time="0.000"><error message="failed on setup with &quot;requests.exceptions.MissingSchema: Invalid URL '/api/incidents': No scheme supplied. Perhaps you meant https:///api/incidents?&quot;">E   requests.exceptions.MissingSchema: Invalid URL '/api/incidents': No scheme supplied. Perhaps you meant https:///api/incidents?</error></testcase><testcase classname="tests.test_step04_api.TestBehandlungRessource" name="test_get_patient_includes_transport_typ" time="0.000"><error message="failed on setup with &quot;requests.exceptions.MissingSchema: Invalid URL '/api/incidents': No scheme supplied. Perhaps you meant https:///api/incidents?&quot;">E   requests.exceptions.MissingSchema: Invalid URL '/api/incidents': No scheme supplied. Perhaps you meant https:///api/incidents?</error></testcase><testcase classname="tests.test_step04_api.TestFallabschlussTyp" name="test_patch_fallabschluss_rd_uebergabe" time="0.000"><error message="failed on setup with &quot;requests.exceptions.MissingSchema: Invalid URL '/api/incidents': No scheme supplied. Perhaps you meant https:///api/incidents?&quot;">E   requests.exceptions.MissingSchema: Invalid URL '/api/incidents': No scheme supplied. Perhaps you meant https:///api/incidents?</error></testcase><testcase classname="tests.test_step04_api.TestFallabschlussTyp" name="test_patch_fallabschluss_entlassung" time="0.000"><error message="failed on setup with &quot;requests.exceptions.MissingSchema: Invalid URL '/api/incidents': No scheme supplied. Perhaps you meant https:///api/incidents?&quot;">E   requests.exceptions.MissingSchema: Invalid URL '/api/incidents': No scheme supplied. Perhaps you meant https:///api/incidents?</error></testcase><testcase classname="tests.test_step04_api.TestFallabschlussTyp" name="test_patch_fallabschluss_manuell" time="0.000"><error message="failed on setup with &quot;requests.exceptions.MissingSchema: Invalid URL '/api/incidents': No scheme supplied. Perhaps you meant https:///api/incidents?&quot;">E   requests.exceptions.MissingSchema: Invalid URL '/api/incidents': No scheme supplied. Perhaps you meant https:///api/incidents?</error></testcase><testcase classname="tests.test_step04_api.TestFallabschlussTyp" name="test_get_patient_includes_fallabschluss_typ" time="0.000"><error message="failed on setup with &quot;requests.exceptions.MissingSchema: Invalid URL '/api/incidents': No scheme supplied. Perhaps you meant https:///api/incidents?&quot;">E   requests.exceptions.MissingSchema: Invalid URL '/api/incidents': No scheme supplied. Perhaps you meant https:///api/incidents?</error></testcase><testcase classname="tests.test_step04_api.TestFallabschlussTyp" name="test_fallabschluss_preserves_existing_verbleib" time="0.000"><error message="failed on setup with &quot;requests.exceptions.MissingSchema: Invalid URL '/api/incidents': No scheme supplied. Perhaps you meant https:///api/incidents?&quot;">E   requests.exceptions.MissingSchema: Invalid URL '/api/incidents': No scheme supplied. Perhaps you meant https:///api/incidents?</error></testcase><testcase classname="tests.test_step04_api.TestSmartStatusProgression" name="test_full_progression_flow_from_sichtung" time="0.000"><error message="failed on setup with &quot;requests.exceptions.MissingSchema: Invalid URL '/api/incidents': No scheme supplied. Perhaps you meant https:///api/incidents?&quot;">E   requests.exceptions.MissingSchema: Invalid URL '/api/incidents': No scheme supplied. Perhaps you meant https:///api/incidents?</error></testcase><testcase classname="tests.test_step04_api.TestSmartStatusProgression" name="test_sichtung_patch_sets_timestamps_but_not_status" time="0.000"><error message="failed on setup with &quot;requests.exceptions.MissingSchema: Invalid URL '/api/incidents': No scheme supplied. Perhaps you meant https:///api/incidents?&quot;">E   requests.exceptions.MissingSchema: Invalid URL '/api/incidents': No scheme supplied. Perhaps you meant https:///api/incidents?</error></testcase><testcase classname="tests.test_step04_api.TestAllSichtungLevels" name="test_create_patient_with_valid_sichtung[S0]" time="0.000"><error message="failed on setup with &quot;requests.exceptions.MissingSchema: Invalid URL '/api/incidents': No scheme supplied. Perhaps you meant https:///api/incidents?&quot;">E   requests.exceptions.MissingSchema: Invalid URL '/api/incidents': No scheme supplied. Perhaps you meant https:///api/incidents?</error></testcase><testcase classname="tests.test_step04_api.TestAllSichtungLevels" name="test_create_patient_with_valid_sichtung[S1]" time="0.000"><error message="failed on setup with &quot;requests.exceptions.MissingSchema: Invalid URL '/api/incidents': No scheme supplied. Perhaps you meant https:///api/incidents?&quot;">E   requests.exceptions.MissingSchema: Invalid URL '/api/incidents': No scheme supplied. Perhaps you meant https:///api/incidents?</error></testcase><testcase classname="tests.test_step04_api.TestAllSichtungLevels" name="test_create_patient_with_valid_sichtung[S2]" time="0.000"><error message="failed on setup with &quot;requests.exceptions.MissingSchema: Invalid URL '/api/incidents': No scheme supplied. Perhaps you meant https:///api/incidents?&quot;">E   requests.exceptions.MissingSchema: Invalid URL '/api/incidents': No scheme supplied. Perhaps you meant https:///api/incidents?</error></testcase><testcase classname="tests.test_step04_api.TestAllSichtungLevels" name="test_create_patient_with_valid_sichtung[S3]" time="0.000"><error message="failed on setup with &quot;requests.exceptions.MissingSchema: Invalid URL '/api/incidents': No scheme supplied. Perhaps you meant https:///api/incidents?&quot;">E   requests.exceptions.MissingSchema: Invalid URL '/api/incidents': No scheme supplied. Perhaps you meant https:///api/incidents?</error></testcase><testcase classname="tests.test_step05_transport_api.TestMetaVersion" name="test_meta_returns_version_050" time="0.000"><failure message="requests.exceptions.MissingSchema: Invalid URL '/api/meta': No scheme supplied. Perhaps you meant https:///api/meta?">E   requests.exceptions.MissingSchema: Invalid URL '/api/meta': No scheme supplied. Perhaps you meant https:///api/meta?</failure></testcase><testcase classname="tests.test_step05_transport_api.TestTransportListEndpoint" name="test_list_transports_returns_array" time="0.000"><error message="failed on setup with &quot;requests.exceptions.MissingSchema: Invalid URL '/api/incidents': No scheme supplied. Perhaps you meant https:///api/incidents?&quot;">E   requests.exceptions.MissingSchema: Invalid URL '/api/incidents': No scheme supplied. Perhaps you meant https:///api/incidents?</error></testcase><testcase classname="tests.test_step05_transport_api.TestTransportListEndpoint" name="test_list_transports_nonexistent_incident_returns_404" time="0.000"><failure message="requests.exceptions.MissingSchema: Invalid URL '/api/incidents/nonexistent-id/transports': No scheme supplied. Perhaps you meant https:///api/incidents/nonexistent-id/transports?">E   requests.exceptions.MissingSchema: Invalid URL '/api/incidents/nonexistent-id/transports': No scheme supplied. Perhaps you meant https:///api/incidents/nonexistent-id/transports?</failure></testcase><testcase classname="tests.test_step05_transport_api.TestTransportCreate" name="test_create_transport_without_ressource_status_offen" time="0.000"><error message="failed on setup with &quot;requests.exceptions.MissingSchema: Invalid URL '/api/incidents': No scheme supplied. Perhaps you meant https:///api/incidents?&quot;">E   requests.exceptions.MissingSchema: Invalid URL '/api/incidents': No scheme supplied. Perhaps you meant https:///api/incidents?</error></testcase><testcase classname="tests.test_step05_transport_api.TestTransportCreate" name="test_create_transport_with_ressource_status_zugewiesen" time="0.000"><error message="failed on setup with &quot;requests.exceptions.MissingSchema: Invalid URL '/api/incidents': No scheme supplied. Perhaps you meant https:///api/incidents?&quot;">E   requests.exceptions.MissingSchema: Invalid URL '/api/incidents': No scheme supplied. Perhaps you meant https:///api/incidents?</error></testcase><testcase classname="tests.test_step05_transport_api.TestTransportCreate" name="test_create_transport_with_patient_copies_kennung_sichtung" time="0.000"><error message="failed on setup with &quot;requests.exceptions.MissingSchema: Invalid URL '/api/incidents': No scheme supplied. Perhaps you meant https:///api/incidents?&quot;">E   requests.exceptions.MissingSchema: Invalid URL '/api/incidents': No scheme supplied. Perhaps you meant https:///api/incidents?</error></testcase><testcase classname="tests.test_step05_transport_api.TestTransportUpdate" name="test_patch_ressource_sets_status_zugewiesen" time="0.000"><error message="failed on setup with &quot;requests.exceptions.MissingSchema: Invalid URL '/api/incidents': No scheme supplied. Perhaps you meant https:///api/incidents?&quot;">E   requests.exceptions.MissingSchema: Invalid URL '/api/incidents': No scheme supplied. Perhaps you meant https:///api/incidents?</error></testcase><testcase classname="tests.test_step05_transport_api.TestTransportUpdate" name="test_patch_ressource_empty_removes_assignment" time="0.000"><error message="failed on setup with &quot;requests.exceptions.MissingSchema: Invalid URL '/api/incidents': No scheme supplied. Perhaps you meant https:///api/incidents?&quot;">E   requests.exceptions.MissingSchema: Invalid URL '/api/incidents': No scheme supplied. Perhaps you meant https:///api/incidents?</error></testcase><testcase classname="tests.test_step05_transport_api.TestTransportUpdate" name="test_patch_status_unterwegs_sets_gestartet_at" time="0.000"><error message="failed on setup with &quot;requests.exceptions.MissingSchema: Invalid URL '/api/incidents': No scheme supplied. Perhaps you meant https:///api/incidents?&quot;">E   requests.exceptions.MissingSchema: Invalid URL '/api/incidents': No scheme supplied. Perhaps you meant https:///api/incidents?</error></testcase><testcase classname="tests.test_step05_transport_api.TestTransportUpdate" name="test_patch_status_abgeschlossen_sets_abgeschlossen_at" time="0.000"><error message="failed on setup with &quot;requests.exceptions.MissingSchema: Invalid URL '/api/incidents': No scheme supplied. Perhaps you meant https:///api/incidents?&quot;">E   requests.exceptions.MissingSchema: Invalid URL '/api/incidents': No scheme supplied. Perhaps you meant https:///api/incidents?</error></testcase><testcase classname="tests.test_step05_transport_api.TestTransportUpdate" name="test_create_transport_on_planned_incident_returns_409" time="0.000"><failure message="requests.exceptions.MissingSchema: Invalid URL '/api/incidents': No scheme supplied. Perhaps you meant https:///api/incidents?">E   requests.exceptions.MissingSchema: Invalid URL '/api/incidents': No scheme supplied. Perhaps you meant https:///api/incidents?</failure></testcase><testcase classname="tests.test_step05_transport_api.TestTransportUpdate" name="test_patch_transport_on_planned_incident_returns_409" time="0.000"><failure message="requests.exceptions.MissingSchema: Invalid URL '/api/incidents': No scheme supplied. Perhaps you meant https:///api/incidents?">E   requests.exceptions.MissingSchema: Invalid URL '/api/incidents': No scheme supplied. Perhaps you meant https:///api/incidents?</failure></testcase><testcase classname="tests.test_step05_transport_api.TestTransportDelete" name="test_delete_transport_returns_204" time="0.000"><error message="failed on setup with &quot;requests.exceptions.MissingSchema: Invalid URL '/api/incidents': No scheme supplied. Perhaps you meant https:///api/incidents?&quot;">E   requests.exceptions.MissingSchema: Invalid URL '/api/incidents': No scheme supplied. Perhaps you meant https:///api/incidents?</error></testcase><testcase classname="tests.test_step05_transport_api.TestTransportDelete" name="test_delete_nonexistent_transport_returns_404" time="0.000"><failure message="requests.exceptions.MissingSchema: Invalid URL '/api/transports/nonexistent-id': No scheme supplied. Perhaps you meant https:///api/transports/nonexistent-id?">E   requests.exceptions.MissingSchema: Invalid URL '/api/transports/nonexistent-id': No scheme supplied. Perhaps you meant https:///api/transports/nonexistent-id?</failure></testcase><testcase classname="tests.test_step05_transport_api.TestAutoCreateTransport" name="test_create_patient_with_transport_typ_creates_transport" time="0.000"><error message="failed on setup with &quot;requests.exceptions.MissingSchema: Invalid URL '/api/incidents': No scheme supplied. Perhaps you meant https:///api/incidents?&quot;">E   requests.exceptions.MissingSchema: Invalid URL '/api/incidents': No scheme supplied. Perhaps you meant https:///api/incidents?</error></testcase><testcase classname="tests.test_step05_transport_api.TestAutoCreateTransport" name="test_patch_patient_transport_typ_intern_creates_transport" time="0.000"><error message="failed on setup with &quot;requests.exceptions.MissingSchema: Invalid URL '/api/incidents': No scheme supplied. Perhaps you meant https:///api/incidents?&quot;">E   requests.exceptions.MissingSchema: Invalid URL '/api/incidents': No scheme supplied. Perhaps you meant https:///api/incidents?</error></testcase><testcase classname="tests.test_step05_transport_api.TestAutoCreateTransport" name="test_patch_patient_transport_typ_extern_creates_transport" time="0.000"><error message="failed on setup with &quot;requests.exceptions.MissingSchema: Invalid URL '/api/incidents': No scheme supplied. Perhaps you meant https:///api/incidents?&quot;">E   requests.exceptions.MissingSchema: Invalid URL '/api/incidents': No scheme supplied. Perhaps you meant https:///api/incidents?</error></testcase><testcase classname="tests.test_step05_transport_api.TestAutoCreateTransport" name="test_patch_patient_transport_typ_retargets_transport_and_releases_old_resource" time="0.000"><error message="failed on setup with &quot;requests.exceptions.MissingSchema: Invalid URL '/api/incidents': No scheme supplied. Perhaps you meant https:///api/incidents?&quot;">E   requests.exceptions.MissingSchema: Invalid URL '/api/incidents': No scheme supplied. Perhaps you meant https:///api/incidents?</error></testcase><testcase classname="tests.test_step05_transport_api.TestAutoCompleteTransport" name="test_patch_patient_status_entlassen_completes_transports" time="0.000"><error message="failed on setup with &quot;requests.exceptions.MissingSchema: Invalid URL '/api/incidents': No scheme supplied. Perhaps you meant https:///api/incidents?&quot;">E   requests.exceptions.MissingSchema: Invalid URL '/api/incidents': No scheme supplied. Perhaps you meant https:///api/incidents?</error></testcase><testcase classname="tests.test_step05_transport_api.TestAutoCompleteTransport" name="test_patch_patient_status_uebergeben_completes_transports" time="0.000"><error message="failed on setup with &quot;requests.exceptions.MissingSchema: Invalid URL '/api/incidents': No scheme supplied. Perhaps you meant https:///api/incidents?&quot;">E   requests.exceptions.MissingSchema: Invalid URL '/api/incidents': No scheme supplied. Perhaps you meant https:///api/incidents?</error></testcase><testcase classname="tests.test_step05_transport_api.TestCascadeDelete" name="test_delete_incident_removes_transports" time="0.000"><failure message="requests.exceptions.MissingSchema: Invalid URL '/api/incidents': No scheme supplied. Perhaps you meant https:///api/incidents?">E   requests.exceptions.MissingSchema: Invalid URL '/api/incidents': No scheme supplied. Perhaps you meant https:///api/incidents?</failure></testcase><testcase classname="tests.test_step05_transport_api.TestTransportFiltering" name="test_filter_by_typ_intern" time="0.000"><error message="failed on setup with &quot;requests.exceptions.MissingSchema: Invalid URL '/api/incidents': No scheme supplied. Perhaps you meant https:///api/incidents?&quot;">E   requests.exceptions.MissingSchema: Invalid URL '/api/incidents': No scheme supplied. Perhaps you meant https:///api/incidents?</error></testcase><testcase classname="tests.test_step05_transport_api.TestTransportFiltering" name="test_filter_by_status_offen" time="0.000"><error message="failed on setup with &quot;requests.exceptions.MissingSchema: Invalid URL '/api/incidents': No scheme supplied. Perhaps you meant https:///api/incidents?&quot;">E   requests.exceptions.MissingSchema: Invalid URL '/api/incidents': No scheme supplied. Perhaps you meant https:///api/incidents?</error></testcase><testcase classname="tests.test_step06_resources_messages_konflikte.TestMeta" name="test_meta_version_060" time="0.000"><failure message="requests.exceptions.MissingSchema: Invalid URL '/api/meta': No scheme supplied. Perhaps you meant https:///api/meta?">E   requests.exceptions.MissingSchema: Invalid URL '/api/meta': No scheme supplied. Perhaps you meant https:///api/meta?</failure></testcase><testcase classname="tests.test_step06_resources_messages_konflikte.TestResourcesLazySeed" name="test_get_resources_lazy_seeds_9_defaults" time="0.000"><error message="failed on setup with &quot;requests.exceptions.MissingSchema: Invalid URL '/api/incidents': No scheme supplied. Perhaps you meant https:///api/incidents?&quot;">E   requests.exceptions.MissingSchema: Invalid URL '/api/incidents': No scheme supplied. Perhaps you meant https:///api/incidents?</error></testcase><testcase classname="tests.test_step06_resources_messages_konflikte.TestResourcesLazySeed" name="test_get_resources_second_call_no_duplicate_seed" time="0.000"><error message="failed on setup with &quot;requests.exceptions.MissingSchema: Invalid URL '/api/incidents': No scheme supplied. Perhaps you meant https:///api/incidents?&quot;">E   requests.exceptions.MissingSchema: Invalid URL '/api/incidents': No scheme supplied. Perhaps you meant https:///api/incidents?</error></testcase><testcase classname="tests.test_step06_resources_messages_konflikte.TestResourcesCRUD" name="test_create_resource" time="0.000"><error message="failed on setup with &quot;requests.exceptions.MissingSchema: Invalid URL '/api/incidents': No scheme supplied. Perhaps you meant https:///api/incidents?&quot;">E   requests.exceptions.MissingSchema: Invalid URL '/api/incidents': No scheme supplied. Perhaps you meant https:///api/incidents?</error></testcase><testcase classname="tests.test_step06_resources_messages_konflikte.TestResourcesCRUD" name="test_update_resource_status_wartung" time="0.000"><error message="failed on setup with &quot;requests.exceptions.MissingSchema: Invalid URL '/api/incidents': No scheme supplied. Perhaps you meant https:///api/incidents?&quot;">E   requests.exceptions.MissingSchema: Invalid URL '/api/incidents': No scheme supplied. Perhaps you meant https:///api/incidents?</error></testcase><testcase classname="tests.test_step06_resources_messages_konflikte.TestResourcesCRUD" name="test_delete_resource" time="0.000"><error message="failed on setup with &quot;requests.exceptions.MissingSchema: Invalid URL '/api/incidents': No scheme supplied. Perhaps you meant https:///api/incidents?&quot;">E   requests.exceptions.MissingSchema: Invalid URL '/api/incidents': No scheme supplied. Perhaps you meant https:///api/incidents?</error></testcase><testcase classname="tests.test_step06_resources_messages_konflikte.TestResourcesCRUD" name="test_filter_resources_by_typ_intern" time="0.000"><error message="failed on setup with &quot;requests.exceptions.MissingSchema: Invalid URL '/api/incidents': No scheme supplied. Perhaps you meant https:///api/incidents?&quot;">E   requests.exceptions.MissingSchema: Invalid URL '/api/incidents': No scheme supplied. Perhaps you meant https:///api/incidents?</error></testcase><testcase classname="tests.test_step06_resources_messages_konflikte.TestResourceStatusSync" name="test_transport_with_ressource_sets_resource_im_einsatz" time="0.000"><error message="failed on setup with &quot;requests.exceptions.MissingSchema: Invalid URL '/api/incidents': No scheme supplied. Perhaps you meant https:///api/incidents?&quot;">E   requests.exceptions.MissingSchema: Invalid URL '/api/incidents': No scheme supplied. Perhaps you meant https:///api/incidents?</error></testcase><testcase classname="tests.test_step06_resources_messages_konflikte.TestResourceStatusSync" name="test_transport_abgeschlossen_frees_resource" time="0.000"><error message="failed on setup with &quot;requests.exceptions.MissingSchema: Invalid URL '/api/incidents': No scheme supplied. Perhaps you meant https:///api/incidents?&quot;">E   requests.exceptions.MissingSchema: Invalid URL '/api/incidents': No scheme supplied. Perhaps you meant https:///api/incidents?</error></testcase><testcase classname="tests.test_step06_resources_messages_konflikte.TestMessagesCRUD" name="test_get_messages_empty_initially" time="0.000"><error message="failed on setup with &quot;requests.exceptions.MissingSchema: Invalid URL '/api/incidents': No scheme supplied. Perhaps you meant https:///api/incidents?&quot;">E   requests.exceptions.MissingSchema: Invalid URL '/api/incidents': No scheme supplied. Perhaps you meant https:///api/incidents?</error></testcase><testcase classname="tests.test_step06_resources_messages_konflikte.TestMessagesCRUD" name="test_create_message_with_prioritaet_kategorie_von" time="0.000"><error message="failed on setup with &quot;requests.exceptions.MissingSchema: Invalid URL '/api/incidents': No scheme supplied. Perhaps you meant https:///api/incidents?&quot;">E   requests.exceptions.MissingSchema: Invalid URL '/api/incidents': No scheme supplied. Perhaps you meant https:///api/incidents?</error></testcase><testcase classname="tests.test_step06_resources_messages_konflikte.TestMessagesCRUD" name="test_create_message_normal_priority" time="0.000"><error message="failed on setup with &quot;requests.exceptions.MissingSchema: Invalid URL '/api/incidents': No scheme supplied. Perhaps you meant https:///api/incidents?&quot;">E   requests.exceptions.MissingSchema: Invalid URL '/api/incidents': No scheme supplied. Perhaps you meant https:///api/incidents?</error></testcase><testcase classname="tests.test_step06_resources_messages_konflikte.TestMessagesCRUD" name="test_ack_message_sets_quittiert_at_and_von" time="0.000"><error message="failed on setup with &quot;requests.exceptions.MissingSchema: Invalid URL '/api/incidents': No scheme supplied. Perhaps you meant https:///api/incidents?&quot;">E   requests.exceptions.MissingSchema: Invalid URL '/api/incidents': No scheme supplied. Perhaps you meant https:///api/incidents?</error></testcase><testcase classname="tests.test_step06_resources_messages_konflikte.TestMessagesCRUD" name="test_get_messages_open_only_filter" time="0.000"><error message="failed on setup with &quot;requests.exceptions.MissingSchema: Invalid URL '/api/incidents': No scheme supplied. Perhaps you meant https:///api/incidents?&quot;">E   requests.exceptions.MissingSchema: Invalid URL '/api/incidents': No scheme supplied. Perhaps you meant https:///api/incidents?</error></testcase><testcase classname="tests.test_step06_resources_messages_konflikte.TestMessagesCRUD" name="test_delete_message" time="0.000"><error message="failed on setup with &quot;requests.exceptions.MissingSchema: Invalid URL '/api/incidents': No scheme supplied. Perhaps you meant https:///api/incidents?&quot;">E   requests.exceptions.MissingSchema: Invalid URL '/api/incidents': No scheme supplied. Perhaps you meant https:///api/incidents?</error></testcase><testcase classname="tests.test_step06_resources_messages_konflikte.TestKonflikteAutoDetect" name="test_get_konflikte_returns_array" time="0.000"><error message="failed on setup with &quot;requests.exceptions.MissingSchema: Invalid URL '/api/incidents': No scheme supplied. Perhaps you meant https:///api/incidents?&quot;">E   requests.exceptions.MissingSchema: Invalid URL '/api/incidents': No scheme supplied. Perhaps you meant https:///api/incidents?</error></testcase><testcase classname="tests.test_step06_resources_messages_konflikte.TestKonflikteAutoDetect" name="test_kritische_unquittierte_meldung_creates_rot_konflikt" time="0.000"><error message="failed on setup with &quot;requests.exceptions.MissingSchema: Invalid URL '/api/incidents': No scheme supplied. Perhaps you meant https:///api/incidents?&quot;">E   requests.exceptions.MissingSchema: Invalid URL '/api/incidents': No scheme supplied. Perhaps you meant https:///api/incidents?</error></testcase><testcase classname="tests.test_step06_resources_messages_konflikte.TestKonflikteAutoDetect" name="test_transport_offen_ohne_ressource_over_10min_creates_gelb_konflikt" time="0.000"><error message="failed on setup with &quot;requests.exceptions.MissingSchema: Invalid URL '/api/incidents': No scheme supplied. Perhaps you meant https:///api/incidents?&quot;">E   requests.exceptions.MissingSchema: Invalid URL '/api/incidents': No scheme supplied. Perhaps you meant https:///api/incidents?</error></testcase><testcase classname="tests.test_step06_resources_messages_konflikte.TestKonflikteAutoDetect" name="test_konflikte_sorted_rot_before_gelb" time="0.000"><error message="failed on setup with &quot;requests.exceptions.MissingSchema: Invalid URL '/api/incidents': No scheme supplied. Perhaps you meant https:///api/incidents?&quot;">E   requests.exceptions.MissingSchema: Invalid URL '/api/incidents': No scheme supplied. Perhaps you meant https:///api/incidents?</error></testcase><testcase classname="tests.test_step06_resources_messages_konflikte.TestCascadeDelete" name="test_delete_incident_removes_resources_and_messages" time="0.000"><failure message="requests.exceptions.MissingSchema: Invalid URL '/api/incidents': No scheme supplied. Perhaps you meant https:///api/incidents?">E   requests.exceptions.MissingSchema: Invalid URL '/api/incidents': No scheme supplied. Perhaps you meant https:///api/incidents?</failure></testcase><testcase classname="tests.test_step06_resources_messages_konflikte.TestResourcesNotFoundErrors" name="test_get_resources_nonexistent_incident_404" time="0.000"><failure message="requests.exceptions.MissingSchema: Invalid URL '/api/incidents/nonexistent-id/resources': No scheme supplied. Perhaps you meant https:///api/incidents/nonexistent-id/resources?">E   requests.exceptions.MissingSchema: Invalid URL '/api/incidents/nonexistent-id/resources': No scheme supplied. Perhaps you meant https:///api/incidents/nonexistent-id/resources?</failure></testcase><testcase classname="tests.test_step06_resources_messages_konflikte.TestResourcesNotFoundErrors" name="test_patch_resource_nonexistent_404" time="0.000"><failure message="requests.exceptions.MissingSchema: Invalid URL '/api/resources/nonexistent-id': No scheme supplied. Perhaps you meant https:///api/resources/nonexistent-id?">E   requests.exceptions.MissingSchema: Invalid URL '/api/resources/nonexistent-id': No scheme supplied. Perhaps you meant https:///api/resources/nonexistent-id?</failure></testcase><testcase classname="tests.test_step06_resources_messages_konflikte.TestResourcesNotFoundErrors" name="test_delete_resource_nonexistent_404" time="0.000"><failure message="requests.exceptions.MissingSchema: Invalid URL '/api/resources/nonexistent-id': No scheme supplied. Perhaps you meant https:///api/resources/nonexistent-id?">E   requests.exceptions.MissingSchema: Invalid URL '/api/resources/nonexistent-id': No scheme supplied. Perhaps you meant https:///api/resources/nonexistent-id?</failure></testcase><testcase classname="tests.test_step06_resources_messages_konflikte.TestMessagesNotFoundErrors" name="test_get_messages_nonexistent_incident_404" time="0.000"><failure message="requests.exceptions.MissingSchema: Invalid URL '/api/incidents/nonexistent-id/messages': No scheme supplied. Perhaps you meant https:///api/incidents/nonexistent-id/messages?">E   requests.exceptions.MissingSchema: Invalid URL '/api/incidents/nonexistent-id/messages': No scheme supplied. Perhaps you meant https:///api/incidents/nonexistent-id/messages?</failure></testcase><testcase classname="tests.test_step06_resources_messages_konflikte.TestMessagesNotFoundErrors" name="test_ack_message_nonexistent_404" time="0.000"><failure message="requests.exceptions.MissingSchema: Invalid URL '/api/messages/nonexistent-id/ack': No scheme supplied. Perhaps you meant https:///api/messages/nonexistent-id/ack?">E   requests.exceptions.MissingSchema: Invalid URL '/api/messages/nonexistent-id/ack': No scheme supplied. Perhaps you meant https:///api/messages/nonexistent-id/ack?</failure></testcase><testcase classname="tests.test_step06_resources_messages_konflikte.TestMessagesNotFoundErrors" name="test_delete_message_nonexistent_404" time="0.000"><failure message="requests.exceptions.MissingSchema: Invalid URL '/api/messages/nonexistent-id': No scheme supplied. Perhaps you meant https:///api/messages/nonexistent-id?">E   requests.exceptions.MissingSchema: Invalid URL '/api/messages/nonexistent-id': No scheme supplied. Perhaps you meant https:///api/messages/nonexistent-id?</failure></testcase><testcase classname="tests.test_step06_resources_messages_konflikte.TestKonflikteNotFoundErrors" name="test_get_konflikte_nonexistent_incident_404" time="0.000"><failure message="requests.exceptions.MissingSchema: Invalid URL '/api/incidents/nonexistent-id/konflikte': No scheme supplied. Perhaps you meant https:///api/incidents/nonexistent-id/konflikte?">E   requests.exceptions.MissingSchema: Invalid URL '/api/incidents/nonexistent-id/konflikte': No scheme supplied. Perhaps you meant https:///api/incidents/nonexistent-id/konflikte?</failure></testcase><testcase classname="tests.test_step07_09_role_demo_abschluss.TestDemoIncident" name="test_demo_incident_created" time="0.000"><error message="failed on setup with &quot;requests.exceptions.MissingSchema: Invalid URL '/api/incidents/demo': No scheme supplied. Perhaps you meant https:///api/incidents/demo?&quot;">E   requests.exceptions.MissingSchema: Invalid URL '/api/incidents/demo': No scheme supplied. Perhaps you meant https:///api/incidents/demo?</error></testcase><testcase classname="tests.test_step07_09_role_demo_abschluss.TestDemoIncident" name="test_demo_has_7_patients" time="0.000"><error message="failed on setup with &quot;requests.exceptions.MissingSchema: Invalid URL '/api/incidents/demo': No scheme supplied. Perhaps you meant https:///api/incidents/demo?&quot;">E   requests.exceptions.MissingSchema: Invalid URL '/api/incidents/demo': No scheme supplied. Perhaps you meant https:///api/incidents/demo?</error></testcase><testcase classname="tests.test_step07_09_role_demo_abschluss.TestDemoIncident" name="test_demo_has_2_transports" time="0.000"><error message="failed on setup with &quot;requests.exceptions.MissingSchema: Invalid URL '/api/incidents/demo': No scheme supplied. Perhaps you meant https:///api/incidents/demo?&quot;">E   requests.exceptions.MissingSchema: Invalid URL '/api/incidents/demo': No scheme supplied. Perhaps you meant https:///api/incidents/demo?</error></testcase><testcase classname="tests.test_step07_09_role_demo_abschluss.TestDemoIncident" name="test_demo_has_resources" time="0.000"><error message="failed on setup with &quot;requests.exceptions.MissingSchema: Invalid URL '/api/incidents/demo': No scheme supplied. Perhaps you meant https:///api/incidents/demo?&quot;">E   requests.exceptions.MissingSchema: Invalid URL '/api/incidents/demo': No scheme supplied. Perhaps you meant https:///api/incidents/demo?</error></testcase><testcase classname="tests.test_step07_09_role_demo_abschluss.TestDemoIncident" name="test_demo_has_messages" time="0.000"><error message="failed on setup with &quot;requests.exceptions.MissingSchema: Invalid URL '/api/incidents/demo': No scheme supplied. Perhaps you meant https:///api/incidents/demo?&quot;">E   requests.exceptions.MissingSchema: Invalid URL '/api/incidents/demo': No scheme supplied. Perhaps you meant https:///api/incidents/demo?</error></testcase><testcase classname="tests.test_step07_09_role_demo_abschluss.TestAuswertung" name="test_auswertung_structure" time="0.000"><error message="failed on setup with &quot;requests.exceptions.MissingSchema: Invalid URL '/api/incidents/demo': No scheme supplied. Perhaps you meant https:///api/incidents/demo?&quot;">E   requests.exceptions.MissingSchema: Invalid URL '/api/incidents/demo': No scheme supplied. Perhaps you meant https:///api/incidents/demo?</error></testcase><testcase classname="tests.test_step07_09_role_demo_abschluss.TestAuswertung" name="test_auswertung_patient_counts" time="0.000"><error message="failed on setup with &quot;requests.exceptions.MissingSchema: Invalid URL '/api/incidents/demo': No scheme supplied. Perhaps you meant https:///api/incidents/demo?&quot;">E   requests.exceptions.MissingSchema: Invalid URL '/api/incidents/demo': No scheme supplied. Perhaps you meant https:///api/incidents/demo?</error></testcase><testcase classname="tests.test_step07_09_role_demo_abschluss.TestAuswertung" name="test_auswertung_transporte" time="0.000"><error message="failed on setup with &quot;requests.exceptions.MissingSchema: Invalid URL '/api/incidents/demo': No scheme supplied. Perhaps you meant https:///api/incidents/demo?&quot;">E   requests.exceptions.MissingSchema: Invalid URL '/api/incidents/demo': No scheme supplied. Perhaps you meant https:///api/incidents/demo?</error></testcase><testcase classname="tests.test_step07_09_role_demo_abschluss.TestAuswertung" name="test_auswertung_metadaten_has_einsatzdauer" time="0.000"><error message="failed on setup with &quot;requests.exceptions.MissingSchema: Invalid URL '/api/incidents/demo': No scheme supplied. Perhaps you meant https:///api/incidents/demo?&quot;">E   requests.exceptions.MissingSchema: Invalid URL '/api/incidents/demo': No scheme supplied. Perhaps you meant https:///api/incidents/demo?</error></testcase><testcase classname="tests.test_step07_09_role_demo_abschluss.TestAbschlussCheck" name="test_abschluss_check_structure" time="0.000"><error message="failed on setup with &quot;requests.exceptions.MissingSchema: Invalid URL '/api/incidents/demo': No scheme supplied. Perhaps you meant https:///api/incidents/demo?&quot;">E   requests.exceptions.MissingSchema: Invalid URL '/api/incidents/demo': No scheme supplied. Perhaps you meant https:///api/incidents/demo?</error></testcase><testcase classname="tests.test_step07_09_role_demo_abschluss.TestAbschlussCheck" name="test_fresh_demo_not_ready_for_abschluss" time="0.000"><error message="failed on setup with &quot;requests.exceptions.MissingSchema: Invalid URL '/api/incidents/demo': No scheme supplied. Perhaps you meant https:///api/incidents/demo?&quot;">E   requests.exceptions.MissingSchema: Invalid URL '/api/incidents/demo': No scheme supplied. Perhaps you meant https:///api/incidents/demo?</error></testcase><testcase classname="tests.test_step07_09_role_demo_abschluss.TestReport" name="test_report_has_14_kapitel" time="0.000"><error message="failed on setup with &quot;requests.exceptions.MissingSchema: Invalid URL '/api/incidents/demo': No scheme supplied. Perhaps you meant https:///api/incidents/demo?&quot;">E   requests.exceptions.MissingSchema: Invalid URL '/api/incidents/demo': No scheme supplied. Perhaps you meant https:///api/incidents/demo?</error></testcase><testcase classname="tests.test_step07_09_role_demo_abschluss.TestReport" name="test_report_kapitel_titel" time="0.000"><error message="failed on setup with &quot;requests.exceptions.MissingSchema: Invalid URL '/api/incidents/demo': No scheme supplied. Perhaps you meant https:///api/incidents/demo?&quot;">E   requests.exceptions.MissingSchema: Invalid URL '/api/incidents/demo': No scheme supplied. Perhaps you meant https:///api/incidents/demo?</error></testcase><testcase classname="tests.test_step07_09_role_demo_abschluss.TestReportVersions" name="test_create_version_and_freigabe_metadata" time="0.000"><error message="failed on setup with &quot;requests.exceptions.MissingSchema: Invalid URL '/api/incidents/demo': No scheme supplied. Perhaps you meant https:///api/incidents/demo?&quot;">E   requests.exceptions.MissingSchema: Invalid URL '/api/incidents/demo': No scheme supplied. Perhaps you meant https:///api/incidents/demo?</error></testcase><testcase classname="tests.test_step07_09_role_demo_abschluss.TestReportVersions" name="test_list_versions" time="0.000"><error message="failed on setup with &quot;requests.exceptions.MissingSchema: Invalid URL '/api/incidents/demo': No scheme supplied. Perhaps you meant https:///api/incidents/demo?&quot;">E   requests.exceptions.MissingSchema: Invalid URL '/api/incidents/demo': No scheme supplied. Perhaps you meant https:///api/incidents/demo?</error></testcase><testcase classname="tests.test_step07_09_role_demo_abschluss.TestReportVersions" name="test_create_second_version_increments" time="0.000"><error message="failed on setup with &quot;requests.exceptions.MissingSchema: Invalid URL '/api/incidents/demo': No scheme supplied. Perhaps you meant https:///api/incidents/demo?&quot;">E   requests.exceptions.MissingSchema: Invalid URL '/api/incidents/demo': No scheme supplied. Perhaps you meant https:///api/incidents/demo?</error></testcase><testcase classname="tests.test_step07_09_role_demo_abschluss.TestPatchMeta" name="test_patch_meta_besondere_and_nachbearbeitung" time="0.000"><error message="failed on setup with &quot;requests.exceptions.MissingSchema: Invalid URL '/api/incidents/demo': No scheme supplied. Perhaps you meant https:///api/incidents/demo?&quot;">E   requests.exceptions.MissingSchema: Invalid URL '/api/incidents/demo': No scheme supplied. Perhaps you meant https:///api/incidents/demo?</error></testcase><testcase classname="tests.test_step07_09_role_demo_abschluss.TestNotFound" name="test_auswertung_404" time="0.000"><failure message="requests.exceptions.MissingSchema: Invalid URL '/api/incidents/nonexistent-xyz/auswertung': No scheme supplied. Perhaps you meant https:///api/incidents/nonexistent-xyz/auswertung?">E   requests.exceptions.MissingSchema: Invalid URL '/api/incidents/nonexistent-xyz/auswertung': No scheme supplied. Perhaps you meant https:///api/incidents/nonexistent-xyz/auswertung?</failure></testcase><testcase classname="tests.test_step07_09_role_demo_abschluss.TestNotFound" name="test_report_404" time="0.000"><failure message="requests.exceptions.MissingSchema: Invalid URL '/api/incidents/nonexistent-xyz/report': No scheme supplied. Perhaps you meant https:///api/incidents/nonexistent-xyz/report?">E   requests.exceptions.MissingSchema: Invalid URL '/api/incidents/nonexistent-xyz/report': No scheme supplied. Perhaps you meant https:///api/incidents/nonexistent-xyz/report?</failure></testcase><testcase classname="tests.test_step07_09_role_demo_abschluss.TestNotFound" name="test_abschluss_check_404" time="0.000"><failure message="requests.exceptions.MissingSchema: Invalid URL '/api/incidents/nonexistent-xyz/abschluss-check': No scheme supplied. Perhaps you meant https:///api/incidents/nonexistent-xyz/abschluss-check?">E   requests.exceptions.MissingSchema: Invalid URL '/api/incidents/nonexistent-xyz/abschluss-check': No scheme supplied. Perhaps you meant https:///api/incidents/nonexistent-xyz/abschluss-check?</failure></testcase><testcase classname="tests.test_step07_09_role_demo_abschluss.TestNotFound" name="test_patch_meta_404" time="0.000"><failure message="requests.exceptions.MissingSchema: Invalid URL '/api/incidents/nonexistent-xyz/meta': No scheme supplied. Perhaps you meant https:///api/incidents/nonexistent-xyz/meta?">E   requests.exceptions.MissingSchema: Invalid URL '/api/incidents/nonexistent-xyz/meta': No scheme supplied. Perhaps you meant https:///api/incidents/nonexistent-xyz/meta?</failure></testcase><testcase classname="tests.test_step10_12_abschnitte_betten.TestDemoSeed" name="test_demo_has_two_abschnitte" time="0.376" /><testcase classname="tests.test_step10_12_abschnitte_betten.TestDemoSeed" name="test_demo_resources_assigned_to_abschnitte" time="0.186" /><testcase classname="tests.test_step10_12_abschnitte_betten.TestDemoSeed" name="test_demo_has_six_betten_four_belegt" time="0.171" /><testcase classname="tests.test_step10_12_abschnitte_betten.TestAbschnittCRUD" name="test_create_get_update_list" time="0.951" /><testcase classname="tests.test_step10_12_abschnitte_betten.TestAbschnittCRUD" name="test_delete_active_incident_returns_409" time="0.419" /><testcase classname="tests.test_step10_12_abschnitte_betten.TestAbschnittCRUD" name="test_delete_after_incident_abgeschlossen" time="0.906" /><testcase classname="tests.test_step10_12_abschnitte_betten.TestBettCRUD" name="test_crud_and_bulk" time="0.735" /><testcase classname="tests.test_step10_12_abschnitte_betten.TestBettCRUD" name="test_assign_release_flow" time="1.277" /><testcase classname="tests.test_step10_12_abschnitte_betten.TestBettCRUD" name="test_gesperrt_cannot_be_assigned" time="0.587" /><testcase classname="tests.test_step10_12_abschnitte_betten.TestBettCRUD" name="test_patient_fallabschluss_releases_bett" time="0.915" /><testcase classname="tests.test_step10_12_abschnitte_betten.TestIntegrationSchritt12" name="test_auswertung_block_g_and_betten" time="0.176" /><testcase classname="tests.test_step10_12_abschnitte_betten.TestIntegrationSchritt12" name="test_abschluss_check_has_active_patient_blocker" time="0.234" /><testcase classname="tests.test_step10_12_abschnitte_betten.TestIntegrationSchritt12" name="test_abschluss_check_aktive_ohne_bett_blocker" time="0.356" /><testcase classname="tests.test_step10_12_abschnitte_betten.TestIntegrationSchritt12" name="test_report_chapters_include_abschnitte_betten" time="0.173" /><testcase classname="tests.test_step10_12_abschnitte_betten.TestRegression" name="test_demo_patients_transports_exist" time="0.705" /><testcase classname="tests.test_step13_funktagebuch" name="test_create_message_with_new_fields" time="0.000"><error message="failed on setup with &quot;requests.exceptions.MissingSchema: Invalid URL '/api/incidents': No scheme supplied. Perhaps you meant https:///api/incidents?&quot;">E   requests.exceptions.MissingSchema: Invalid URL '/api/incidents': No scheme supplied. Perhaps you meant https:///api/incidents?</error></testcase><testcase classname="tests.test_step13_funktagebuch" name="test_list_messages_filters" time="0.000"><error message="failed on setup with &quot;requests.exceptions.MissingSchema: Invalid URL '/api/incidents': No scheme supplied. Perhaps you meant https:///api/incidents?&quot;">E   requests.exceptions.MissingSchema: Invalid URL '/api/incidents': No scheme supplied. Perhaps you meant https:///api/incidents?</error></testcase><testcase classname="tests.test_step13_funktagebuch" name="test_confirm_message" time="0.000"><error message="failed on setup with &quot;requests.exceptions.MissingSchema: Invalid URL '/api/incidents': No scheme supplied. Perhaps you meant https:///api/incidents?&quot;">E   requests.exceptions.MissingSchema: Invalid URL '/api/incidents': No scheme supplied. Perhaps you meant https:///api/incidents?</error></testcase><testcase classname="tests.test_step13_funktagebuch" name="test_finalize_and_lock" time="0.000"><error message="failed on setup with &quot;requests.exceptions.MissingSchema: Invalid URL '/api/incidents': No scheme supplied. Perhaps you meant https:///api/incidents?&quot;">E   requests.exceptions.MissingSchema: Invalid URL '/api/incidents': No scheme supplied. Perhaps you meant https:///api/incidents?</error></testcase><testcase classname="tests.test_step13_funktagebuch" name="test_patient_creation_creates_system_entry" time="0.000"><error message="failed on setup with &quot;requests.exceptions.MissingSchema: Invalid URL '/api/incidents': No scheme supplied. Perhaps you meant https:///api/incidents?&quot;">E   requests.exceptions.MissingSchema: Invalid URL '/api/incidents': No scheme supplied. Perhaps you meant https:///api/incidents?</error></testcase><testcase classname="tests.test_step13_funktagebuch" name="test_patient_fallabschluss_logs_system_entry" time="0.000"><error message="failed on setup with &quot;requests.exceptions.MissingSchema: Invalid URL '/api/incidents': No scheme supplied. Perhaps you meant https:///api/incidents?&quot;">E   requests.exceptions.MissingSchema: Invalid URL '/api/incidents': No scheme supplied. Perhaps you meant https:///api/incidents?</error></testcase><testcase classname="tests.test_step13_funktagebuch" name="test_transport_status_change_logs_system_entry" time="0.000"><error message="failed on setup with &quot;requests.exceptions.MissingSchema: Invalid URL '/api/incidents': No scheme supplied. Perhaps you meant https:///api/incidents?&quot;">E   requests.exceptions.MissingSchema: Invalid URL '/api/incidents': No scheme supplied. Perhaps you meant https:///api/incidents?</error></testcase><testcase classname="tests.test_step13_funktagebuch" name="test_demo_seed_has_four_initial_funk_entries" time="0.000"><error message="failed on setup with &quot;requests.exceptions.MissingSchema: Invalid URL '/api/incidents/demo': No scheme supplied. Perhaps you meant https:///api/incidents/demo?&quot;">E   requests.exceptions.MissingSchema: Invalid URL '/api/incidents/demo': No scheme supplied. Perhaps you meant https:///api/incidents/demo?</error></testcase><testcase classname="tests.test_step13_funktagebuch" name="test_resource_crud" time="0.000"><error message="failed on setup with &quot;requests.exceptions.MissingSchema: Invalid URL '/api/incidents': No scheme supplied. Perhaps you meant https:///api/incidents?&quot;">E   requests.exceptions.MissingSchema: Invalid URL '/api/incidents': No scheme supplied. Perhaps you meant https:///api/incidents?</error></testcase></testsuite></testsuites>