<?xml version="1.0" encoding="utf-8"?><testsuites name="pytest tests"><testsuite name="pytest" errors="0" failures="0" skipped="0" tests="22" time="3.201" timestamp="2026-04-19T07:52:35.226292+00:00" hostname="agent-env-f2aa99c3-f906-484a-b1ef-e2fc7b1dfb8b"><testcase classname="backend.tests.test_patients_api.TestPatientCreation" name="test_create_patient_without_payload_defaults" time="0.255" /><testcase classname="backend.tests.test_patients_api.TestPatientCreation" name="test_create_patient_with_sichtung_s1" time="0.098" /><testcase classname="backend.tests.test_patients_api.TestPatientCreation" name="test_create_patient_with_sichtung_s2" time="0.121" /><testcase classname="backend.tests.test_patients_api.TestPatientCreation" name="test_create_patient_with_sichtung_s3" time="0.104" /><testcase classname="backend.tests.test_patients_api.TestPatientCreation" name="test_create_patient_with_sichtung_s4" time="0.100" /><testcase classname="backend.tests.test_patients_api.TestPatientCreation" name="test_create_patient_invalid_sichtung_returns_422" time="0.052" /><testcase classname="backend.tests.test_patients_api.TestPatientCreation" name="test_create_patient_invalid_incident_returns_404" time="0.049" /><testcase classname="backend.tests.test_patients_api.TestPatientAutoKennung" name="test_auto_kennung_sequential" time="0.200" /><testcase classname="backend.tests.test_patients_api.TestPatientList" name="test_list_patients_returns_array" time="0.049" /><testcase classname="backend.tests.test_patients_api.TestPatientList" name="test_list_patients_filter_by_sichtung" time="0.329" /><testcase classname="backend.tests.test_patients_api.TestPatientList" name="test_list_patients_filter_by_status" time="0.245" /><testcase classname="backend.tests.test_patients_api.TestPatientList" name="test_list_patients_invalid_incident_returns_404" time="0.050" /><testcase classname="backend.tests.test_patients_api.TestPatientUpdate" name="test_update_status_transportbereit_sets_timestamp" time="0.148" /><testcase classname="backend.tests.test_patients_api.TestPatientUpdate" name="test_update_status_entlassen_sets_fallabschluss" time="0.141" /><testcase classname="backend.tests.test_patients_api.TestPatientUpdate" name="test_update_status_uebergeben_sets_fallabschluss" time="0.146" /><testcase classname="backend.tests.test_patients_api.TestPatientUpdate" name="test_update_sichtung_on_unsichtiert_patient_sets_timestamps" time="0.147" /><testcase classname="backend.tests.test_patients_api.TestPatientUpdate" name="test_update_patient_not_found" time="0.047" /><testcase classname="backend.tests.test_patients_api.TestPatientDelete" name="test_delete_patient_returns_204" time="0.144" /><testcase classname="backend.tests.test_patients_api.TestPatientDelete" name="test_delete_patient_not_found" time="0.047" /><testcase classname="backend.tests.test_patients_api.TestIncidentDeleteCascade" name="test_delete_incident_removes_patients" time="0.379" /><testcase classname="backend.tests.test_patients_api.TestPatientGet" name="test_get_patient_by_id" time="0.150" /><testcase classname="backend.tests.test_patients_api.TestPatientGet" name="test_get_patient_not_found" time="0.092" /></testsuite></testsuites>