<?xml version="1.0" encoding="utf-8"?><testsuites name="pytest tests"><testsuite name="pytest" errors="0" failures="0" skipped="0" tests="27" time="3.283" timestamp="2026-04-19T08:50:17.758351+00:00" hostname="agent-env-f2aa99c3-f906-484a-b1ef-e2fc7b1dfb8b"><testcase classname="backend.tests.test_step06_resources_messages_konflikte.TestMeta" name="test_meta_version_060" time="0.205" /><testcase classname="backend.tests.test_step06_resources_messages_konflikte.TestResourcesLazySeed" name="test_get_resources_lazy_seeds_9_defaults" time="0.098" /><testcase classname="backend.tests.test_step06_resources_messages_konflikte.TestResourcesLazySeed" name="test_get_resources_second_call_no_duplicate_seed" time="0.049" /><testcase classname="backend.tests.test_step06_resources_messages_konflikte.TestResourcesCRUD" name="test_create_resource" time="0.096" /><testcase classname="backend.tests.test_step06_resources_messages_konflikte.TestResourcesCRUD" name="test_update_resource_status_wartung" time="0.150" /><testcase classname="backend.tests.test_step06_resources_messages_konflikte.TestResourcesCRUD" name="test_delete_resource" time="0.144" /><testcase classname="backend.tests.test_step06_resources_messages_konflikte.TestResourcesCRUD" name="test_filter_resources_by_typ_intern" time="0.048" /><testcase classname="backend.tests.test_step06_resources_messages_konflikte.TestResourceStatusSync" name="test_transport_with_ressource_sets_resource_im_einsatz" time="0.374" /><testcase classname="backend.tests.test_step06_resources_messages_konflikte.TestResourceStatusSync" name="test_transport_abgeschlossen_frees_resource" time="0.473" /><testcase classname="backend.tests.test_step06_resources_messages_konflikte.TestMessagesCRUD" name="test_get_messages_empty_initially" time="0.050" /><testcase classname="backend.tests.test_step06_resources_messages_konflikte.TestMessagesCRUD" name="test_create_message_with_prioritaet_kategorie_von" time="0.047" /><testcase classname="backend.tests.test_step06_resources_messages_konflikte.TestMessagesCRUD" name="test_create_message_normal_priority" time="0.047" /><testcase classname="backend.tests.test_step06_resources_messages_konflikte.TestMessagesCRUD" name="test_ack_message_sets_quittiert_at_and_von" time="0.096" /><testcase classname="backend.tests.test_step06_resources_messages_konflikte.TestMessagesCRUD" name="test_get_messages_open_only_filter" time="0.137" /><testcase classname="backend.tests.test_step06_resources_messages_konflikte.TestMessagesCRUD" name="test_delete_message" time="0.140" /><testcase classname="backend.tests.test_step06_resources_messages_konflikte.TestKonflikteAutoDetect" name="test_get_konflikte_returns_array" time="0.048" /><testcase classname="backend.tests.test_step06_resources_messages_konflikte.TestKonflikteAutoDetect" name="test_kritische_unquittierte_meldung_creates_rot_konflikt" time="0.144" /><testcase classname="backend.tests.test_step06_resources_messages_konflikte.TestKonflikteAutoDetect" name="test_transport_offen_ohne_ressource_over_10min_creates_gelb_konflikt" time="0.159" /><testcase classname="backend.tests.test_step06_resources_messages_konflikte.TestKonflikteAutoDetect" name="test_konflikte_sorted_rot_before_gelb" time="0.048" /><testcase classname="backend.tests.test_step06_resources_messages_konflikte.TestCascadeDelete" name="test_delete_incident_removes_resources_and_messages" time="0.242" /><testcase classname="backend.tests.test_step06_resources_messages_konflikte.TestResourcesNotFoundErrors" name="test_get_resources_nonexistent_incident_404" time="0.049" /><testcase classname="backend.tests.test_step06_resources_messages_konflikte.TestResourcesNotFoundErrors" name="test_patch_resource_nonexistent_404" time="0.047" /><testcase classname="backend.tests.test_step06_resources_messages_konflikte.TestResourcesNotFoundErrors" name="test_delete_resource_nonexistent_404" time="0.047" /><testcase classname="backend.tests.test_step06_resources_messages_konflikte.TestMessagesNotFoundErrors" name="test_get_messages_nonexistent_incident_404" time="0.045" /><testcase classname="backend.tests.test_step06_resources_messages_konflikte.TestMessagesNotFoundErrors" name="test_ack_message_nonexistent_404" time="0.050" /><testcase classname="backend.tests.test_step06_resources_messages_konflikte.TestMessagesNotFoundErrors" name="test_delete_message_nonexistent_404" time="0.045" /><testcase classname="backend.tests.test_step06_resources_messages_konflikte.TestKonflikteNotFoundErrors" name="test_get_konflikte_nonexistent_incident_404" time="0.094" /></testsuite></testsuites>