<?xml version="1.0" encoding="utf-8"?><testsuites name="pytest tests"><testsuite name="pytest" errors="0" failures="0" skipped="0" tests="14" time="10.608" timestamp="2026-05-16T07:53:13.988476+00:00" hostname="agent-env-f2aa99c3-f906-484a-b1ef-e2fc7b1dfb8b"><testcase classname="tests.test_fms_revert.TestRevertViaAcknowledgeEndpoint" name="test_from_fms_4_with_divera_id_sets_revert_and_resource" time="0.946" /><testcase classname="tests.test_fms_revert.TestRevertViaAcknowledgeEndpoint" name="test_from_fms_null_no_revert_target" time="0.271" /><testcase classname="tests.test_fms_revert.TestRevertViaAcknowledgeEndpoint" name="test_from_fms_alert_code_no_revert" time="0.246" /><testcase classname="tests.test_fms_revert.TestRevertViaAcknowledgeEndpoint" name="test_from_fms_4_without_divera_id_local_revert_only" time="0.213" /><testcase classname="tests.test_fms_revert.TestRevertViaAcknowledgeEndpoint" name="test_from_fms_2_verfuegbar_revert_to_status_verfuegbar" time="0.247" /><testcase classname="tests.test_fms_revert.TestRevertViaAcknowledgeEndpoint" name="test_ack_unknown_event_returns_404" time="0.137" /><testcase classname="tests.test_fms_revert.TestRevertViaAcknowledgeEndpoint" name="test_ack_helfer_returns_403" time="0.223" /><testcase classname="tests.test_fms_revert.TestRevertViaAcknowledgeEndpoint" name="test_double_ack_returns_409" time="0.361" /><testcase classname="tests.test_fms_revert.TestRevertViaAcknowledgeEndpoint" name="test_non_alert_event_returns_409" time="0.215" /><testcase classname="tests.test_fms_revert.TestFmsEventsListExposesRevertFields" name="test_listing_after_ack_contains_revert_fields" time="0.400" /><testcase classname="tests.test_fms_revert.TestSseFmsRevertedEvent" name="test_sse_resource_fms_reverted_after_ack" time="6.918" /><testcase classname="tests.test_fms_revert.TestSetVehicleStatusUnit" name="test_set_vehicle_status_calls_fms_endpoint" time="0.013" /><testcase classname="tests.test_fms_revert.TestSetVehicleStatusUnit" name="test_set_vehicle_status_raises_on_success_false" time="0.000" /><testcase classname="tests.test_fms_revert.TestSetVehicleStatusUnit" name="test_set_vehicle_status_missing_divera_id_raises" time="0.176" /></testsuite></testsuites>